#
# There is insufficient memory for the Java Runtime Environment to continue.
# Native memory allocation (malloc) failed to allocate 1936720 bytes. Error detail: Chunk::new
# Possible reasons:
#   The system is out of physical RAM or swap space
#   This process is running with CompressedOops enabled, and the Java Heap may be blocking the growth of the native heap
# Possible solutions:
#   Reduce memory load on the system
#   Increase physical memory or swap space
#   Check if swap backing store is full
#   Decrease Java heap size (-Xmx/-Xms)
#   Decrease number of Java threads
#   Decrease Java thread stack sizes (-Xss)
#   Set larger code cache with -XX:ReservedCodeCacheSize=
#   JVM is running with Unscaled Compressed Oops mode in which the Java heap is
#     placed in the first 4GB address space. The Java Heap base address is the
#     maximum limit for the native heap growth. Please use -XX:HeapBaseMinAddress
#     to set the Java Heap base and to place the Java Heap above 4GB virtual address.
# This output file may be truncated or incomplete.
#
#  Out of Memory Error (arena.cpp:168), pid=15892, tid=19760
#
# JRE version: OpenJDK Runtime Environment Temurin-21.0.5+11 (21.0.5+11) (build 21.0.5+11-LTS)
# Java VM: OpenJDK 64-Bit Server VM Temurin-21.0.5+11 (21.0.5+11-LTS, mixed mode, sharing, tiered, compressed oops, compressed class ptrs, parallel gc, windows-amd64)
# No core dump will be written. Minidumps are not enabled by default on client versions of Windows
#

---------------  S U M M A R Y ------------

Command Line: --add-modules=ALL-SYSTEM --add-opens=java.base/java.util=ALL-UNNAMED --add-opens=java.base/java.lang=ALL-UNNAMED --add-opens=java.base/sun.nio.fs=ALL-UNNAMED -Declipse.application=org.eclipse.jdt.ls.core.id1 -Dosgi.bundles.defaultStartLevel=4 -Declipse.product=org.eclipse.jdt.ls.core.product -Djava.import.generatesMetadataFilesAtProjectRoot=false -DDetectVMInstallationsJob.disabled=true -Dfile.encoding=utf8 -XX:+UseParallelGC -XX:GCTimeRatio=4 -XX:AdaptiveSizePolicyWeight=90 -Dsun.zip.disableMemoryMapping=true -Xmx1G -Xms100m -Xlog:disable -javaagent:c:\Users\dactu\.vscode\extensions\redhat.java-1.39.0-win32-x64\lombok\lombok-1.18.34.jar -XX:+HeapDumpOnOutOfMemoryError -XX:HeapDumpPath=c:\Users\dactu\AppData\Roaming\Code\User\workspaceStorage\9217f2b1335fecc31439a6670a3411e0\redhat.java -Daether.dependencyCollector.impl=bf c:\Users\dactu\.vscode\extensions\redhat.java-1.39.0-win32-x64\server\plugins\org.eclipse.equinox.launcher_1.6.900.v20240613-2009.jar -configuration c:\Users\dactu\AppData\Roaming\Code\User\globalStorage\redhat.java\1.39.0\config_win -data c:\Users\dactu\AppData\Roaming\Code\User\workspaceStorage\9217f2b1335fecc31439a6670a3411e0\redhat.java\jdt_ws --pipe=\\.\pipe\lsp-868650a170010f25c836c900d743e990-sock

Host: 11th Gen Intel(R) Core(TM) i5-11300H @ 3.10GHz, 8 cores, 15G,  Windows 11 , 64 bit Build 26100 (10.0.26100.3037)
Time: Mon Feb 24 10:42:21 2025 SE Asia Standard Time elapsed time: 24.815514 seconds (0d 0h 0m 24s)

---------------  T H R E A D  ---------------

Current thread (0x000001c4f9045a70):  JavaThread "C2 CompilerThread1" daemon [_thread_in_native, id=19760, stack(0x0000001a6f300000,0x0000001a6f400000) (1024K)]


Current CompileTask:
C2:24815 4681   !   4       org.eclipse.osgi.internal.loader.classpath.ClasspathManager::findClassImpl (308 bytes)

Stack: [0x0000001a6f300000,0x0000001a6f400000]
Native frames: (J=compiled Java code, j=interpreted, Vv=VM code, C=native code)
V  [jvm.dll+0x6cd4e9]
V  [jvm.dll+0x8a7941]
V  [jvm.dll+0x8a9e6e]
V  [jvm.dll+0x8aa543]
V  [jvm.dll+0x27f6d6]
V  [jvm.dll+0xc500d]
V  [jvm.dll+0xc5543]
V  [jvm.dll+0x3b660c]
V  [jvm.dll+0x1dffe9]
V  [jvm.dll+0x247b22]
V  [jvm.dll+0x246faf]
V  [jvm.dll+0x1c75ce]
V  [jvm.dll+0x25682a]
V  [jvm.dll+0x254dca]
V  [jvm.dll+0x3f00d6]
V  [jvm.dll+0x8514fb]
V  [jvm.dll+0x6cbbed]
C  [ucrtbase.dll+0x37b0]
C  [KERNEL32.DLL+0x2e8d7]
C  [ntdll.dll+0xbbf2c]


---------------  P R O C E S S  ---------------

Threads class SMR info:
_java_thread_list=0x000001c4f7907f10, length=28, elements={
0x000001c49aae9a50, 0x000001c4af7ffda0, 0x000001c4af803490, 0x000001c4af806d30,
0x000001c4af807be0, 0x000001c4af80a8c0, 0x000001c4af80b310, 0x000001c4f2354370,
0x000001c4f2364360, 0x000001c4f2458010, 0x000001c4f27c0000, 0x000001c4f2c0b830,
0x000001c4f70b7000, 0x000001c4f2df6f80, 0x000001c4f2491890, 0x000001c4f7285460,
0x000001c4f76a8800, 0x000001c4f755c060, 0x000001c4f2c7aa00, 0x000001c4f2c7bdb0,
0x000001c4f2c7b720, 0x000001c4f2c7cad0, 0x000001c4f2c7b090, 0x000001c4f9045a70,
0x000001c4f2c79ce0, 0x000001c4f2c79650, 0x000001c4f9047c80, 0x000001c4f2c7a370
}

Java Threads: ( => current thread )
  0x000001c49aae9a50 JavaThread "main"                              [_thread_blocked, id=19148, stack(0x0000001a6d700000,0x0000001a6d800000) (1024K)]
  0x000001c4af7ffda0 JavaThread "Reference Handler"          daemon [_thread_blocked, id=18632, stack(0x0000001a6db00000,0x0000001a6dc00000) (1024K)]
  0x000001c4af803490 JavaThread "Finalizer"                  daemon [_thread_blocked, id=18692, stack(0x0000001a6dc00000,0x0000001a6dd00000) (1024K)]
  0x000001c4af806d30 JavaThread "Signal Dispatcher"          daemon [_thread_blocked, id=19312, stack(0x0000001a6dd00000,0x0000001a6de00000) (1024K)]
  0x000001c4af807be0 JavaThread "Attach Listener"            daemon [_thread_blocked, id=18820, stack(0x0000001a6de00000,0x0000001a6df00000) (1024K)]
  0x000001c4af80a8c0 JavaThread "Service Thread"             daemon [_thread_blocked, id=19380, stack(0x0000001a6df00000,0x0000001a6e000000) (1024K)]
  0x000001c4af80b310 JavaThread "Monitor Deflation Thread"   daemon [_thread_blocked, id=19376, stack(0x0000001a6e000000,0x0000001a6e100000) (1024K)]
  0x000001c4f2354370 JavaThread "C2 CompilerThread0"         daemon [_thread_in_native, id=18796, stack(0x0000001a6e100000,0x0000001a6e200000) (1024K)]
  0x000001c4f2364360 JavaThread "C1 CompilerThread0"         daemon [_thread_blocked, id=16228, stack(0x0000001a6e200000,0x0000001a6e300000) (1024K)]
  0x000001c4f2458010 JavaThread "Common-Cleaner"             daemon [_thread_blocked, id=18752, stack(0x0000001a6e300000,0x0000001a6e400000) (1024K)]
  0x000001c4f27c0000 JavaThread "Notification Thread"        daemon [_thread_blocked, id=19336, stack(0x0000001a6e500000,0x0000001a6e600000) (1024K)]
  0x000001c4f2c0b830 JavaThread "Active Thread: Equinox Container: c5779cde-0da0-4b8b-b402-ddf30a5edef5"        [_thread_blocked, id=9340, stack(0x0000001a6ed00000,0x0000001a6ee00000) (1024K)]
  0x000001c4f70b7000 JavaThread "Refresh Thread: Equinox Container: c5779cde-0da0-4b8b-b402-ddf30a5edef5" daemon [_thread_blocked, id=9552, stack(0x0000001a6e400000,0x0000001a6e500000) (1024K)]
  0x000001c4f2df6f80 JavaThread "Framework Event Dispatcher: Equinox Container: c5779cde-0da0-4b8b-b402-ddf30a5edef5" daemon [_thread_blocked, id=11364, stack(0x0000001a6e600000,0x0000001a6e700000) (1024K)]
  0x000001c4f2491890 JavaThread "Start Level: Equinox Container: c5779cde-0da0-4b8b-b402-ddf30a5edef5" daemon [_thread_in_vm, id=19452, stack(0x0000001a6ef00000,0x0000001a6f000000) (1024K)]
  0x000001c4f7285460 JavaThread "Bundle File Closer"         daemon [_thread_blocked, id=19280, stack(0x0000001a6f000000,0x0000001a6f100000) (1024K)]
  0x000001c4f76a8800 JavaThread "SCR Component Actor"        daemon [_thread_blocked, id=19568, stack(0x0000001a6f100000,0x0000001a6f200000) (1024K)]
  0x000001c4f755c060 JavaThread "SCR Component Registry"     daemon [_thread_blocked, id=17552, stack(0x0000001a6f200000,0x0000001a6f300000) (1024K)]
  0x000001c4f2c7aa00 JavaThread "Worker-JM"                         [_thread_blocked, id=2528, stack(0x0000001a6f400000,0x0000001a6f500000) (1024K)]
  0x000001c4f2c7bdb0 JavaThread "JNA Cleaner"                daemon [_thread_blocked, id=16672, stack(0x0000001a6f500000,0x0000001a6f600000) (1024K)]
  0x000001c4f2c7b720 JavaThread "Worker-0: Repository registry initialization"        [_thread_in_Java, id=19796, stack(0x0000001a6f600000,0x0000001a6f700000) (1024K)]
  0x000001c4f2c7cad0 JavaThread "Worker-1: Building"                [_thread_in_native, id=19784, stack(0x0000001a6f700000,0x0000001a6f800000) (1024K)]
  0x000001c4f2c7b090 JavaThread "Worker-2: Processing Java changes since last activation"        [_thread_blocked, id=18120, stack(0x0000001a6f800000,0x0000001a6f900000) (1024K)]
=>0x000001c4f9045a70 JavaThread "C2 CompilerThread1"         daemon [_thread_in_native, id=19760, stack(0x0000001a6f300000,0x0000001a6f400000) (1024K)]
  0x000001c4f2c79ce0 JavaThread "Java indexing"              daemon [_thread_blocked, id=19592, stack(0x0000001a6f900000,0x0000001a6fa00000) (1024K)]
  0x000001c4f2c79650 JavaThread "Worker-3"                          [_thread_blocked, id=19852, stack(0x0000001a6fa00000,0x0000001a6fb00000) (1024K)]
  0x000001c4f9047c80 JavaThread "C2 CompilerThread2"         daemon [_thread_in_native, id=19848, stack(0x0000001a6fb00000,0x0000001a6fc00000) (1024K)]
  0x000001c4f2c7a370 JavaThread "Worker-4"                          [_thread_blocked, id=19788, stack(0x0000001a6fc00000,0x0000001a6fd00000) (1024K)]
Total: 28

Other Threads:
  0x000001c4af7f3d20 VMThread "VM Thread"                           [id=19436, stack(0x0000001a6da00000,0x0000001a6db00000) (1024K)]
  0x000001c49ab56f90 WatcherThread "VM Periodic Task Thread"        [id=18672, stack(0x0000001a6d900000,0x0000001a6da00000) (1024K)]
  0x000001c49ab074b0 WorkerThread "GC Thread#0"                     [id=19216, stack(0x0000001a6d800000,0x0000001a6d900000) (1024K)]
  0x000001c4f2b2b4c0 WorkerThread "GC Thread#1"                     [id=5260, stack(0x0000001a6e700000,0x0000001a6e800000) (1024K)]
  0x000001c4f2d0aa10 WorkerThread "GC Thread#2"                     [id=3204, stack(0x0000001a6e800000,0x0000001a6e900000) (1024K)]
  0x000001c4f2e21620 WorkerThread "GC Thread#3"                     [id=16724, stack(0x0000001a6e900000,0x0000001a6ea00000) (1024K)]
  0x000001c4f2e219c0 WorkerThread "GC Thread#4"                     [id=16732, stack(0x0000001a6ea00000,0x0000001a6eb00000) (1024K)]
  0x000001c4f2d07440 WorkerThread "GC Thread#5"                     [id=17344, stack(0x0000001a6eb00000,0x0000001a6ec00000) (1024K)]
  0x000001c4f2d077e0 WorkerThread "GC Thread#6"                     [id=16564, stack(0x0000001a6ec00000,0x0000001a6ed00000) (1024K)]
  0x000001c4f24914f0 WorkerThread "GC Thread#7"                     [id=17884, stack(0x0000001a6ee00000,0x0000001a6ef00000) (1024K)]
Total: 10

Threads with active compile tasks:
C2 CompilerThread0  24848 4861   !   4       org.eclipse.osgi.internal.loader.classpath.ClasspathManager::findLocalClass (210 bytes)
C2 CompilerThread1  24848 4681   !   4       org.eclipse.osgi.internal.loader.classpath.ClasspathManager::findClassImpl (308 bytes)
C2 CompilerThread2  24848 4933       4       org.eclipse.osgi.internal.serviceregistry.ServiceRegistry::notifyHooksPrivileged (58 bytes)
Total: 3

VM state: not at safepoint (normal execution)

VM Mutex/Monitor currently owned by a thread: None

Heap address: 0x00000000c0000000, size: 1024 MB, Compressed Oops mode: 32-bit

CDS archive(s) mapped at: [0x000001c4b0000000-0x000001c4b0ba0000-0x000001c4b0ba0000), size 12189696, SharedBaseAddress: 0x000001c4b0000000, ArchiveRelocationMode: 1.
Compressed class space mapped at: 0x000001c4b1000000-0x000001c4f1000000, reserved size: 1073741824
Narrow klass base: 0x000001c4b0000000, Narrow klass shift: 0, Narrow klass range: 0x100000000

GC Precious Log:
 CardTable entry size: 512
 CPUs: 8 total, 8 available
 Memory: 16073M
 Large Page Support: Disabled
 NUMA Support: Disabled
 Compressed Oops: Enabled (32-bit)
 Alignments: Space 512K, Generation 512K, Heap 2M
 Heap Min Capacity: 100M
 Heap Initial Capacity: 100M
 Heap Max Capacity: 1G
 Pre-touch: Disabled
 Parallel Workers: 8

Heap:
 PSYoungGen      total 24576K, used 22506K [0x00000000eab00000, 0x00000000ec700000, 0x0000000100000000)
  eden space 22528K, 93% used [0x00000000eab00000,0x00000000ebf78f98,0x00000000ec100000)
  from space 2048K, 75% used [0x00000000ec180000,0x00000000ec3018b0,0x00000000ec380000)
  to   space 2560K, 0% used [0x00000000ec480000,0x00000000ec480000,0x00000000ec700000)
 ParOldGen       total 68608K, used 16107K [0x00000000c0000000, 0x00000000c4300000, 0x00000000eab00000)
  object space 68608K, 23% used [0x00000000c0000000,0x00000000c0fbaf00,0x00000000c4300000)
 Metaspace       used 33663K, committed 34816K, reserved 1114112K
  class space    used 3350K, committed 3840K, reserved 1048576K

Card table byte_map: [0x000001c4ad0a0000,0x000001c4ad2b0000] _byte_map_base: 0x000001c4acaa0000

Marking Bits: (ParMarkBitMap*) 0x00007ffb69b52250
 Begin Bits: [0x000001c4ad410000, 0x000001c4ae410000)
 End Bits:   [0x000001c4ae410000, 0x000001c4af410000)

Polling page: 0x000001c499260000

Metaspace:

Usage:
  Non-class:     29.60 MB used.
      Class:      3.27 MB used.
       Both:     32.87 MB used.

Virtual space:
  Non-class space:       64.00 MB reserved,      30.25 MB ( 47%) committed,  1 nodes.
      Class space:        1.00 GB reserved,       3.75 MB ( <1%) committed,  1 nodes.
             Both:        1.06 GB reserved,      34.00 MB (  3%) committed. 

Chunk freelists:
   Non-Class:  1.28 MB
       Class:  12.29 MB
        Both:  13.57 MB

MaxMetaspaceSize: unlimited
CompressedClassSpaceSize: 1.00 GB
Initial GC threshold: 21.00 MB
Current GC threshold: 35.00 MB
CDS: on
 - commit_granule_bytes: 65536.
 - commit_granule_words: 8192.
 - virtual_space_node_default_size: 8388608.
 - enlarge_chunks_in_place: 1.
 - use_allocation_guard: 0.


Internal statistics:

num_allocs_failed_limit: 3.
num_arena_births: 810.
num_arena_deaths: 14.
num_vsnodes_births: 2.
num_vsnodes_deaths: 0.
num_space_committed: 544.
num_space_uncommitted: 0.
num_chunks_returned_to_freelist: 17.
num_chunks_taken_from_freelist: 2299.
num_chunk_merges: 4.
num_chunk_splits: 1433.
num_chunks_enlarged: 803.
num_inconsistent_stats: 0.

CodeHeap 'non-profiled nmethods': size=120000Kb used=2277Kb max_used=2277Kb free=117722Kb
 bounds [0x000001c4a5990000, 0x000001c4a5c00000, 0x000001c4acec0000]
CodeHeap 'profiled nmethods': size=120000Kb used=10590Kb max_used=10590Kb free=109409Kb
 bounds [0x000001c49dec0000, 0x000001c49e920000, 0x000001c4a53f0000]
CodeHeap 'non-nmethods': size=5760Kb used=1353Kb max_used=1399Kb free=4406Kb
 bounds [0x000001c4a53f0000, 0x000001c4a5660000, 0x000001c4a5990000]
 total_blobs=5639 nmethods=5003 adapters=541
 compilation: enabled
              stopped_count=0, restarted_count=0
 full_count=0

Compilation events (20 events):
Event: 23.801 Thread 0x000001c4f2364360 nmethod 4966 0x000001c49e8dfa10 code [0x000001c49e8dfc00, 0x000001c49e8e0078]
Event: 23.803 Thread 0x000001c4f2364360 4967       3       org.eclipse.core.internal.registry.BaseExtensionHandle::getExtension (18 bytes)
Event: 23.803 Thread 0x000001c4f2364360 nmethod 4967 0x000001c49e8e0210 code [0x000001c49e8e03c0, 0x000001c49e8e0730]
Event: 23.804 Thread 0x000001c4f2364360 4968       3       org.eclipse.osgi.internal.framework.FilterImpl$Parser::parse_substring (227 bytes)
Event: 23.807 Thread 0x000001c4f2364360 nmethod 4968 0x000001c49e8e0810 code [0x000001c49e8e0be0, 0x000001c49e8e2838]
Event: 23.807 Thread 0x000001c4f2364360 4971       3       java.lang.reflect.Constructor::getParameterCount (6 bytes)
Event: 23.807 Thread 0x000001c4f2364360 nmethod 4971 0x000001c49e8e3390 code [0x000001c49e8e3520, 0x000001c49e8e3638]
Event: 23.807 Thread 0x000001c4f2364360 4970   !   3       org.eclipse.osgi.internal.serviceregistry.ServiceRegistrationImpl::getProperties (17 bytes)
Event: 23.807 Thread 0x000001c4f2364360 nmethod 4970 0x000001c49e8e3710 code [0x000001c49e8e38c0, 0x000001c49e8e3ac0]
Event: 23.807 Thread 0x000001c4f2364360 4969       3       java.lang.invoke.MethodType::genericMethodType (6 bytes)
Event: 23.808 Thread 0x000001c4f2364360 nmethod 4969 0x000001c49e8e3b90 code [0x000001c49e8e3d40, 0x000001c49e8e3e60]
Event: 23.808 Thread 0x000001c4f2364360 4972       3       java.lang.reflect.Method::getParameterTypes (11 bytes)
Event: 23.809 Thread 0x000001c4f2364360 nmethod 4972 0x000001c49e8e3f10 code [0x000001c49e8e40c0, 0x000001c49e8e4388]
Event: 23.809 Thread 0x000001c4f2364360 4973       3       java.lang.Class::privateGetDeclaredFields (64 bytes)
Event: 23.809 Thread 0x000001c4f2364360 nmethod 4973 0x000001c49e8e4490 code [0x000001c49e8e46c0, 0x000001c49e8e4df0]
Event: 23.809 Thread 0x000001c4f2364360 4974       3       com.google.inject.internal.DeclaredMembers$$Lambda/0x000001c4b139d000::apply (8 bytes)
Event: 23.809 Thread 0x000001c4f2364360 nmethod 4974 0x000001c49e8e5010 code [0x000001c49e8e51c0, 0x000001c49e8e53e0]
Event: 23.810 Thread 0x000001c4f2364360 4975   !   3       java.lang.ClassLoader::addClass (27 bytes)
Event: 23.811 Thread 0x000001c4f2364360 nmethod 4975 0x000001c49e8e5490 code [0x000001c49e8e5680, 0x000001c49e8e5c70]
Event: 23.849 Thread 0x000001c4f2364360 4976 %     3       java.util.zip.ZipFile$Source::initCEN @ 261 (612 bytes)

GC Heap History (20 events):
Event: 16.932 GC heap before
{Heap before GC invocations=3 (full 0):
 PSYoungGen      total 29696K, used 29668K [0x00000000eab00000, 0x00000000ecc00000, 0x0000000100000000)
  eden space 25600K, 100% used [0x00000000eab00000,0x00000000ec400000,0x00000000ec400000)
  from space 4096K, 99% used [0x00000000ec800000,0x00000000ecbf91b8,0x00000000ecc00000)
  to   space 4096K, 0% used [0x00000000ec400000,0x00000000ec400000,0x00000000ec800000)
 ParOldGen       total 68608K, used 1641K [0x00000000c0000000, 0x00000000c4300000, 0x00000000eab00000)
  object space 68608K, 2% used [0x00000000c0000000,0x00000000c019a6a8,0x00000000c4300000)
 Metaspace       used 9181K, committed 9600K, reserved 1114112K
  class space    used 918K, committed 1088K, reserved 1048576K
}
Event: 16.937 GC heap after
{Heap after GC invocations=3 (full 0):
 PSYoungGen      total 29696K, used 4082K [0x00000000eab00000, 0x00000000ecc00000, 0x0000000100000000)
  eden space 25600K, 0% used [0x00000000eab00000,0x00000000eab00000,0x00000000ec400000)
  from space 4096K, 99% used [0x00000000ec400000,0x00000000ec7fc9f8,0x00000000ec800000)
  to   space 4096K, 0% used [0x00000000ec800000,0x00000000ec800000,0x00000000ecc00000)
 ParOldGen       total 68608K, used 5752K [0x00000000c0000000, 0x00000000c4300000, 0x00000000eab00000)
  object space 68608K, 8% used [0x00000000c0000000,0x00000000c059e308,0x00000000c4300000)
 Metaspace       used 9181K, committed 9600K, reserved 1114112K
  class space    used 918K, committed 1088K, reserved 1048576K
}
Event: 20.883 GC heap before
{Heap before GC invocations=4 (full 0):
 PSYoungGen      total 29696K, used 29682K [0x00000000eab00000, 0x00000000ecc00000, 0x0000000100000000)
  eden space 25600K, 100% used [0x00000000eab00000,0x00000000ec400000,0x00000000ec400000)
  from space 4096K, 99% used [0x00000000ec400000,0x00000000ec7fc9f8,0x00000000ec800000)
  to   space 4096K, 0% used [0x00000000ec800000,0x00000000ec800000,0x00000000ecc00000)
 ParOldGen       total 68608K, used 5752K [0x00000000c0000000, 0x00000000c4300000, 0x00000000eab00000)
  object space 68608K, 8% used [0x00000000c0000000,0x00000000c059e308,0x00000000c4300000)
 Metaspace       used 12513K, committed 12992K, reserved 1114112K
  class space    used 1255K, committed 1472K, reserved 1048576K
}
Event: 20.887 GC heap after
{Heap after GC invocations=4 (full 0):
 PSYoungGen      total 29696K, used 4093K [0x00000000eab00000, 0x00000000ecc00000, 0x0000000100000000)
  eden space 25600K, 0% used [0x00000000eab00000,0x00000000eab00000,0x00000000ec400000)
  from space 4096K, 99% used [0x00000000ec800000,0x00000000ecbff4c8,0x00000000ecc00000)
  to   space 4096K, 0% used [0x00000000ec400000,0x00000000ec400000,0x00000000ec800000)
 ParOldGen       total 68608K, used 6628K [0x00000000c0000000, 0x00000000c4300000, 0x00000000eab00000)
  object space 68608K, 9% used [0x00000000c0000000,0x00000000c0679370,0x00000000c4300000)
 Metaspace       used 12513K, committed 12992K, reserved 1114112K
  class space    used 1255K, committed 1472K, reserved 1048576K
}
Event: 21.472 GC heap before
{Heap before GC invocations=5 (full 0):
 PSYoungGen      total 29696K, used 29693K [0x00000000eab00000, 0x00000000ecc00000, 0x0000000100000000)
  eden space 25600K, 100% used [0x00000000eab00000,0x00000000ec400000,0x00000000ec400000)
  from space 4096K, 99% used [0x00000000ec800000,0x00000000ecbff4c8,0x00000000ecc00000)
  to   space 4096K, 0% used [0x00000000ec400000,0x00000000ec400000,0x00000000ec800000)
 ParOldGen       total 68608K, used 6628K [0x00000000c0000000, 0x00000000c4300000, 0x00000000eab00000)
  object space 68608K, 9% used [0x00000000c0000000,0x00000000c0679370,0x00000000c4300000)
 Metaspace       used 16313K, committed 16960K, reserved 1114112K
  class space    used 1601K, committed 1856K, reserved 1048576K
}
Event: 21.475 GC heap after
{Heap after GC invocations=5 (full 0):
 PSYoungGen      total 29184K, used 4083K [0x00000000eab00000, 0x00000000ecf80000, 0x0000000100000000)
  eden space 25088K, 0% used [0x00000000eab00000,0x00000000eab00000,0x00000000ec380000)
  from space 4096K, 99% used [0x00000000ec400000,0x00000000ec7fce70,0x00000000ec800000)
  to   space 6144K, 0% used [0x00000000ec980000,0x00000000ec980000,0x00000000ecf80000)
 ParOldGen       total 68608K, used 8430K [0x00000000c0000000, 0x00000000c4300000, 0x00000000eab00000)
  object space 68608K, 12% used [0x00000000c0000000,0x00000000c083b890,0x00000000c4300000)
 Metaspace       used 16313K, committed 16960K, reserved 1114112K
  class space    used 1601K, committed 1856K, reserved 1048576K
}
Event: 22.050 GC heap before
{Heap before GC invocations=6 (full 0):
 PSYoungGen      total 29184K, used 29171K [0x00000000eab00000, 0x00000000ecf80000, 0x0000000100000000)
  eden space 25088K, 100% used [0x00000000eab00000,0x00000000ec380000,0x00000000ec380000)
  from space 4096K, 99% used [0x00000000ec400000,0x00000000ec7fce70,0x00000000ec800000)
  to   space 6144K, 0% used [0x00000000ec980000,0x00000000ec980000,0x00000000ecf80000)
 ParOldGen       total 68608K, used 8430K [0x00000000c0000000, 0x00000000c4300000, 0x00000000eab00000)
  object space 68608K, 12% used [0x00000000c0000000,0x00000000c083b890,0x00000000c4300000)
 Metaspace       used 18889K, committed 19712K, reserved 1114112K
  class space    used 1891K, committed 2240K, reserved 1048576K
}
Event: 22.053 GC heap after
{Heap after GC invocations=6 (full 0):
 PSYoungGen      total 28672K, used 4056K [0x00000000eab00000, 0x00000000ecd80000, 0x0000000100000000)
  eden space 24576K, 0% used [0x00000000eab00000,0x00000000eab00000,0x00000000ec300000)
  from space 4096K, 99% used [0x00000000ec980000,0x00000000ecd76060,0x00000000ecd80000)
  to   space 5120K, 0% used [0x00000000ec380000,0x00000000ec380000,0x00000000ec880000)
 ParOldGen       total 68608K, used 8438K [0x00000000c0000000, 0x00000000c4300000, 0x00000000eab00000)
  object space 68608K, 12% used [0x00000000c0000000,0x00000000c083d890,0x00000000c4300000)
 Metaspace       used 18889K, committed 19712K, reserved 1114112K
  class space    used 1891K, committed 2240K, reserved 1048576K
}
Event: 22.273 GC heap before
{Heap before GC invocations=7 (full 0):
 PSYoungGen      total 28672K, used 17095K [0x00000000eab00000, 0x00000000ecd80000, 0x0000000100000000)
  eden space 24576K, 53% used [0x00000000eab00000,0x00000000eb7bbd30,0x00000000ec300000)
  from space 4096K, 99% used [0x00000000ec980000,0x00000000ecd76060,0x00000000ecd80000)
  to   space 5120K, 0% used [0x00000000ec380000,0x00000000ec380000,0x00000000ec880000)
 ParOldGen       total 68608K, used 8438K [0x00000000c0000000, 0x00000000c4300000, 0x00000000eab00000)
  object space 68608K, 12% used [0x00000000c0000000,0x00000000c083d890,0x00000000c4300000)
 Metaspace       used 20585K, committed 21504K, reserved 1114112K
  class space    used 2101K, committed 2496K, reserved 1048576K
}
Event: 22.276 GC heap after
{Heap after GC invocations=7 (full 0):
 PSYoungGen      total 28672K, used 3719K [0x00000000eab00000, 0x00000000ecb00000, 0x0000000100000000)
  eden space 24576K, 0% used [0x00000000eab00000,0x00000000eab00000,0x00000000ec300000)
  from space 4096K, 90% used [0x00000000ec380000,0x00000000ec721d20,0x00000000ec780000)
  to   space 3584K, 0% used [0x00000000ec780000,0x00000000ec780000,0x00000000ecb00000)
 ParOldGen       total 68608K, used 9741K [0x00000000c0000000, 0x00000000c4300000, 0x00000000eab00000)
  object space 68608K, 14% used [0x00000000c0000000,0x00000000c09836f8,0x00000000c4300000)
 Metaspace       used 20585K, committed 21504K, reserved 1114112K
  class space    used 2101K, committed 2496K, reserved 1048576K
}
Event: 22.276 GC heap before
{Heap before GC invocations=8 (full 1):
 PSYoungGen      total 28672K, used 3719K [0x00000000eab00000, 0x00000000ecb00000, 0x0000000100000000)
  eden space 24576K, 0% used [0x00000000eab00000,0x00000000eab00000,0x00000000ec300000)
  from space 4096K, 90% used [0x00000000ec380000,0x00000000ec721d20,0x00000000ec780000)
  to   space 3584K, 0% used [0x00000000ec780000,0x00000000ec780000,0x00000000ecb00000)
 ParOldGen       total 68608K, used 9741K [0x00000000c0000000, 0x00000000c4300000, 0x00000000eab00000)
  object space 68608K, 14% used [0x00000000c0000000,0x00000000c09836f8,0x00000000c4300000)
 Metaspace       used 20585K, committed 21504K, reserved 1114112K
  class space    used 2101K, committed 2496K, reserved 1048576K
}
Event: 22.305 GC heap after
{Heap after GC invocations=8 (full 1):
 PSYoungGen      total 28672K, used 0K [0x00000000eab00000, 0x00000000ecb00000, 0x0000000100000000)
  eden space 24576K, 0% used [0x00000000eab00000,0x00000000eab00000,0x00000000ec300000)
  from space 4096K, 0% used [0x00000000ec380000,0x00000000ec380000,0x00000000ec780000)
  to   space 3584K, 0% used [0x00000000ec780000,0x00000000ec780000,0x00000000ecb00000)
 ParOldGen       total 68608K, used 12842K [0x00000000c0000000, 0x00000000c4300000, 0x00000000eab00000)
  object space 68608K, 18% used [0x00000000c0000000,0x00000000c0c8aa28,0x00000000c4300000)
 Metaspace       used 20573K, committed 21504K, reserved 1114112K
  class space    used 2097K, committed 2496K, reserved 1048576K
}
Event: 22.593 GC heap before
{Heap before GC invocations=9 (full 1):
 PSYoungGen      total 28672K, used 24576K [0x00000000eab00000, 0x00000000ecb00000, 0x0000000100000000)
  eden space 24576K, 100% used [0x00000000eab00000,0x00000000ec300000,0x00000000ec300000)
  from space 4096K, 0% used [0x00000000ec380000,0x00000000ec380000,0x00000000ec780000)
  to   space 3584K, 0% used [0x00000000ec780000,0x00000000ec780000,0x00000000ecb00000)
 ParOldGen       total 68608K, used 12842K [0x00000000c0000000, 0x00000000c4300000, 0x00000000eab00000)
  object space 68608K, 18% used [0x00000000c0000000,0x00000000c0c8aa28,0x00000000c4300000)
 Metaspace       used 22660K, committed 23616K, reserved 1114112K
  class space    used 2266K, committed 2688K, reserved 1048576K
}
Event: 22.594 GC heap after
{Heap after GC invocations=9 (full 1):
 PSYoungGen      total 25088K, used 844K [0x00000000eab00000, 0x00000000ec880000, 0x0000000100000000)
  eden space 24064K, 0% used [0x00000000eab00000,0x00000000eab00000,0x00000000ec280000)
  from space 1024K, 82% used [0x00000000ec780000,0x00000000ec8531c0,0x00000000ec880000)
  to   space 2048K, 0% used [0x00000000ec480000,0x00000000ec480000,0x00000000ec680000)
 ParOldGen       total 68608K, used 12850K [0x00000000c0000000, 0x00000000c4300000, 0x00000000eab00000)
  object space 68608K, 18% used [0x00000000c0000000,0x00000000c0c8ca28,0x00000000c4300000)
 Metaspace       used 22660K, committed 23616K, reserved 1114112K
  class space    used 2266K, committed 2688K, reserved 1048576K
}
Event: 22.890 GC heap before
{Heap before GC invocations=10 (full 1):
 PSYoungGen      total 25088K, used 24908K [0x00000000eab00000, 0x00000000ec880000, 0x0000000100000000)
  eden space 24064K, 100% used [0x00000000eab00000,0x00000000ec280000,0x00000000ec280000)
  from space 1024K, 82% used [0x00000000ec780000,0x00000000ec8531c0,0x00000000ec880000)
  to   space 2048K, 0% used [0x00000000ec480000,0x00000000ec480000,0x00000000ec680000)
 ParOldGen       total 68608K, used 12850K [0x00000000c0000000, 0x00000000c4300000, 0x00000000eab00000)
  object space 68608K, 18% used [0x00000000c0000000,0x00000000c0c8ca28,0x00000000c4300000)
 Metaspace       used 26366K, committed 27328K, reserved 1114112K
  class space    used 2532K, committed 2944K, reserved 1048576K
}
Event: 22.892 GC heap after
{Heap after GC invocations=10 (full 1):
 PSYoungGen      total 25600K, used 1058K [0x00000000eab00000, 0x00000000ec800000, 0x0000000100000000)
  eden space 23552K, 0% used [0x00000000eab00000,0x00000000eab00000,0x00000000ec200000)
  from space 2048K, 51% used [0x00000000ec480000,0x00000000ec588a78,0x00000000ec680000)
  to   space 1536K, 0% used [0x00000000ec680000,0x00000000ec680000,0x00000000ec800000)
 ParOldGen       total 68608K, used 12858K [0x00000000c0000000, 0x00000000c4300000, 0x00000000eab00000)
  object space 68608K, 18% used [0x00000000c0000000,0x00000000c0c8ea28,0x00000000c4300000)
 Metaspace       used 26366K, committed 27328K, reserved 1114112K
  class space    used 2532K, committed 2944K, reserved 1048576K
}
Event: 23.183 GC heap before
{Heap before GC invocations=11 (full 1):
 PSYoungGen      total 25600K, used 24610K [0x00000000eab00000, 0x00000000ec800000, 0x0000000100000000)
  eden space 23552K, 100% used [0x00000000eab00000,0x00000000ec200000,0x00000000ec200000)
  from space 2048K, 51% used [0x00000000ec480000,0x00000000ec588a78,0x00000000ec680000)
  to   space 1536K, 0% used [0x00000000ec680000,0x00000000ec680000,0x00000000ec800000)
 ParOldGen       total 68608K, used 12858K [0x00000000c0000000, 0x00000000c4300000, 0x00000000eab00000)
  object space 68608K, 18% used [0x00000000c0000000,0x00000000c0c8ea28,0x00000000c4300000)
 Metaspace       used 28008K, committed 28992K, reserved 1114112K
  class space    used 2649K, committed 3072K, reserved 1048576K
}
Event: 23.185 GC heap after
{Heap after GC invocations=11 (full 1):
 PSYoungGen      total 24576K, used 1531K [0x00000000eab00000, 0x00000000ec980000, 0x0000000100000000)
  eden space 23040K, 0% used [0x00000000eab00000,0x00000000eab00000,0x00000000ec180000)
  from space 1536K, 99% used [0x00000000ec680000,0x00000000ec7feda0,0x00000000ec800000)
  to   space 4096K, 0% used [0x00000000ec180000,0x00000000ec180000,0x00000000ec580000)
 ParOldGen       total 68608K, used 14602K [0x00000000c0000000, 0x00000000c4300000, 0x00000000eab00000)
  object space 68608K, 21% used [0x00000000c0000000,0x00000000c0e42918,0x00000000c4300000)
 Metaspace       used 28008K, committed 28992K, reserved 1114112K
  class space    used 2649K, committed 3072K, reserved 1048576K
}
Event: 23.621 GC heap before
{Heap before GC invocations=12 (full 1):
 PSYoungGen      total 24576K, used 24571K [0x00000000eab00000, 0x00000000ec980000, 0x0000000100000000)
  eden space 23040K, 100% used [0x00000000eab00000,0x00000000ec180000,0x00000000ec180000)
  from space 1536K, 99% used [0x00000000ec680000,0x00000000ec7feda0,0x00000000ec800000)
  to   space 4096K, 0% used [0x00000000ec180000,0x00000000ec180000,0x00000000ec580000)
 ParOldGen       total 68608K, used 14602K [0x00000000c0000000, 0x00000000c4300000, 0x00000000eab00000)
  object space 68608K, 21% used [0x00000000c0000000,0x00000000c0e42918,0x00000000c4300000)
 Metaspace       used 31102K, committed 32256K, reserved 1114112K
  class space    used 3005K, committed 3520K, reserved 1048576K
}
Event: 23.623 GC heap after
{Heap after GC invocations=12 (full 1):
 PSYoungGen      total 24576K, used 1542K [0x00000000eab00000, 0x00000000ec700000, 0x0000000100000000)
  eden space 22528K, 0% used [0x00000000eab00000,0x00000000eab00000,0x00000000ec100000)
  from space 2048K, 75% used [0x00000000ec180000,0x00000000ec3018b0,0x00000000ec380000)
  to   space 2560K, 0% used [0x00000000ec480000,0x00000000ec480000,0x00000000ec700000)
 ParOldGen       total 68608K, used 16107K [0x00000000c0000000, 0x00000000c4300000, 0x00000000eab00000)
  object space 68608K, 23% used [0x00000000c0000000,0x00000000c0fbaf00,0x00000000c4300000)
 Metaspace       used 31102K, committed 32256K, reserved 1114112K
  class space    used 3005K, committed 3520K, reserved 1048576K
}

Dll operation events (10 events):
Event: 0.110 Loaded shared library c:\Users\dactu\.vscode\extensions\redhat.java-1.39.0-win32-x64\jre\21.0.5-win32-x86_64\bin\java.dll
Event: 0.235 Loaded shared library c:\Users\dactu\.vscode\extensions\redhat.java-1.39.0-win32-x64\jre\21.0.5-win32-x86_64\bin\zip.dll
Event: 0.318 Loaded shared library C:\Users\dactu\.vscode\extensions\redhat.java-1.39.0-win32-x64\jre\21.0.5-win32-x86_64\bin\instrument.dll
Event: 0.323 Loaded shared library C:\Users\dactu\.vscode\extensions\redhat.java-1.39.0-win32-x64\jre\21.0.5-win32-x86_64\bin\net.dll
Event: 0.328 Loaded shared library C:\Users\dactu\.vscode\extensions\redhat.java-1.39.0-win32-x64\jre\21.0.5-win32-x86_64\bin\nio.dll
Event: 0.331 Loaded shared library C:\Users\dactu\.vscode\extensions\redhat.java-1.39.0-win32-x64\jre\21.0.5-win32-x86_64\bin\zip.dll
Event: 0.409 Loaded shared library C:\Users\dactu\.vscode\extensions\redhat.java-1.39.0-win32-x64\jre\21.0.5-win32-x86_64\bin\jimage.dll
Event: 0.505 Loaded shared library c:\Users\dactu\.vscode\extensions\redhat.java-1.39.0-win32-x64\jre\21.0.5-win32-x86_64\bin\verify.dll
Event: 6.761 Loaded shared library C:\Users\dactu\AppData\Roaming\Code\User\globalStorage\redhat.java\1.39.0\config_win\org.eclipse.equinox.launcher\org.eclipse.equinox.launcher.win32.win32.x86_64_1.2.1100.v20240722-2106\eclipse_11904.dll
Event: 21.468 Loaded shared library C:\Users\dactu\AppData\Local\Temp\jna-95340679\jna14860525554061619642.dll

Deoptimization events (20 events):
Event: 23.533 Thread 0x000001c4f2c7cad0 DEOPT PACKING pc=0x000001c49e860326 sp=0x0000001a6f7fd7b0
Event: 23.533 Thread 0x000001c4f2c7cad0 DEOPT UNPACKING pc=0x000001c4a54478e2 sp=0x0000001a6f7fcca8 mode 0
Event: 23.533 Thread 0x000001c4f2c7cad0 DEOPT PACKING pc=0x000001c49e860326 sp=0x0000001a6f7fd7b0
Event: 23.533 Thread 0x000001c4f2c7cad0 DEOPT UNPACKING pc=0x000001c4a54478e2 sp=0x0000001a6f7fcca8 mode 0
Event: 23.549 Thread 0x000001c4f2c7cad0 Uncommon trap: trap_request=0xffffff45 fr.pc=0x000001c4a5b27c34 relative=0x0000000000001d54
Event: 23.549 Thread 0x000001c4f2c7cad0 Uncommon trap: reason=unstable_if action=reinterpret pc=0x000001c4a5b27c34 method=sun.nio.fs.WindowsPathParser.nextNonSlash(Ljava/lang/String;II)I @ 2 c2
Event: 23.549 Thread 0x000001c4f2c7cad0 DEOPT PACKING pc=0x000001c4a5b27c34 sp=0x0000001a6f7fd3b0
Event: 23.549 Thread 0x000001c4f2c7cad0 DEOPT UNPACKING pc=0x000001c4a5446da2 sp=0x0000001a6f7fd340 mode 2
Event: 23.553 Thread 0x000001c4f2c7cad0 Uncommon trap: trap_request=0xffffffc6 fr.pc=0x000001c4a5b437c4 relative=0x00000000000009c4
Event: 23.553 Thread 0x000001c4f2c7cad0 Uncommon trap: reason=bimorphic_or_optimized_type_check action=maybe_recompile pc=0x000001c4a5b437c4 method=java.io.BufferedInputStream.implRead([BII)I @ 100 c2
Event: 23.553 Thread 0x000001c4f2c7cad0 DEOPT PACKING pc=0x000001c4a5b437c4 sp=0x0000001a6f7fddd0
Event: 23.553 Thread 0x000001c4f2c7cad0 DEOPT UNPACKING pc=0x000001c4a5446da2 sp=0x0000001a6f7fdda8 mode 2
Event: 23.651 Thread 0x000001c4f2491890 Uncommon trap: trap_request=0xffffff45 fr.pc=0x000001c4a5ad0c54 relative=0x00000000000002f4
Event: 23.651 Thread 0x000001c4f2491890 Uncommon trap: reason=unstable_if action=reinterpret pc=0x000001c4a5ad0c54 method=java.util.Properties.getProperty(Ljava/lang/String;)Ljava/lang/String; @ 36 c2
Event: 23.651 Thread 0x000001c4f2491890 DEOPT PACKING pc=0x000001c4a5ad0c54 sp=0x0000001a6effe6b0
Event: 23.651 Thread 0x000001c4f2491890 DEOPT UNPACKING pc=0x000001c4a5446da2 sp=0x0000001a6effe658 mode 2
Event: 23.756 Thread 0x000001c4f2c7b720 Uncommon trap: trap_request=0xffffff45 fr.pc=0x000001c4a5a659d0 relative=0x00000000000008b0
Event: 23.756 Thread 0x000001c4f2c7b720 Uncommon trap: reason=unstable_if action=reinterpret pc=0x000001c4a5a659d0 method=jdk.internal.org.objectweb.asm.SymbolTable.put(Ljdk/internal/org/objectweb/asm/SymbolTable$Entry;)Ljdk/internal/org/objectweb/asm/SymbolTable$Entry; @ 13 c2
Event: 23.756 Thread 0x000001c4f2c7b720 DEOPT PACKING pc=0x000001c4a5a659d0 sp=0x0000001a6f6fd680
Event: 23.756 Thread 0x000001c4f2c7b720 DEOPT UNPACKING pc=0x000001c4a5446da2 sp=0x0000001a6f6fd588 mode 2

Classes loaded (20 events):
Event: 23.724 Loading class javax/xml/transform/stax/StAXSource
Event: 23.725 Loading class javax/xml/transform/stax/StAXSource done
Event: 23.725 Loading class com/sun/org/apache/xalan/internal/xsltc/trax/DOM2TO
Event: 23.725 Loading class com/sun/org/apache/xalan/internal/xsltc/trax/DOM2TO done
Event: 23.726 Loading class java/lang/reflect/ParameterizedType
Event: 23.726 Loading class java/lang/reflect/ParameterizedType done
Event: 23.726 Loading class com/sun/org/apache/xml/internal/serializer/WriterToUTF8Buffered
Event: 23.727 Loading class com/sun/org/apache/xml/internal/serializer/WriterChain
Event: 23.727 Loading class com/sun/org/apache/xml/internal/serializer/WriterChain done
Event: 23.727 Loading class com/sun/org/apache/xml/internal/serializer/WriterToUTF8Buffered done
Event: 23.727 Loading class com/sun/org/apache/xml/internal/serializer/WriterToASCI
Event: 23.727 Loading class com/sun/org/apache/xml/internal/serializer/WriterToASCI done
Event: 23.731 Loading class java/lang/reflect/WildcardType
Event: 23.731 Loading class java/lang/reflect/WildcardType done
Event: 23.733 Loading class sun/reflect/generics/tree/TypeVariableSignature
Event: 23.733 Loading class sun/reflect/generics/tree/TypeVariableSignature done
Event: 23.801 Loading class java/math/BigDecimal
Event: 23.802 Loading class java/math/BigDecimal done
Event: 23.810 Loading class java/lang/annotation/IncompleteAnnotationException
Event: 23.810 Loading class java/lang/annotation/IncompleteAnnotationException done

Classes unloaded (7 events):
Event: 22.281 Thread 0x000001c4af7f3d20 Unloading class 0x000001c4b1198800 'java/lang/invoke/LambdaForm$MH+0x000001c4b1198800'
Event: 22.281 Thread 0x000001c4af7f3d20 Unloading class 0x000001c4b1198400 'java/lang/invoke/LambdaForm$MH+0x000001c4b1198400'
Event: 22.281 Thread 0x000001c4af7f3d20 Unloading class 0x000001c4b1198000 'java/lang/invoke/LambdaForm$MH+0x000001c4b1198000'
Event: 22.281 Thread 0x000001c4af7f3d20 Unloading class 0x000001c4b1197c00 'java/lang/invoke/LambdaForm$MH+0x000001c4b1197c00'
Event: 22.281 Thread 0x000001c4af7f3d20 Unloading class 0x000001c4b1197800 'java/lang/invoke/LambdaForm$BMH+0x000001c4b1197800'
Event: 22.281 Thread 0x000001c4af7f3d20 Unloading class 0x000001c4b1197400 'java/lang/invoke/LambdaForm$DMH+0x000001c4b1197400'
Event: 22.281 Thread 0x000001c4af7f3d20 Unloading class 0x000001c4b1196400 'java/lang/invoke/LambdaForm$DMH+0x000001c4b1196400'

Classes redefined (0 events):
No events

Internal exceptions (20 events):
Event: 23.629 Thread 0x000001c4f2c7cad0 Exception <a 'sun/nio/fs/WindowsException'{0x00000000eab86fc0}> (0x00000000eab86fc0) 
thrown [s\src\hotspot\share\prims\jni.cpp, line 520]
Event: 23.631 Thread 0x000001c4f2c7cad0 Exception <a 'sun/nio/fs/WindowsException'{0x00000000eab88be0}> (0x00000000eab88be0) 
thrown [s\src\hotspot\share\prims\jni.cpp, line 520]
Event: 23.632 Thread 0x000001c4f2c7cad0 Exception <a 'sun/nio/fs/WindowsException'{0x00000000eab894c0}> (0x00000000eab894c0) 
thrown [s\src\hotspot\share\prims\jni.cpp, line 520]
Event: 23.633 Thread 0x000001c4f2c7cad0 Exception <a 'sun/nio/fs/WindowsException'{0x00000000eabdd0a0}> (0x00000000eabdd0a0) 
thrown [s\src\hotspot\share\prims\jni.cpp, line 520]
Event: 23.633 Thread 0x000001c4f2c7cad0 Exception <a 'sun/nio/fs/WindowsException'{0x00000000eabddba0}> (0x00000000eabddba0) 
thrown [s\src\hotspot\share\prims\jni.cpp, line 520]
Event: 23.634 Thread 0x000001c4f2c7cad0 Exception <a 'sun/nio/fs/WindowsException'{0x00000000eabe0c78}> (0x00000000eabe0c78) 
thrown [s\src\hotspot\share\prims\jni.cpp, line 520]
Event: 23.634 Thread 0x000001c4f2c7cad0 Exception <a 'sun/nio/fs/WindowsException'{0x00000000eabe1578}> (0x00000000eabe1578) 
thrown [s\src\hotspot\share\prims\jni.cpp, line 520]
Event: 23.634 Thread 0x000001c4f2c7cad0 Exception <a 'sun/nio/fs/WindowsException'{0x00000000eabe3110}> (0x00000000eabe3110) 
thrown [s\src\hotspot\share\prims\jni.cpp, line 520]
Event: 23.634 Thread 0x000001c4f2c7cad0 Exception <a 'sun/nio/fs/WindowsException'{0x00000000eabe39f0}> (0x00000000eabe39f0) 
thrown [s\src\hotspot\share\prims\jni.cpp, line 520]
Event: 23.640 Thread 0x000001c4f2c7b720 Exception <a 'java/lang/NoSuchMethodError'{0x00000000eaccae78}: 'int java.lang.invoke.DirectMethodHandle$Holder.invokeStatic(java.lang.Object, java.lang.Object, java.lang.Object, java.lang.Object, java.lang.Object)'> (0x00000000eaccae78) 
thrown [s\src\hotspot\share\interpreter\linkResolver.cpp, line 773]
Event: 23.641 Thread 0x000001c4f2c7cad0 Exception <a 'sun/nio/fs/WindowsException'{0x00000000eace32a8}> (0x00000000eace32a8) 
thrown [s\src\hotspot\share\prims\jni.cpp, line 520]
Event: 23.641 Thread 0x000001c4f2c7cad0 Exception <a 'sun/nio/fs/WindowsException'{0x00000000eace3b88}> (0x00000000eace3b88) 
thrown [s\src\hotspot\share\prims\jni.cpp, line 520]
Event: 23.643 Thread 0x000001c4f2c7cad0 Exception <a 'sun/nio/fs/WindowsException'{0x00000000ead21d60}> (0x00000000ead21d60) 
thrown [s\src\hotspot\share\prims\jni.cpp, line 520]
Event: 23.643 Thread 0x000001c4f2c7cad0 Exception <a 'sun/nio/fs/WindowsException'{0x00000000ead22390}> (0x00000000ead22390) 
thrown [s\src\hotspot\share\prims\jni.cpp, line 520]
Event: 23.649 Thread 0x000001c4f2c7cad0 Exception <a 'java/io/FileNotFoundException'{0x00000000eade3620}> (0x00000000eade3620) 
thrown [s\src\hotspot\share\prims\jni.cpp, line 520]
Event: 23.661 Thread 0x000001c4f2491890 Exception <a 'java/lang/ClassNotFoundException'{0x00000000eaec8b70}: com/sun/org/apache/xml/internal/serializer/spi/XMLEntitiesProvider> (0x00000000eaec8b70) 
thrown [s\src\hotspot\share\classfile\systemDictionary.cpp, line 312]
Event: 23.712 Thread 0x000001c4f2c7cad0 Exception <a 'sun/nio/fs/WindowsException'{0x00000000eb56c5d8}> (0x00000000eb56c5d8) 
thrown [s\src\hotspot\share\prims\jni.cpp, line 520]
Event: 23.712 Thread 0x000001c4f2c7cad0 Exception <a 'sun/nio/fs/WindowsException'{0x00000000eb56ceb8}> (0x00000000eb56ceb8) 
thrown [s\src\hotspot\share\prims\jni.cpp, line 520]
Event: 23.804 Thread 0x000001c4f2491890 Exception <a 'java/io/FileNotFoundException'{0x00000000eba9e330}> (0x00000000eba9e330) 
thrown [s\src\hotspot\share\prims\jni.cpp, line 520]
Event: 23.811 Thread 0x000001c4f2c7b720 Exception <a 'java/lang/NoClassDefFoundError'{0x00000000ebb70920}: javax/enterprise/inject/Typed> (0x00000000ebb70920) 
thrown [s\src\hotspot\share\classfile\systemDictionary.cpp, line 301]

ZGC Phase Switch (0 events):
No events

VM Operations (20 events):
Event: 23.137 Executing VM operation: HandshakeAllThreads (Deoptimize)
Event: 23.137 Executing VM operation: HandshakeAllThreads (Deoptimize) done
Event: 23.183 Executing VM operation: ParallelGCFailedAllocation (Allocation Failure)
Event: 23.185 Executing VM operation: ParallelGCFailedAllocation (Allocation Failure) done
Event: 23.382 Executing VM operation: HandshakeAllThreads (Deoptimize)
Event: 23.383 Executing VM operation: HandshakeAllThreads (Deoptimize) done
Event: 23.483 Executing VM operation: HandshakeAllThreads (Deoptimize)
Event: 23.483 Executing VM operation: HandshakeAllThreads (Deoptimize) done
Event: 23.600 Executing VM operation: HandshakeAllThreads (Deoptimize)
Event: 23.619 Executing VM operation: HandshakeAllThreads (Deoptimize) done
Event: 23.621 Executing VM operation: ParallelGCFailedAllocation (Allocation Failure)
Event: 23.623 Executing VM operation: ParallelGCFailedAllocation (Allocation Failure) done
Event: 23.659 Executing VM operation: HandshakeAllThreads (Deoptimize)
Event: 23.659 Executing VM operation: HandshakeAllThreads (Deoptimize) done
Event: 23.663 Executing VM operation: HandshakeAllThreads (Deoptimize)
Event: 23.667 Executing VM operation: HandshakeAllThreads (Deoptimize) done
Event: 23.797 Executing VM operation: HandshakeAllThreads (Deoptimize)
Event: 23.797 Executing VM operation: HandshakeAllThreads (Deoptimize) done
Event: 24.798 Executing VM operation: Cleanup
Event: 24.798 Executing VM operation: Cleanup done

Memory protections (0 events):
No events

Nmethod flushes (0 events):
No events

Events (20 events):
Event: 7.220 Thread 0x000001c4f70f8810 Thread exited: 0x000001c4f70f8810
Event: 9.936 Thread 0x000001c4f2364360 Thread added: 0x000001c4f75e4170
Event: 10.123 Thread 0x000001c4f75e4170 Thread exited: 0x000001c4f75e4170
Event: 10.143 Thread 0x000001c4f2491890 Thread added: 0x000001c4f7285460
Event: 20.480 Thread 0x000001c4f2491890 Thread added: 0x000001c4f76a8800
Event: 20.563 Thread 0x000001c4f2491890 Thread added: 0x000001c4f755c060
Event: 20.763 Thread 0x000001c4f2364360 Thread added: 0x000001c4f733a980
Event: 21.026 Thread 0x000001c4f2491890 Thread added: 0x000001c4f2c7aa00
Event: 21.493 Thread 0x000001c4f2491890 Thread added: 0x000001c4f2c7bdb0
Event: 21.539 Thread 0x000001c4f2491890 Thread added: 0x000001c4f2c7b720
Event: 21.562 Thread 0x000001c4f2491890 Thread added: 0x000001c4f2c7cad0
Event: 21.823 Thread 0x000001c4f2c7cad0 Thread added: 0x000001c4f2c7b090
Event: 22.736 Thread 0x000001c4f733a980 Thread exited: 0x000001c4f733a980
Event: 23.183 Thread 0x000001c4f2364360 Thread added: 0x000001c4f90475b0
Event: 23.314 Thread 0x000001c4f90475b0 Thread exited: 0x000001c4f90475b0
Event: 23.403 Thread 0x000001c4f2364360 Thread added: 0x000001c4f9045a70
Event: 23.434 Thread 0x000001c4f2491890 Thread added: 0x000001c4f2c79ce0
Event: 23.434 Thread 0x000001c4f2c7b090 Thread added: 0x000001c4f2c79650
Event: 23.516 Thread 0x000001c4f2364360 Thread added: 0x000001c4f9047c80
Event: 23.670 Thread 0x000001c4f2c79650 Thread added: 0x000001c4f2c7a370


Dynamic libraries:
0x00007ff6eccc0000 - 0x00007ff6eccce000 	c:\Users\dactu\.vscode\extensions\redhat.java-1.39.0-win32-x64\jre\21.0.5-win32-x86_64\bin\java.exe
0x00007ffc24480000 - 0x00007ffc246e3000 	C:\WINDOWS\SYSTEM32\ntdll.dll
0x00007ffc23750000 - 0x00007ffc23817000 	C:\WINDOWS\System32\KERNEL32.DLL
0x00007ffc21a30000 - 0x00007ffc21df7000 	C:\WINDOWS\System32\KERNELBASE.dll
0x00007ffc1bc00000 - 0x00007ffc1bc9c000 	C:\WINDOWS\SYSTEM32\apphelp.dll
0x00007ffc218e0000 - 0x00007ffc21a2c000 	C:\WINDOWS\System32\ucrtbase.dll
0x00007ffb69ce0000 - 0x00007ffb69cf8000 	c:\Users\dactu\.vscode\extensions\redhat.java-1.39.0-win32-x64\jre\21.0.5-win32-x86_64\bin\jli.dll
0x00007ffc233b0000 - 0x00007ffc23579000 	C:\WINDOWS\System32\USER32.dll
0x00007ffc21e00000 - 0x00007ffc21e27000 	C:\WINDOWS\System32\win32u.dll
0x00007ffc23380000 - 0x00007ffc233aa000 	C:\WINDOWS\System32\GDI32.dll
0x00007ffc22060000 - 0x00007ffc2218b000 	C:\WINDOWS\System32\gdi32full.dll
0x00007ffc21e30000 - 0x00007ffc21ed3000 	C:\WINDOWS\System32\msvcp_win.dll
0x00007ffb69cc0000 - 0x00007ffb69cde000 	c:\Users\dactu\.vscode\extensions\redhat.java-1.39.0-win32-x64\jre\21.0.5-win32-x86_64\bin\VCRUNTIME140.dll
0x00007ffc08620000 - 0x00007ffc088b0000 	C:\WINDOWS\WinSxS\amd64_microsoft.windows.common-controls_6595b64144ccf1df_6.0.26100.3037_none_3e09262ce333c378\COMCTL32.dll
0x00007ffc23f00000 - 0x00007ffc23fa9000 	C:\WINDOWS\System32\msvcrt.dll
0x00007ffc23b80000 - 0x00007ffc23baf000 	C:\WINDOWS\System32\IMM32.DLL
0x00007ffbfece0000 - 0x00007ffbfedcb000 	C:\Program Files\Windhawk\Engine\1.5.1\64\windhawk.dll
0x00007ffc23580000 - 0x00007ffc23634000 	C:\WINDOWS\System32\ADVAPI32.dll
0x00007ffc23130000 - 0x00007ffc231d6000 	C:\WINDOWS\System32\sechost.dll
0x00007ffc222c0000 - 0x00007ffc223d6000 	C:\WINDOWS\System32\RPCRT4.dll
0x00007ffc18bf0000 - 0x00007ffc18d0e000 	C:\WINDOWS\SYSTEM32\WINHTTP.dll
0x00007ffc024c0000 - 0x00007ffc024dd000 	C:\ProgramData\Windhawk\Engine\Mods\64\modernize-folder-picker-dialog_1.0.0_118726.dll
0x00007ffc231e0000 - 0x00007ffc23375000 	C:\WINDOWS\System32\ole32.dll
0x00007ffc23fb0000 - 0x00007ffc2432e000 	C:\WINDOWS\System32\combase.dll
0x00007ffc22990000 - 0x00007ffc23094000 	C:\WINDOWS\System32\SHELL32.dll
0x00007ffbfeac0000 - 0x00007ffbfec52000 	C:\ProgramData\Windhawk\Engine\Mods\64\libc++.dll
0x00007ffc01040000 - 0x00007ffc0107a000 	C:\ProgramData\Windhawk\Engine\Mods\64\libunwind.dll
0x00007ffb6d390000 - 0x00007ffb6d39c000 	c:\Users\dactu\.vscode\extensions\redhat.java-1.39.0-win32-x64\jre\21.0.5-win32-x86_64\bin\vcruntime140_1.dll
0x00007ffb69c30000 - 0x00007ffb69cbd000 	c:\Users\dactu\.vscode\extensions\redhat.java-1.39.0-win32-x64\jre\21.0.5-win32-x86_64\bin\msvcp140.dll
0x00007ffb68ea0000 - 0x00007ffb69c2f000 	c:\Users\dactu\.vscode\extensions\redhat.java-1.39.0-win32-x64\jre\21.0.5-win32-x86_64\bin\server\jvm.dll
0x00007ffc204e0000 - 0x00007ffc2052e000 	C:\WINDOWS\SYSTEM32\POWRPROF.dll
0x00007ffc23e20000 - 0x00007ffc23e94000 	C:\WINDOWS\System32\WS2_32.dll
0x00007ffc15140000 - 0x00007ffc15176000 	C:\WINDOWS\SYSTEM32\WINMM.dll
0x00007ffc189e0000 - 0x00007ffc189eb000 	C:\WINDOWS\SYSTEM32\VERSION.dll
0x00007ffc204c0000 - 0x00007ffc204d4000 	C:\WINDOWS\SYSTEM32\UMPDC.dll
0x00007ffc20760000 - 0x00007ffc2077a000 	C:\WINDOWS\SYSTEM32\kernel.appcore.dll
0x00007ffb6ca10000 - 0x00007ffb6ca1a000 	c:\Users\dactu\.vscode\extensions\redhat.java-1.39.0-win32-x64\jre\21.0.5-win32-x86_64\bin\jimage.dll
0x00007ffc1f080000 - 0x00007ffc1f2c1000 	C:\WINDOWS\SYSTEM32\DBGHELP.DLL
0x00007ffc23880000 - 0x00007ffc23956000 	C:\WINDOWS\System32\OLEAUT32.dll
0x00007ffbb73c0000 - 0x00007ffbb73f9000 	C:\WINDOWS\SYSTEM32\dbgcore.DLL
0x00007ffc22190000 - 0x00007ffc22229000 	C:\WINDOWS\System32\bcryptPrimitives.dll
0x00007ffb69fc0000 - 0x00007ffb69fcf000 	c:\Users\dactu\.vscode\extensions\redhat.java-1.39.0-win32-x64\jre\21.0.5-win32-x86_64\bin\instrument.dll
0x00007ffb68e80000 - 0x00007ffb68e9f000 	c:\Users\dactu\.vscode\extensions\redhat.java-1.39.0-win32-x64\jre\21.0.5-win32-x86_64\bin\java.dll
0x00007ffc1f530000 - 0x00007ffc1fd67000 	C:\WINDOWS\SYSTEM32\windows.storage.dll
0x00007ffc24340000 - 0x00007ffc24429000 	C:\WINDOWS\System32\SHCORE.dll
0x00007ffc236f0000 - 0x00007ffc2374d000 	C:\WINDOWS\System32\shlwapi.dll
0x00007ffc21730000 - 0x00007ffc2175e000 	C:\WINDOWS\SYSTEM32\profapi.dll
0x00007ffb69f40000 - 0x00007ffb69f58000 	c:\Users\dactu\.vscode\extensions\redhat.java-1.39.0-win32-x64\jre\21.0.5-win32-x86_64\bin\zip.dll
0x00007ffb69f30000 - 0x00007ffb69f40000 	C:\Users\dactu\.vscode\extensions\redhat.java-1.39.0-win32-x64\jre\21.0.5-win32-x86_64\bin\net.dll
0x00007ffc20c70000 - 0x00007ffc20cda000 	C:\WINDOWS\system32\mswsock.dll
0x00007ffb69f10000 - 0x00007ffb69f26000 	C:\Users\dactu\.vscode\extensions\redhat.java-1.39.0-win32-x64\jre\21.0.5-win32-x86_64\bin\nio.dll
0x00007ffb68e20000 - 0x00007ffb68e30000 	c:\Users\dactu\.vscode\extensions\redhat.java-1.39.0-win32-x64\jre\21.0.5-win32-x86_64\bin\verify.dll
0x00007ffb83530000 - 0x00007ffb83575000 	C:\Users\dactu\AppData\Roaming\Code\User\globalStorage\redhat.java\1.39.0\config_win\org.eclipse.equinox.launcher\org.eclipse.equinox.launcher.win32.win32.x86_64_1.2.1100.v20240722-2106\eclipse_11904.dll
0x00007ffc20f10000 - 0x00007ffc20f2c000 	C:\WINDOWS\SYSTEM32\CRYPTSP.dll
0x00007ffc206c0000 - 0x00007ffc206f8000 	C:\WINDOWS\system32\rsaenh.dll
0x00007ffc20d10000 - 0x00007ffc20d3b000 	C:\WINDOWS\SYSTEM32\USERENV.dll
0x00007ffc21150000 - 0x00007ffc21176000 	C:\WINDOWS\SYSTEM32\bcrypt.dll
0x00007ffc20f30000 - 0x00007ffc20f3c000 	C:\WINDOWS\SYSTEM32\CRYPTBASE.dll
0x00007ffc20140000 - 0x00007ffc20172000 	C:\WINDOWS\SYSTEM32\IPHLPAPI.DLL
0x00007ffc22970000 - 0x00007ffc2297a000 	C:\WINDOWS\System32\NSI.dll
0x00007ffb83470000 - 0x00007ffb834b9000 	C:\Users\dactu\AppData\Local\Temp\jna-95340679\jna14860525554061619642.dll
0x00007ffc23ef0000 - 0x00007ffc23ef8000 	C:\WINDOWS\System32\PSAPI.DLL

dbghelp: loaded successfully - version: 4.0.5 - missing functions: none
symbol engine: initialized successfully - sym options: 0x614 - pdb path: .;c:\Users\dactu\.vscode\extensions\redhat.java-1.39.0-win32-x64\jre\21.0.5-win32-x86_64\bin;C:\WINDOWS\SYSTEM32;C:\WINDOWS\WinSxS\amd64_microsoft.windows.common-controls_6595b64144ccf1df_6.0.26100.3037_none_3e09262ce333c378;C:\Program Files\Windhawk\Engine\1.5.1\64;C:\ProgramData\Windhawk\Engine\Mods\64;c:\Users\dactu\.vscode\extensions\redhat.java-1.39.0-win32-x64\jre\21.0.5-win32-x86_64\bin\server;C:\Users\dactu\AppData\Roaming\Code\User\globalStorage\redhat.java\1.39.0\config_win\org.eclipse.equinox.launcher\org.eclipse.equinox.launcher.win32.win32.x86_64_1.2.1100.v20240722-2106;C:\Users\dactu\AppData\Local\Temp\jna-95340679

VM Arguments:
jvm_args: --add-modules=ALL-SYSTEM --add-opens=java.base/java.util=ALL-UNNAMED --add-opens=java.base/java.lang=ALL-UNNAMED --add-opens=java.base/sun.nio.fs=ALL-UNNAMED -Declipse.application=org.eclipse.jdt.ls.core.id1 -Dosgi.bundles.defaultStartLevel=4 -Declipse.product=org.eclipse.jdt.ls.core.product -Djava.import.generatesMetadataFilesAtProjectRoot=false -DDetectVMInstallationsJob.disabled=true -Dfile.encoding=utf8 -XX:+UseParallelGC -XX:GCTimeRatio=4 -XX:AdaptiveSizePolicyWeight=90 -Dsun.zip.disableMemoryMapping=true -Xmx1G -Xms100m -Xlog:disable -javaagent:c:\Users\dactu\.vscode\extensions\redhat.java-1.39.0-win32-x64\lombok\lombok-1.18.34.jar -XX:+HeapDumpOnOutOfMemoryError -XX:HeapDumpPath=c:\Users\dactu\AppData\Roaming\Code\User\workspaceStorage\9217f2b1335fecc31439a6670a3411e0\redhat.java -Daether.dependencyCollector.impl=bf 
java_command: c:\Users\dactu\.vscode\extensions\redhat.java-1.39.0-win32-x64\server\plugins\org.eclipse.equinox.launcher_1.6.900.v20240613-2009.jar -configuration c:\Users\dactu\AppData\Roaming\Code\User\globalStorage\redhat.java\1.39.0\config_win -data c:\Users\dactu\AppData\Roaming\Code\User\workspaceStorage\9217f2b1335fecc31439a6670a3411e0\redhat.java\jdt_ws --pipe=\\.\pipe\lsp-868650a170010f25c836c900d743e990-sock
java_class_path (initial): c:\Users\dactu\.vscode\extensions\redhat.java-1.39.0-win32-x64\server\plugins\org.eclipse.equinox.launcher_1.6.900.v20240613-2009.jar
Launcher Type: SUN_STANDARD

[Global flags]
    uintx AdaptiveSizePolicyWeight                 = 90                                        {product} {command line}
     intx CICompilerCount                          = 4                                         {product} {ergonomic}
    uintx GCTimeRatio                              = 4                                         {product} {command line}
     bool HeapDumpOnOutOfMemoryError               = true                                   {manageable} {command line}
    ccstr HeapDumpPath                             = c:\Users\dactu\AppData\Roaming\Code\User\workspaceStorage\9217f2b1335fecc31439a6670a3411e0\redhat.java         {manageable} {command line}
   size_t InitialHeapSize                          = 104857600                                 {product} {command line}
   size_t MaxHeapSize                              = 1073741824                                {product} {command line}
   size_t MaxNewSize                               = 357564416                                 {product} {ergonomic}
   size_t MinHeapDeltaBytes                        = 524288                                    {product} {ergonomic}
   size_t MinHeapSize                              = 104857600                                 {product} {command line}
   size_t NewSize                                  = 34603008                                  {product} {ergonomic}
    uintx NonNMethodCodeHeapSize                   = 5839372                                {pd product} {ergonomic}
    uintx NonProfiledCodeHeapSize                  = 122909434                              {pd product} {ergonomic}
   size_t OldSize                                  = 70254592                                  {product} {ergonomic}
    uintx ProfiledCodeHeapSize                     = 122909434                              {pd product} {ergonomic}
    uintx ReservedCodeCacheSize                    = 251658240                              {pd product} {ergonomic}
     bool SegmentedCodeCache                       = true                                      {product} {ergonomic}
   size_t SoftMaxHeapSize                          = 1073741824                             {manageable} {ergonomic}
     bool UseCompressedOops                        = true                           {product lp64_product} {ergonomic}
     bool UseLargePagesIndividualAllocation        = false                                  {pd product} {ergonomic}
     bool UseParallelGC                            = true                                      {product} {command line}

Logging:
Log output configuration:
 #0: stdout all=off uptime,level,tags foldmultilines=false
 #1: stderr all=off uptime,level,tags foldmultilines=false

Environment Variables:
JAVA_HOME=C:\Program Files\Java\jdk-21\
PATH=C:\Program Files\Microsoft MPI\Bin\;C:\Program Files\Common Files\Oracle\Java\javapath;C:\Program Files (x86)\Common Files\Oracle\Java\java8path;C:\Program Files (x86)\Common Files\Oracle\Java\javapath;C:\Windows\system32;C:\Windows;C:\Windows\System32\Wbem;C:\Windows\System32\WindowsPowerShell\v1.0\;C:\Windows\System32\OpenSSH\;C:\Program Files\dotnet\;C:\Users\dactu\AppData\Local\Android\Sdk\platform-tools;C:\Users\dactu\.katalon\tools\android_sdk\platform-tools;C:\Users\dactu\.katalon\tools\android_sdk\tools;C:\Program Files\NVIDIA Corporation\NVIDIA App\NvDLISR;C:\Program Files (x86)\NVIDIA Corporation\PhysX\Common;C:\Program Files\apache-maven-3.9.6\bin;C:\Program Files\Microsoft SQL Server\150\Tools\Binn\;C:\Users\dactu\AppData\Roaming\nvm;C:\Program Files\nodejs;C:\Program Files (x86)\Microsoft SQL Server\160\Tools\Binn\;C:\Program Files\Microsoft SQL Server\160\Tools\Binn\;C:\Program Files\Microsoft SQL Server\Client SDK\ODBC\170\Tools\Binn\;C:\Program Files\Microsoft SQL Server\160\DTS\Binn\;C:\Program Files (x86)\Microsoft SQL Server\160\DTS\Binn\;C:\WINDOWS\system32;C:\WINDOWS;C:\WINDOWS\System32\Wbem;C:\WINDOWS\System32\WindowsPowerShell\v1.0\;C:\WINDOWS\System32\OpenSSH\;C:\Program Files\Git\cmd;C:\Program Files\Java\jdk-21\;C:\Users\dactu\AppData\Roaming\npm;C:\Program Files\Java\jdk-21\\bin;C:\Program Files\Google\Chrome\Application\;C:\Users\dactu\.cache\selenium\chromedriver\win64\133.0.6943.127;;C:\Program Files\Tesseract-OCR;;C:\Program Files\Git LFS;C:\Users\dactu\AppData\Local\Programs\Python\Python312\Scripts\;C:\Users\dactu\AppData\Local\Programs\Python\Python312\;C:\Users\dactu\AppData\Local\Programs\Python\Launcher\;C:\Users\dactu\AppData\Local\Microsoft\WindowsApps;C:\Users\dactu\AppData\Local\Programs\Microsoft VS Code\bin;C:\Users\dactu\.lmstudio\bin;C:\Users\dactu\.dotnet\tools
USERNAME=dactu
OS=Windows_NT
PROCESSOR_IDENTIFIER=Intel64 Family 6 Model 140 Stepping 1, GenuineIntel
TMP=C:\Users\dactu\AppData\Local\Temp
TEMP=C:\Users\dactu\AppData\Local\Temp




Periodic native trim disabled

---------------  S Y S T E M  ---------------

OS:
 Windows 11 , 64 bit Build 26100 (10.0.26100.3037)
OS uptime: 0 days 0:08 hours

CPU: total 8 (initial active 8) (4 cores per cpu, 2 threads per core) family 6 model 140 stepping 1 microcode 0x86, cx8, cmov, fxsr, ht, mmx, 3dnowpref, sse, sse2, sse3, ssse3, sse4.1, sse4.2, popcnt, lzcnt, tsc, tscinvbit, avx, avx2, aes, erms, clmul, bmi1, bmi2, adx, avx512f, avx512dq, avx512cd, avx512bw, avx512vl, sha, fma, vzeroupper, avx512_vpopcntdq, avx512_vpclmulqdq, avx512_vaes, avx512_vnni, clflush, clflushopt, clwb, avx512_vbmi2, avx512_vbmi, rdtscp, rdpid, fsrm, gfni, avx512_bitalg, f16c, pku, cet_ibt, cet_ss, avx512_ifma
Processor Information for all 8 processors :
  Max Mhz: 3110, Current Mhz: 3110, Mhz Limit: 3110

Memory: 4k page, system-wide physical 16073M (2313M free)
TotalPageFile size 16073M (AvailPageFile size 159M)
current process WorkingSet (physical memory assigned to process): 202M, peak: 203M
current process commit charge ("private bytes"): 294M, peak: 295M

vm_info: OpenJDK 64-Bit Server VM (21.0.5+11-LTS) for windows-amd64 JRE (21.0.5+11-LTS), built on 2024-10-15T00:00:00Z by "admin" with MS VC++ 17.7 (VS2022)

END.
