#
# There is insufficient memory for the Java Runtime Environment to continue.
# Native memory allocation (malloc) failed to allocate 465296 bytes. Error detail: Chunk::new
# Possible reasons:
#   The system is out of physical RAM or swap space
#   This process is running with CompressedOops enabled, and the Java Heap may be blocking the growth of the native heap
# Possible solutions:
#   Reduce memory load on the system
#   Increase physical memory or swap space
#   Check if swap backing store is full
#   Decrease Java heap size (-Xmx/-Xms)
#   Decrease number of Java threads
#   Decrease Java thread stack sizes (-Xss)
#   Set larger code cache with -XX:ReservedCodeCacheSize=
#   JVM is running with Unscaled Compressed Oops mode in which the Java heap is
#     placed in the first 4GB address space. The Java Heap base address is the
#     maximum limit for the native heap growth. Please use -XX:HeapBaseMinAddress
#     to set the Java Heap base and to place the Java Heap above 4GB virtual address.
# This output file may be truncated or incomplete.
#
#  Out of Memory Error (arena.cpp:168), pid=4768, tid=17136
#
# JRE version: OpenJDK Runtime Environment Temurin-21.0.5+11 (21.0.5+11) (build 21.0.5+11-LTS)
# Java VM: OpenJDK 64-Bit Server VM Temurin-21.0.5+11 (21.0.5+11-LTS, mixed mode, sharing, tiered, compressed oops, compressed class ptrs, parallel gc, windows-amd64)
# No core dump will be written. Minidumps are not enabled by default on client versions of Windows
#

---------------  S U M M A R Y ------------

Command Line: --add-modules=ALL-SYSTEM --add-opens=java.base/java.util=ALL-UNNAMED --add-opens=java.base/java.lang=ALL-UNNAMED --add-opens=java.base/sun.nio.fs=ALL-UNNAMED -Declipse.application=org.eclipse.jdt.ls.core.id1 -Dosgi.bundles.defaultStartLevel=4 -Declipse.product=org.eclipse.jdt.ls.core.product -Djava.import.generatesMetadataFilesAtProjectRoot=false -DDetectVMInstallationsJob.disabled=true -Dfile.encoding=utf8 -XX:+UseParallelGC -XX:GCTimeRatio=4 -XX:AdaptiveSizePolicyWeight=90 -Dsun.zip.disableMemoryMapping=true -Xmx1G -Xms100m -Xlog:disable -javaagent:c:\Users\dactu\.vscode\extensions\redhat.java-1.39.0-win32-x64\lombok\lombok-1.18.34.jar -XX:+HeapDumpOnOutOfMemoryError -XX:HeapDumpPath=c:\Users\dactu\AppData\Roaming\Code\User\workspaceStorage\9217f2b1335fecc31439a6670a3411e0\redhat.java -Daether.dependencyCollector.impl=bf c:\Users\dactu\.vscode\extensions\redhat.java-1.39.0-win32-x64\server\plugins\org.eclipse.equinox.launcher_1.6.900.v20240613-2009.jar -configuration c:\Users\dactu\AppData\Roaming\Code\User\globalStorage\redhat.java\1.39.0\config_win -data c:\Users\dactu\AppData\Roaming\Code\User\workspaceStorage\9217f2b1335fecc31439a6670a3411e0\redhat.java\jdt_ws --pipe=\\.\pipe\lsp-c7660e431341858663ad2ffd507d91d0-sock

Host: 11th Gen Intel(R) Core(TM) i5-11300H @ 3.10GHz, 8 cores, 15G,  Windows 11 , 64 bit Build 26100 (10.0.26100.3037)
Time: Mon Feb 24 11:41:51 2025 SE Asia Standard Time elapsed time: 58.867134 seconds (0d 0h 0m 58s)

---------------  T H R E A D  ---------------

Current thread (0x0000027157b73820):  JavaThread "C2 CompilerThread2" daemon [_thread_in_native, id=17136, stack(0x000000d942b00000,0x000000d942c00000) (1024K)]


Current CompileTask:
C2:58867 11282       4       org.codehaus.plexus.interpolation.AbstractDelegatingValueSource::getValue (11 bytes)

Stack: [0x000000d942b00000,0x000000d942c00000]
Native frames: (J=compiled Java code, j=interpreted, Vv=VM code, C=native code)
V  [jvm.dll+0x6cd4e9]
V  [jvm.dll+0x8a7941]
V  [jvm.dll+0x8a9e6e]
V  [jvm.dll+0x8aa543]
V  [jvm.dll+0x27f6d6]
V  [jvm.dll+0xc500d]
V  [jvm.dll+0xc5543]
V  [jvm.dll+0x2f2a9d]
V  [jvm.dll+0x5f67ea]
V  [jvm.dll+0x250b82]
V  [jvm.dll+0x24906e]
V  [jvm.dll+0x246ea4]
V  [jvm.dll+0x1c75ce]
V  [jvm.dll+0x25682a]
V  [jvm.dll+0x254dca]
V  [jvm.dll+0x3f00d6]
V  [jvm.dll+0x8514fb]
V  [jvm.dll+0x6cbbed]
C  [ucrtbase.dll+0x37b0]
C  [KERNEL32.DLL+0x2e8d7]
C  [ntdll.dll+0xbbf2c]


---------------  P R O C E S S  ---------------

Threads class SMR info:
_java_thread_list=0x0000027156a98bb0, length=61, elements={
0x00000271775b9b20, 0x000002717d251cf0, 0x000002717d2538d0, 0x000002717d258f50,
0x000002717d25bd30, 0x000002717d25c780, 0x000002717d25d1d0, 0x000002717d25e000,
0x000002717ed6de80, 0x000002717edbde40, 0x000002717f184b80, 0x000002717f88dc90,
0x0000027154314970, 0x00000271541d8270, 0x000002717f85c620, 0x000002717f5c91e0,
0x00000271542e98f0, 0x000002717f156d20, 0x000002717f1580d0, 0x000002717f154c50,
0x000002717f1552e0, 0x000002717f156000, 0x000002717f156690, 0x000002717f1573b0,
0x000002717f157a40, 0x0000027155934c60, 0x0000027155936010, 0x00000271559352f0,
0x0000027155935980, 0x00000271559366a0, 0x00000271559345d0, 0x0000027155933220,
0x0000027155936d30, 0x00000271559373c0, 0x0000027155933f40, 0x00000271559380e0,
0x0000027155939490, 0x0000027155938e00, 0x0000027155937a50, 0x0000027155938770,
0x00000271584155e0, 0x000002715593a840, 0x000002717ef30070, 0x000002717ef334f0,
0x000002717ef327d0, 0x000002717ef32e60, 0x000002717ef33b80, 0x000002717ef31ab0,
0x000002717ef30700, 0x000002717ef34210, 0x000002717ef30d90, 0x000002717ef348a0,
0x000002717ef31420, 0x0000027157b73820, 0x000002717ef362e0, 0x000002717ef355c0,
0x000002717ef37000, 0x000002717ef35c50, 0x000002717ef36970, 0x000002717ef37690,
0x000002715701d8e0
}

Java Threads: ( => current thread )
  0x00000271775b9b20 JavaThread "main"                              [_thread_blocked, id=7896, stack(0x000000d93eb00000,0x000000d93ec00000) (1024K)]
  0x000002717d251cf0 JavaThread "Reference Handler"          daemon [_thread_blocked, id=2176, stack(0x000000d93ef00000,0x000000d93f000000) (1024K)]
  0x000002717d2538d0 JavaThread "Finalizer"                  daemon [_thread_blocked, id=3684, stack(0x000000d93f000000,0x000000d93f100000) (1024K)]
  0x000002717d258f50 JavaThread "Signal Dispatcher"          daemon [_thread_blocked, id=7692, stack(0x000000d93f100000,0x000000d93f200000) (1024K)]
  0x000002717d25bd30 JavaThread "Attach Listener"            daemon [_thread_blocked, id=4288, stack(0x000000d93f200000,0x000000d93f300000) (1024K)]
  0x000002717d25c780 JavaThread "Service Thread"             daemon [_thread_blocked, id=5164, stack(0x000000d93f300000,0x000000d93f400000) (1024K)]
  0x000002717d25d1d0 JavaThread "Monitor Deflation Thread"   daemon [_thread_blocked, id=2340, stack(0x000000d93f400000,0x000000d93f500000) (1024K)]
  0x000002717d25e000 JavaThread "C2 CompilerThread0"         daemon [_thread_blocked, id=3376, stack(0x000000d93f500000,0x000000d93f600000) (1024K)]
  0x000002717ed6de80 JavaThread "C1 CompilerThread0"         daemon [_thread_blocked, id=12896, stack(0x000000d93f600000,0x000000d93f700000) (1024K)]
  0x000002717edbde40 JavaThread "Common-Cleaner"             daemon [_thread_blocked, id=12812, stack(0x000000d93f700000,0x000000d93f800000) (1024K)]
  0x000002717f184b80 JavaThread "Notification Thread"        daemon [_thread_blocked, id=1784, stack(0x000000d93f900000,0x000000d93fa00000) (1024K)]
  0x000002717f88dc90 JavaThread "Active Thread: Equinox Container: c29ca2ba-026a-4886-ba92-660ed8b5c7b2"        [_thread_blocked, id=13216, stack(0x000000d940100000,0x000000d940200000) (1024K)]
  0x0000027154314970 JavaThread "Refresh Thread: Equinox Container: c29ca2ba-026a-4886-ba92-660ed8b5c7b2" daemon [_thread_blocked, id=8072, stack(0x000000d940200000,0x000000d940300000) (1024K)]
  0x00000271541d8270 JavaThread "Framework Event Dispatcher: Equinox Container: c29ca2ba-026a-4886-ba92-660ed8b5c7b2" daemon [_thread_blocked, id=9848, stack(0x000000d93ff00000,0x000000d940000000) (1024K)]
  0x000002717f85c620 JavaThread "Start Level: Equinox Container: c29ca2ba-026a-4886-ba92-660ed8b5c7b2" daemon [_thread_blocked, id=8860, stack(0x000000d940300000,0x000000d940400000) (1024K)]
  0x000002717f5c91e0 JavaThread "Bundle File Closer"         daemon [_thread_blocked, id=4628, stack(0x000000d940400000,0x000000d940500000) (1024K)]
  0x00000271542e98f0 JavaThread "SCR Component Actor"        daemon [_thread_blocked, id=14412, stack(0x000000d940500000,0x000000d940600000) (1024K)]
  0x000002717f156d20 JavaThread "Worker-JM"                         [_thread_blocked, id=2292, stack(0x000000d940800000,0x000000d940900000) (1024K)]
  0x000002717f1580d0 JavaThread "JNA Cleaner"                daemon [_thread_blocked, id=14652, stack(0x000000d940900000,0x000000d940a00000) (1024K)]
  0x000002717f154c50 JavaThread "Worker-0"                          [_thread_blocked, id=14508, stack(0x000000d940a00000,0x000000d940b00000) (1024K)]
  0x000002717f1552e0 JavaThread "Worker-1"                          [_thread_blocked, id=14424, stack(0x000000d940b00000,0x000000d940c00000) (1024K)]
  0x000002717f156000 JavaThread "Worker-2"                          [_thread_blocked, id=14640, stack(0x000000d940c00000,0x000000d940d00000) (1024K)]
  0x000002717f156690 JavaThread "Java indexing"              daemon [_thread_blocked, id=15704, stack(0x000000d940d00000,0x000000d940e00000) (1024K)]
  0x000002717f1573b0 JavaThread "Worker-3"                          [_thread_blocked, id=15708, stack(0x000000d940e00000,0x000000d940f00000) (1024K)]
  0x000002717f157a40 JavaThread "Worker-4: Building"                [_thread_in_native, id=15720, stack(0x000000d941000000,0x000000d941100000) (1024K)]
  0x0000027155934c60 JavaThread "Worker-5"                          [_thread_blocked, id=15788, stack(0x000000d941300000,0x000000d941400000) (1024K)]
  0x0000027155936010 JavaThread "Thread-2"                   daemon [_thread_in_native, id=15812, stack(0x000000d941400000,0x000000d941500000) (1024K)]
  0x00000271559352f0 JavaThread "Thread-3"                   daemon [_thread_in_native, id=15816, stack(0x000000d941500000,0x000000d941600000) (1024K)]
  0x0000027155935980 JavaThread "Thread-4"                   daemon [_thread_in_native, id=15820, stack(0x000000d941600000,0x000000d941700000) (1024K)]
  0x00000271559366a0 JavaThread "Thread-5"                   daemon [_thread_in_native, id=15824, stack(0x000000d941700000,0x000000d941800000) (1024K)]
  0x00000271559345d0 JavaThread "Thread-6"                   daemon [_thread_in_native, id=15828, stack(0x000000d941800000,0x000000d941900000) (1024K)]
  0x0000027155933220 JavaThread "Thread-7"                   daemon [_thread_in_native, id=15832, stack(0x000000d941900000,0x000000d941a00000) (1024K)]
  0x0000027155936d30 JavaThread "Thread-8"                   daemon [_thread_in_native, id=15836, stack(0x000000d941a00000,0x000000d941b00000) (1024K)]
  0x00000271559373c0 JavaThread "Thread-9"                   daemon [_thread_in_native, id=15840, stack(0x000000d941b00000,0x000000d941c00000) (1024K)]
  0x0000027155933f40 JavaThread "Thread-10"                  daemon [_thread_in_native, id=15844, stack(0x000000d941c00000,0x000000d941d00000) (1024K)]
  0x00000271559380e0 JavaThread "pool-2-thread-1"                   [_thread_blocked, id=15848, stack(0x000000d941d00000,0x000000d941e00000) (1024K)]
  0x0000027155939490 JavaThread "Worker-6: Java indexing... "        [_thread_blocked, id=15876, stack(0x000000d941e00000,0x000000d941f00000) (1024K)]
  0x0000027155938e00 JavaThread "WorkspaceEventsHandler"            [_thread_blocked, id=15976, stack(0x000000d93e700000,0x000000d93e800000) (1024K)]
  0x0000027155937a50 JavaThread "pool-1-thread-1"                   [_thread_blocked, id=15980, stack(0x000000d941f00000,0x000000d942000000) (1024K)]
  0x0000027155938770 JavaThread "Worker-7"                          [_thread_blocked, id=15988, stack(0x000000d942000000,0x000000d942100000) (1024K)]
  0x00000271584155e0 JavaThread "C2 CompilerThread1"         daemon [_thread_in_native, id=16904, stack(0x000000d940600000,0x000000d940700000) (1024K)]
  0x000002715593a840 JavaThread "LocalFile Deleter"          daemon [_thread_blocked, id=17024, stack(0x000000d940700000,0x000000d940800000) (1024K)]
  0x000002717ef30070 JavaThread "LocalFile Deleter"          daemon [_thread_blocked, id=17028, stack(0x000000d940f00000,0x000000d941000000) (1024K)]
  0x000002717ef334f0 JavaThread "LocalFile Deleter"          daemon [_thread_blocked, id=17032, stack(0x000000d942100000,0x000000d942200000) (1024K)]
  0x000002717ef327d0 JavaThread "LocalFile Deleter"          daemon [_thread_blocked, id=17036, stack(0x000000d942200000,0x000000d942300000) (1024K)]
  0x000002717ef32e60 JavaThread "LocalFile Deleter"          daemon [_thread_blocked, id=17040, stack(0x000000d942300000,0x000000d942400000) (1024K)]
  0x000002717ef33b80 JavaThread "LocalFile Deleter"          daemon [_thread_blocked, id=17048, stack(0x000000d942400000,0x000000d942500000) (1024K)]
  0x000002717ef31ab0 JavaThread "Compiler Source File Reader" daemon [_thread_blocked, id=17056, stack(0x000000d942500000,0x000000d942600000) (1024K)]
  0x000002717ef30700 JavaThread "Compiler Source File Reader" daemon [_thread_blocked, id=17060, stack(0x000000d942600000,0x000000d942700000) (1024K)]
  0x000002717ef34210 JavaThread "Compiler Source File Reader" daemon [_thread_blocked, id=17064, stack(0x000000d942700000,0x000000d942800000) (1024K)]
  0x000002717ef30d90 JavaThread "Compiler Source File Reader" daemon [_thread_blocked, id=17068, stack(0x000000d942800000,0x000000d942900000) (1024K)]
  0x000002717ef348a0 JavaThread "Compiler Source File Reader" daemon [_thread_blocked, id=17072, stack(0x000000d942900000,0x000000d942a00000) (1024K)]
  0x000002717ef31420 JavaThread "Compiler Source File Reader" daemon [_thread_blocked, id=17076, stack(0x000000d942a00000,0x000000d942b00000) (1024K)]
=>0x0000027157b73820 JavaThread "C2 CompilerThread2"         daemon [_thread_in_native, id=17136, stack(0x000000d942b00000,0x000000d942c00000) (1024K)]
  0x000002717ef362e0 JavaThread "Compiler Processing Task"   daemon [_thread_blocked, id=17304, stack(0x000000d942c00000,0x000000d942d00000) (1024K)]
  0x000002717ef355c0 JavaThread "Compiler Class File Writer" daemon [_thread_blocked, id=17320, stack(0x000000d942d00000,0x000000d942e00000) (1024K)]
  0x000002717ef37000 JavaThread "Compiler Class File Writer" daemon [_thread_blocked, id=17324, stack(0x000000d942e00000,0x000000d942f00000) (1024K)]
  0x000002717ef35c50 JavaThread "Compiler Class File Writer" daemon [_thread_blocked, id=17328, stack(0x000000d942f00000,0x000000d943000000) (1024K)]
  0x000002717ef36970 JavaThread "Compiler Class File Writer" daemon [_thread_blocked, id=17332, stack(0x000000d943000000,0x000000d943100000) (1024K)]
  0x000002717ef37690 JavaThread "Compiler Class File Writer" daemon [_thread_blocked, id=17336, stack(0x000000d943100000,0x000000d943200000) (1024K)]
  0x000002715701d8e0 JavaThread "Compiler Class File Writer" daemon [_thread_blocked, id=17340, stack(0x000000d943200000,0x000000d943300000) (1024K)]
Total: 61

Other Threads:
  0x000002717d244a80 VMThread "VM Thread"                           [id=14272, stack(0x000000d93ee00000,0x000000d93ef00000) (1024K)]
  0x0000027177627070 WatcherThread "VM Periodic Task Thread"        [id=2488, stack(0x000000d93ed00000,0x000000d93ee00000) (1024K)]
  0x00000271775d8590 WorkerThread "GC Thread#0"                     [id=12004, stack(0x000000d93ec00000,0x000000d93ed00000) (1024K)]
  0x000002717f75bb10 WorkerThread "GC Thread#1"                     [id=4428, stack(0x000000d93f800000,0x000000d93f900000) (1024K)]
  0x000002717f75c0f0 WorkerThread "GC Thread#2"                     [id=4584, stack(0x000000d93fa00000,0x000000d93fb00000) (1024K)]
  0x000002717f4de470 WorkerThread "GC Thread#3"                     [id=12916, stack(0x000000d93fb00000,0x000000d93fc00000) (1024K)]
  0x000002717f4de810 WorkerThread "GC Thread#4"                     [id=12036, stack(0x000000d93fc00000,0x000000d93fd00000) (1024K)]
  0x000002717f4debb0 WorkerThread "GC Thread#5"                     [id=12908, stack(0x000000d93fd00000,0x000000d93fe00000) (1024K)]
  0x000002717f4def50 WorkerThread "GC Thread#6"                     [id=2620, stack(0x000000d93fe00000,0x000000d93ff00000) (1024K)]
  0x000002717f85c280 WorkerThread "GC Thread#7"                     [id=3424, stack(0x000000d940000000,0x000000d940100000) (1024K)]
Total: 10

Threads with active compile tasks:
C1 CompilerThread0  58898 11301       3       org.eclipse.aether.util.graph.transformer.ConflictMarker::analyze (356 bytes)
C2 CompilerThread1  58899 11281       4       org.codehaus.plexus.interpolation.PrefixedValueSourceWrapper::getValue (39 bytes)
C2 CompilerThread2  58899 11282       4       org.codehaus.plexus.interpolation.AbstractDelegatingValueSource::getValue (11 bytes)
Total: 3

VM state: not at safepoint (normal execution)

VM Mutex/Monitor currently owned by a thread: None

Heap address: 0x00000000c0000000, size: 1024 MB, Compressed Oops mode: 32-bit

CDS archive(s) mapped at: [0x000002710f000000-0x000002710fba0000-0x000002710fba0000), size 12189696, SharedBaseAddress: 0x000002710f000000, ArchiveRelocationMode: 1.
Compressed class space mapped at: 0x0000027110000000-0x0000027150000000, reserved size: 1073741824
Narrow klass base: 0x000002710f000000, Narrow klass shift: 0, Narrow klass range: 0x100000000

GC Precious Log:
 CardTable entry size: 512
 CPUs: 8 total, 8 available
 Memory: 16073M
 Large Page Support: Disabled
 NUMA Support: Disabled
 Compressed Oops: Enabled (32-bit)
 Alignments: Space 512K, Generation 512K, Heap 2M
 Heap Min Capacity: 100M
 Heap Initial Capacity: 100M
 Heap Max Capacity: 1G
 Pre-touch: Disabled
 Parallel Workers: 8

Heap:
 PSYoungGen      total 6656K, used 4868K [0x00000000eab00000, 0x00000000eb280000, 0x0000000100000000)
  eden space 5632K, 77% used [0x00000000eab00000,0x00000000eaf41b90,0x00000000eb080000)
  from space 1024K, 50% used [0x00000000eb080000,0x00000000eb100000,0x00000000eb180000)
  to   space 1024K, 0% used [0x00000000eb180000,0x00000000eb180000,0x00000000eb280000)
 ParOldGen       total 435200K, used 434905K [0x00000000c0000000, 0x00000000da900000, 0x00000000eab00000)
  object space 435200K, 99% used [0x00000000c0000000,0x00000000da8b6518,0x00000000da900000)
 Metaspace       used 60436K, committed 61824K, reserved 1114112K
  class space    used 6132K, committed 6784K, reserved 1048576K

Card table byte_map: [0x000002717aaf0000,0x000002717ad00000] _byte_map_base: 0x000002717a4f0000

Marking Bits: (ParMarkBitMap*) 0x00007ffe4b392250
 Begin Bits: [0x000002717ae60000, 0x000002717be60000)
 End Bits:   [0x000002717be60000, 0x000002717ce60000)

Polling page: 0x0000027175b40000

Metaspace:

Usage:
  Non-class:     53.03 MB used.
      Class:      5.99 MB used.
       Both:     59.02 MB used.

Virtual space:
  Non-class space:       64.00 MB reserved,      53.75 MB ( 84%) committed,  1 nodes.
      Class space:        1.00 GB reserved,       6.62 MB ( <1%) committed,  1 nodes.
             Both:        1.06 GB reserved,      60.38 MB (  6%) committed. 

Chunk freelists:
   Non-Class:  9.50 MB
       Class:  9.30 MB
        Both:  18.80 MB

MaxMetaspaceSize: unlimited
CompressedClassSpaceSize: 1.00 GB
Initial GC threshold: 21.00 MB
Current GC threshold: 80.31 MB
CDS: on
 - commit_granule_bytes: 65536.
 - commit_granule_words: 8192.
 - virtual_space_node_default_size: 8388608.
 - enlarge_chunks_in_place: 1.
 - use_allocation_guard: 0.


Internal statistics:

num_allocs_failed_limit: 6.
num_arena_births: 1114.
num_arena_deaths: 14.
num_vsnodes_births: 2.
num_vsnodes_deaths: 0.
num_space_committed: 966.
num_space_uncommitted: 0.
num_chunks_returned_to_freelist: 20.
num_chunks_taken_from_freelist: 3951.
num_chunk_merges: 7.
num_chunk_splits: 2412.
num_chunks_enlarged: 1363.
num_inconsistent_stats: 0.

CodeHeap 'non-profiled nmethods': size=120000Kb used=8837Kb max_used=8837Kb free=111163Kb
 bounds [0x0000027107ad0000, 0x0000027108380000, 0x000002710f000000]
CodeHeap 'profiled nmethods': size=120000Kb used=24732Kb max_used=24732Kb free=95267Kb
 bounds [0x0000027100000000, 0x0000027101830000, 0x0000027107530000]
CodeHeap 'non-nmethods': size=5760Kb used=1421Kb max_used=1501Kb free=4338Kb
 bounds [0x0000027107530000, 0x00000271077a0000, 0x0000027107ad0000]
 total_blobs=11187 nmethods=10465 adapters=627
 compilation: enabled
              stopped_count=0, restarted_count=0
 full_count=0

Compilation events (20 events):
Event: 56.828 Thread 0x000002717ed6de80 nmethod 11286 0x0000027101818590 code [0x0000027101818760, 0x0000027101818b38]
Event: 56.828 Thread 0x000002717ed6de80 11287       3       org.apache.maven.model.merge.ModelMerger::mergeReportPlugin_ArtifactId (41 bytes)
Event: 56.829 Thread 0x000002717ed6de80 nmethod 11287 0x0000027101818c90 code [0x0000027101818e60, 0x0000027101819238]
Event: 56.859 Thread 0x000002717ed6de80 11288       3       org.apache.maven.repository.internal.DefaultModelResolver::addRepository (77 bytes)
Event: 56.860 Thread 0x000002717ed6de80 nmethod 11288 0x0000027101819390 code [0x00000271018195e0, 0x0000027101819e90]
Event: 56.860 Thread 0x000002717ed6de80 11289   !   3       java.util.concurrent.ThreadPoolExecutor::getTask (177 bytes)
Event: 56.860 Thread 0x000002717ed6de80 nmethod 11289 0x000002710181a190 code [0x000002710181a440, 0x000002710181b270]
Event: 56.862 Thread 0x000002717ed6de80 11290       3       java.util.concurrent.ThreadPoolExecutor::afterExecute (1 bytes)
Event: 56.862 Thread 0x000002717ed6de80 nmethod 11290 0x000002710181b710 code [0x000002710181b8a0, 0x000002710181b9a8]
Event: 56.865 Thread 0x000002717ed6de80 11291       3       sun.nio.cs.StreamDecoder::<init> (23 bytes)
Event: 56.865 Thread 0x000002717ed6de80 nmethod 11291 0x000002710181ba10 code [0x000002710181bc00, 0x000002710181c148]
Event: 56.866 Thread 0x000002717d25e000 11292       4       org.apache.maven.model.merge.ModelMerger::mergeConfigurationContainer_Configuration (67 bytes)
Event: 56.867 Thread 0x000002717ed6de80 11293       3       org.eclipse.aether.internal.impl.collect.DataPool$WeakInternPool::intern (53 bytes)
Event: 56.867 Thread 0x000002717ed6de80 nmethod 11293 0x000002710181c310 code [0x000002710181c520, 0x000002710181cc78]
Event: 56.867 Thread 0x000002717ed6de80 11295       3       org.eclipse.aether.artifact.AbstractArtifact::equals (139 bytes)
Event: 56.869 Thread 0x000002717ed6de80 nmethod 11295 0x000002710181cf10 code [0x000002710181d300, 0x000002710181f0d8]
Event: 56.869 Thread 0x000002717ed6de80 11294       3       org.eclipse.aether.artifact.AbstractArtifact::setVersion (40 bytes)
Event: 56.869 Thread 0x000002717ed6de80 nmethod 11294 0x000002710181f690 code [0x000002710181f8a0, 0x000002710181fe18]
Event: 58.865 Thread 0x000002717d25e000 nmethod 11292 0x000002710836f410 code [0x000002710836f5e0, 0x000002710836f870]
Event: 58.865 Thread 0x000002717d25e000 11296       4       java.util.zip.ZipFile$Source::getEntryPos (164 bytes)

GC Heap History (20 events):
Event: 56.391 GC heap before
{Heap before GC invocations=413 (full 3):
 PSYoungGen      total 7680K, used 7189K [0x00000000eab00000, 0x00000000eb480000, 0x0000000100000000)
  eden space 6144K, 100% used [0x00000000eab00000,0x00000000eb100000,0x00000000eb100000)
  from space 1536K, 68% used [0x00000000eb180000,0x00000000eb2854c0,0x00000000eb300000)
  to   space 1536K, 0% used [0x00000000eb300000,0x00000000eb300000,0x00000000eb480000)
 ParOldGen       total 428032K, used 427894K [0x00000000c0000000, 0x00000000da200000, 0x00000000eab00000)
  object space 428032K, 99% used [0x00000000c0000000,0x00000000da1dd9c8,0x00000000da200000)
 Metaspace       used 60264K, committed 61568K, reserved 1114112K
  class space    used 6127K, committed 6720K, reserved 1048576K
}
Event: 56.392 GC heap after
{Heap after GC invocations=413 (full 3):
 PSYoungGen      total 7168K, used 859K [0x00000000eab00000, 0x00000000eb400000, 0x0000000100000000)
  eden space 6144K, 0% used [0x00000000eab00000,0x00000000eab00000,0x00000000eb100000)
  from space 1024K, 83% used [0x00000000eb300000,0x00000000eb3d6c08,0x00000000eb400000)
  to   space 1024K, 0% used [0x00000000eb200000,0x00000000eb200000,0x00000000eb300000)
 ParOldGen       total 429056K, used 428734K [0x00000000c0000000, 0x00000000da300000, 0x00000000eab00000)
  object space 429056K, 99% used [0x00000000c0000000,0x00000000da2af9c8,0x00000000da300000)
 Metaspace       used 60264K, committed 61568K, reserved 1114112K
  class space    used 6127K, committed 6720K, reserved 1048576K
}
Event: 56.472 GC heap before
{Heap before GC invocations=414 (full 3):
 PSYoungGen      total 7168K, used 7003K [0x00000000eab00000, 0x00000000eb400000, 0x0000000100000000)
  eden space 6144K, 100% used [0x00000000eab00000,0x00000000eb100000,0x00000000eb100000)
  from space 1024K, 83% used [0x00000000eb300000,0x00000000eb3d6c08,0x00000000eb400000)
  to   space 1024K, 0% used [0x00000000eb200000,0x00000000eb200000,0x00000000eb300000)
 ParOldGen       total 429056K, used 428734K [0x00000000c0000000, 0x00000000da300000, 0x00000000eab00000)
  object space 429056K, 99% used [0x00000000c0000000,0x00000000da2af9c8,0x00000000da300000)
 Metaspace       used 60286K, committed 61568K, reserved 1114112K
  class space    used 6127K, committed 6720K, reserved 1048576K
}
Event: 56.474 GC heap after
{Heap after GC invocations=414 (full 3):
 PSYoungGen      total 7168K, used 726K [0x00000000eab00000, 0x00000000eb380000, 0x0000000100000000)
  eden space 6144K, 0% used [0x00000000eab00000,0x00000000eab00000,0x00000000eb100000)
  from space 1024K, 70% used [0x00000000eb200000,0x00000000eb2b5808,0x00000000eb300000)
  to   space 512K, 0% used [0x00000000eb300000,0x00000000eb300000,0x00000000eb380000)
 ParOldGen       total 429568K, used 429398K [0x00000000c0000000, 0x00000000da380000, 0x00000000eab00000)
  object space 429568K, 99% used [0x00000000c0000000,0x00000000da3559c8,0x00000000da380000)
 Metaspace       used 60286K, committed 61568K, reserved 1114112K
  class space    used 6127K, committed 6720K, reserved 1048576K
}
Event: 56.504 GC heap before
{Heap before GC invocations=415 (full 3):
 PSYoungGen      total 7168K, used 6870K [0x00000000eab00000, 0x00000000eb380000, 0x0000000100000000)
  eden space 6144K, 100% used [0x00000000eab00000,0x00000000eb100000,0x00000000eb100000)
  from space 1024K, 70% used [0x00000000eb200000,0x00000000eb2b5808,0x00000000eb300000)
  to   space 512K, 0% used [0x00000000eb300000,0x00000000eb300000,0x00000000eb380000)
 ParOldGen       total 429568K, used 429398K [0x00000000c0000000, 0x00000000da380000, 0x00000000eab00000)
  object space 429568K, 99% used [0x00000000c0000000,0x00000000da3559c8,0x00000000da380000)
 Metaspace       used 60287K, committed 61568K, reserved 1114112K
  class space    used 6127K, committed 6720K, reserved 1048576K
}
Event: 56.508 GC heap after
{Heap after GC invocations=415 (full 3):
 PSYoungGen      total 6656K, used 507K [0x00000000eab00000, 0x00000000eb400000, 0x0000000100000000)
  eden space 6144K, 0% used [0x00000000eab00000,0x00000000eab00000,0x00000000eb100000)
  from space 512K, 99% used [0x00000000eb300000,0x00000000eb37ec08,0x00000000eb380000)
  to   space 1536K, 0% used [0x00000000eb100000,0x00000000eb100000,0x00000000eb280000)
 ParOldGen       total 430592K, used 430196K [0x00000000c0000000, 0x00000000da480000, 0x00000000eab00000)
  object space 430592K, 99% used [0x00000000c0000000,0x00000000da41d1d0,0x00000000da480000)
 Metaspace       used 60287K, committed 61568K, reserved 1114112K
  class space    used 6127K, committed 6720K, reserved 1048576K
}
Event: 56.565 GC heap before
{Heap before GC invocations=416 (full 3):
 PSYoungGen      total 6656K, used 6644K [0x00000000eab00000, 0x00000000eb400000, 0x0000000100000000)
  eden space 6144K, 99% used [0x00000000eab00000,0x00000000eb0fe5b8,0x00000000eb100000)
  from space 512K, 99% used [0x00000000eb300000,0x00000000eb37ec08,0x00000000eb380000)
  to   space 1536K, 0% used [0x00000000eb100000,0x00000000eb100000,0x00000000eb280000)
 ParOldGen       total 430592K, used 430196K [0x00000000c0000000, 0x00000000da480000, 0x00000000eab00000)
  object space 430592K, 99% used [0x00000000c0000000,0x00000000da41d1d0,0x00000000da480000)
 Metaspace       used 60299K, committed 61632K, reserved 1114112K
  class space    used 6127K, committed 6720K, reserved 1048576K
}
Event: 56.569 GC heap after
{Heap after GC invocations=416 (full 3):
 PSYoungGen      total 7680K, used 1046K [0x00000000eab00000, 0x00000000eb400000, 0x0000000100000000)
  eden space 6144K, 0% used [0x00000000eab00000,0x00000000eab00000,0x00000000eb100000)
  from space 1536K, 68% used [0x00000000eb100000,0x00000000eb205808,0x00000000eb280000)
  to   space 1536K, 0% used [0x00000000eb280000,0x00000000eb280000,0x00000000eb400000)
 ParOldGen       total 431104K, used 430664K [0x00000000c0000000, 0x00000000da500000, 0x00000000eab00000)
  object space 431104K, 99% used [0x00000000c0000000,0x00000000da4921e0,0x00000000da500000)
 Metaspace       used 60299K, committed 61632K, reserved 1114112K
  class space    used 6127K, committed 6720K, reserved 1048576K
}
Event: 56.614 GC heap before
{Heap before GC invocations=417 (full 3):
 PSYoungGen      total 7680K, used 7190K [0x00000000eab00000, 0x00000000eb400000, 0x0000000100000000)
  eden space 6144K, 100% used [0x00000000eab00000,0x00000000eb100000,0x00000000eb100000)
  from space 1536K, 68% used [0x00000000eb100000,0x00000000eb205808,0x00000000eb280000)
  to   space 1536K, 0% used [0x00000000eb280000,0x00000000eb280000,0x00000000eb400000)
 ParOldGen       total 431104K, used 430664K [0x00000000c0000000, 0x00000000da500000, 0x00000000eab00000)
  object space 431104K, 99% used [0x00000000c0000000,0x00000000da4921e0,0x00000000da500000)
 Metaspace       used 60314K, committed 61632K, reserved 1114112K
  class space    used 6128K, committed 6720K, reserved 1048576K
}
Event: 56.616 GC heap after
{Heap after GC invocations=417 (full 3):
 PSYoungGen      total 7168K, used 864K [0x00000000eab00000, 0x00000000eb380000, 0x0000000100000000)
  eden space 6144K, 0% used [0x00000000eab00000,0x00000000eab00000,0x00000000eb100000)
  from space 1024K, 84% used [0x00000000eb280000,0x00000000eb358000,0x00000000eb380000)
  to   space 1024K, 0% used [0x00000000eb180000,0x00000000eb180000,0x00000000eb280000)
 ParOldGen       total 431616K, used 431590K [0x00000000c0000000, 0x00000000da580000, 0x00000000eab00000)
  object space 431616K, 99% used [0x00000000c0000000,0x00000000da5799e8,0x00000000da580000)
 Metaspace       used 60314K, committed 61632K, reserved 1114112K
  class space    used 6128K, committed 6720K, reserved 1048576K
}
Event: 56.665 GC heap before
{Heap before GC invocations=418 (full 3):
 PSYoungGen      total 7168K, used 7008K [0x00000000eab00000, 0x00000000eb380000, 0x0000000100000000)
  eden space 6144K, 100% used [0x00000000eab00000,0x00000000eb100000,0x00000000eb100000)
  from space 1024K, 84% used [0x00000000eb280000,0x00000000eb358000,0x00000000eb380000)
  to   space 1024K, 0% used [0x00000000eb180000,0x00000000eb180000,0x00000000eb280000)
 ParOldGen       total 431616K, used 431590K [0x00000000c0000000, 0x00000000da580000, 0x00000000eab00000)
  object space 431616K, 99% used [0x00000000c0000000,0x00000000da5799e8,0x00000000da580000)
 Metaspace       used 60319K, committed 61632K, reserved 1114112K
  class space    used 6128K, committed 6720K, reserved 1048576K
}
Event: 56.668 GC heap after
{Heap after GC invocations=418 (full 3):
 PSYoungGen      total 7168K, used 800K [0x00000000eab00000, 0x00000000eb300000, 0x0000000100000000)
  eden space 6144K, 0% used [0x00000000eab00000,0x00000000eab00000,0x00000000eb100000)
  from space 1024K, 78% used [0x00000000eb180000,0x00000000eb248000,0x00000000eb280000)
  to   space 512K, 0% used [0x00000000eb280000,0x00000000eb280000,0x00000000eb300000)
 ParOldGen       total 432640K, used 432302K [0x00000000c0000000, 0x00000000da680000, 0x00000000eab00000)
  object space 432640K, 99% used [0x00000000c0000000,0x00000000da62b9e8,0x00000000da680000)
 Metaspace       used 60319K, committed 61632K, reserved 1114112K
  class space    used 6128K, committed 6720K, reserved 1048576K
}
Event: 56.698 GC heap before
{Heap before GC invocations=419 (full 3):
 PSYoungGen      total 7168K, used 6944K [0x00000000eab00000, 0x00000000eb300000, 0x0000000100000000)
  eden space 6144K, 100% used [0x00000000eab00000,0x00000000eb100000,0x00000000eb100000)
  from space 1024K, 78% used [0x00000000eb180000,0x00000000eb248000,0x00000000eb280000)
  to   space 512K, 0% used [0x00000000eb280000,0x00000000eb280000,0x00000000eb300000)
 ParOldGen       total 432640K, used 432302K [0x00000000c0000000, 0x00000000da680000, 0x00000000eab00000)
  object space 432640K, 99% used [0x00000000c0000000,0x00000000da62b9e8,0x00000000da680000)
 Metaspace       used 60348K, committed 61632K, reserved 1114112K
  class space    used 6129K, committed 6720K, reserved 1048576K
}
Event: 56.700 GC heap after
{Heap after GC invocations=419 (full 3):
 PSYoungGen      total 6144K, used 512K [0x00000000eab00000, 0x00000000eb500000, 0x0000000100000000)
  eden space 5632K, 0% used [0x00000000eab00000,0x00000000eab00000,0x00000000eb080000)
  from space 512K, 100% used [0x00000000eb280000,0x00000000eb300000,0x00000000eb300000)
  to   space 2048K, 0% used [0x00000000eb080000,0x00000000eb080000,0x00000000eb280000)
 ParOldGen       total 433664K, used 433282K [0x00000000c0000000, 0x00000000da780000, 0x00000000eab00000)
  object space 433664K, 99% used [0x00000000c0000000,0x00000000da7209f0,0x00000000da780000)
 Metaspace       used 60348K, committed 61632K, reserved 1114112K
  class space    used 6129K, committed 6720K, reserved 1048576K
}
Event: 56.730 GC heap before
{Heap before GC invocations=420 (full 3):
 PSYoungGen      total 6144K, used 6144K [0x00000000eab00000, 0x00000000eb500000, 0x0000000100000000)
  eden space 5632K, 100% used [0x00000000eab00000,0x00000000eb080000,0x00000000eb080000)
  from space 512K, 100% used [0x00000000eb280000,0x00000000eb300000,0x00000000eb300000)
  to   space 2048K, 0% used [0x00000000eb080000,0x00000000eb080000,0x00000000eb280000)
 ParOldGen       total 433664K, used 433282K [0x00000000c0000000, 0x00000000da780000, 0x00000000eab00000)
  object space 433664K, 99% used [0x00000000c0000000,0x00000000da7209f0,0x00000000da780000)
 Metaspace       used 60350K, committed 61632K, reserved 1114112K
  class space    used 6129K, committed 6720K, reserved 1048576K
}
Event: 56.732 GC heap after
{Heap after GC invocations=420 (full 3):
 PSYoungGen      total 6656K, used 640K [0x00000000eab00000, 0x00000000eb300000, 0x0000000100000000)
  eden space 5632K, 0% used [0x00000000eab00000,0x00000000eab00000,0x00000000eb080000)
  from space 1024K, 62% used [0x00000000eb080000,0x00000000eb120000,0x00000000eb180000)
  to   space 1024K, 0% used [0x00000000eb200000,0x00000000eb200000,0x00000000eb300000)
 ParOldGen       total 434176K, used 433814K [0x00000000c0000000, 0x00000000da800000, 0x00000000eab00000)
  object space 434176K, 99% used [0x00000000c0000000,0x00000000da7a5a00,0x00000000da800000)
 Metaspace       used 60350K, committed 61632K, reserved 1114112K
  class space    used 6129K, committed 6720K, reserved 1048576K
}
Event: 56.777 GC heap before
{Heap before GC invocations=421 (full 3):
 PSYoungGen      total 6656K, used 6272K [0x00000000eab00000, 0x00000000eb300000, 0x0000000100000000)
  eden space 5632K, 100% used [0x00000000eab00000,0x00000000eb080000,0x00000000eb080000)
  from space 1024K, 62% used [0x00000000eb080000,0x00000000eb120000,0x00000000eb180000)
  to   space 1024K, 0% used [0x00000000eb200000,0x00000000eb200000,0x00000000eb300000)
 ParOldGen       total 434176K, used 433814K [0x00000000c0000000, 0x00000000da800000, 0x00000000eab00000)
  object space 434176K, 99% used [0x00000000c0000000,0x00000000da7a5a00,0x00000000da800000)
 Metaspace       used 60372K, committed 61760K, reserved 1114112K
  class space    used 6129K, committed 6720K, reserved 1048576K
}
Event: 56.780 GC heap after
{Heap after GC invocations=421 (full 3):
 PSYoungGen      total 6656K, used 768K [0x00000000eab00000, 0x00000000eb300000, 0x0000000100000000)
  eden space 5632K, 0% used [0x00000000eab00000,0x00000000eab00000,0x00000000eb080000)
  from space 1024K, 75% used [0x00000000eb200000,0x00000000eb2c0000,0x00000000eb300000)
  to   space 1024K, 0% used [0x00000000eb080000,0x00000000eb080000,0x00000000eb180000)
 ParOldGen       total 434688K, used 434305K [0x00000000c0000000, 0x00000000da880000, 0x00000000eab00000)
  object space 434688K, 99% used [0x00000000c0000000,0x00000000da820518,0x00000000da880000)
 Metaspace       used 60372K, committed 61760K, reserved 1114112K
  class space    used 6129K, committed 6720K, reserved 1048576K
}
Event: 56.862 GC heap before
{Heap before GC invocations=422 (full 3):
 PSYoungGen      total 6656K, used 6400K [0x00000000eab00000, 0x00000000eb300000, 0x0000000100000000)
  eden space 5632K, 100% used [0x00000000eab00000,0x00000000eb080000,0x00000000eb080000)
  from space 1024K, 75% used [0x00000000eb200000,0x00000000eb2c0000,0x00000000eb300000)
  to   space 1024K, 0% used [0x00000000eb080000,0x00000000eb080000,0x00000000eb180000)
 ParOldGen       total 434688K, used 434305K [0x00000000c0000000, 0x00000000da880000, 0x00000000eab00000)
  object space 434688K, 99% used [0x00000000c0000000,0x00000000da820518,0x00000000da880000)
 Metaspace       used 60402K, committed 61760K, reserved 1114112K
  class space    used 6129K, committed 6720K, reserved 1048576K
}
Event: 56.864 GC heap after
{Heap after GC invocations=422 (full 3):
 PSYoungGen      total 6656K, used 512K [0x00000000eab00000, 0x00000000eb280000, 0x0000000100000000)
  eden space 5632K, 0% used [0x00000000eab00000,0x00000000eab00000,0x00000000eb080000)
  from space 1024K, 50% used [0x00000000eb080000,0x00000000eb100000,0x00000000eb180000)
  to   space 1024K, 0% used [0x00000000eb180000,0x00000000eb180000,0x00000000eb280000)
 ParOldGen       total 435200K, used 434905K [0x00000000c0000000, 0x00000000da900000, 0x00000000eab00000)
  object space 435200K, 99% used [0x00000000c0000000,0x00000000da8b6518,0x00000000da900000)
 Metaspace       used 60402K, committed 61760K, reserved 1114112K
  class space    used 6129K, committed 6720K, reserved 1048576K
}

Dll operation events (10 events):
Event: 0.022 Loaded shared library c:\Users\dactu\.vscode\extensions\redhat.java-1.39.0-win32-x64\jre\21.0.5-win32-x86_64\bin\java.dll
Event: 0.064 Loaded shared library c:\Users\dactu\.vscode\extensions\redhat.java-1.39.0-win32-x64\jre\21.0.5-win32-x86_64\bin\zip.dll
Event: 0.131 Loaded shared library C:\Users\dactu\.vscode\extensions\redhat.java-1.39.0-win32-x64\jre\21.0.5-win32-x86_64\bin\instrument.dll
Event: 0.135 Loaded shared library C:\Users\dactu\.vscode\extensions\redhat.java-1.39.0-win32-x64\jre\21.0.5-win32-x86_64\bin\net.dll
Event: 0.138 Loaded shared library C:\Users\dactu\.vscode\extensions\redhat.java-1.39.0-win32-x64\jre\21.0.5-win32-x86_64\bin\nio.dll
Event: 0.142 Loaded shared library C:\Users\dactu\.vscode\extensions\redhat.java-1.39.0-win32-x64\jre\21.0.5-win32-x86_64\bin\zip.dll
Event: 0.164 Loaded shared library C:\Users\dactu\.vscode\extensions\redhat.java-1.39.0-win32-x64\jre\21.0.5-win32-x86_64\bin\jimage.dll
Event: 0.239 Loaded shared library c:\Users\dactu\.vscode\extensions\redhat.java-1.39.0-win32-x64\jre\21.0.5-win32-x86_64\bin\verify.dll
Event: 9.766 Loaded shared library C:\Users\dactu\AppData\Roaming\Code\User\globalStorage\redhat.java\1.39.0\config_win\org.eclipse.equinox.launcher\org.eclipse.equinox.launcher.win32.win32.x86_64_1.2.1100.v20240722-2106\eclipse_11904.dll
Event: 26.571 Loaded shared library C:\Users\dactu\AppData\Local\Temp\jna-95340679\jna3568453596502927106.dll

Deoptimization events (20 events):
Event: 56.272 Thread 0x000002715701e600 DEOPT PACKING pc=0x0000027108339834 sp=0x000000d9437fded0
Event: 56.272 Thread 0x000002715701e600 DEOPT UNPACKING pc=0x0000027107586da2 sp=0x000000d9437fde48 mode 2
Event: 56.272 Thread 0x000002715701e600 Uncommon trap: trap_request=0xffffffd6 fr.pc=0x0000027108339834 relative=0x0000000000000214
Event: 56.272 Thread 0x000002715701e600 Uncommon trap: reason=array_check action=maybe_recompile pc=0x0000027108339834 method=java.util.HashMap.keysToArray([Ljava/lang/Object;)[Ljava/lang/Object; @ 62 c2
Event: 56.272 Thread 0x000002715701e600 DEOPT PACKING pc=0x0000027108339834 sp=0x000000d9437fdd00
Event: 56.272 Thread 0x000002715701e600 DEOPT UNPACKING pc=0x0000027107586da2 sp=0x000000d9437fdc78 mode 2
Event: 56.273 Thread 0x000002715701e600 Uncommon trap: trap_request=0xffffffd6 fr.pc=0x0000027108339834 relative=0x0000000000000214
Event: 56.273 Thread 0x000002715701e600 Uncommon trap: reason=array_check action=maybe_recompile pc=0x0000027108339834 method=java.util.HashMap.keysToArray([Ljava/lang/Object;)[Ljava/lang/Object; @ 62 c2
Event: 56.273 Thread 0x000002715701e600 DEOPT PACKING pc=0x0000027108339834 sp=0x000000d9437fe1c0
Event: 56.273 Thread 0x000002715701e600 DEOPT UNPACKING pc=0x0000027107586da2 sp=0x000000d9437fe138 mode 2
Event: 56.273 Thread 0x000002715701e600 Uncommon trap: trap_request=0xffffffd6 fr.pc=0x0000027108339834 relative=0x0000000000000214
Event: 56.273 Thread 0x000002715701e600 Uncommon trap: reason=array_check action=maybe_recompile pc=0x0000027108339834 method=java.util.HashMap.keysToArray([Ljava/lang/Object;)[Ljava/lang/Object; @ 62 c2
Event: 56.273 Thread 0x000002715701e600 DEOPT PACKING pc=0x0000027108339834 sp=0x000000d9437fe020
Event: 56.273 Thread 0x000002715701e600 DEOPT UNPACKING pc=0x0000027107586da2 sp=0x000000d9437fdf98 mode 2
Event: 56.453 Thread 0x000002715701f320 DEOPT PACKING pc=0x000002710088662a sp=0x000000d9433fe510
Event: 56.453 Thread 0x000002715701f320 DEOPT UNPACKING pc=0x00000271075878e2 sp=0x000000d9433fda00 mode 0
Event: 56.671 Thread 0x000002717f156690 Uncommon trap: trap_request=0xffffff45 fr.pc=0x0000027108307f10 relative=0x0000000000000b90
Event: 56.671 Thread 0x000002717f156690 Uncommon trap: reason=unstable_if action=reinterpret pc=0x0000027108307f10 method=org.eclipse.jdt.internal.compiler.parser.Scanner.internalScanIdentifierOrKeyword(II[C)I @ 1713 c2
Event: 56.671 Thread 0x000002717f156690 DEOPT PACKING pc=0x0000027108307f10 sp=0x000000d940dfef70
Event: 56.671 Thread 0x000002717f156690 DEOPT UNPACKING pc=0x0000027107586da2 sp=0x000000d940dfef10 mode 2

Classes loaded (20 events):
Event: 52.825 Loading class java/util/stream/IntPipeline
Event: 52.825 Loading class java/util/stream/IntStream
Event: 52.825 Loading class java/util/stream/IntStream done
Event: 52.825 Loading class java/util/stream/IntPipeline done
Event: 52.825 Loading class java/util/stream/IntPipeline$StatelessOp done
Event: 52.825 Loading class java/util/stream/ReferencePipeline$4 done
Event: 52.826 Loading class java/util/stream/Nodes$IntFixedNodeBuilder
Event: 52.826 Loading class java/util/stream/Node$Builder$OfInt
Event: 52.827 Loading class java/util/stream/Sink$OfInt
Event: 52.827 Loading class java/util/stream/Sink$OfInt done
Event: 52.827 Loading class java/util/stream/Node$Builder$OfInt done
Event: 52.827 Loading class java/util/stream/Nodes$IntArrayNode
Event: 52.827 Loading class java/util/stream/Nodes$IntArrayNode done
Event: 52.827 Loading class java/util/stream/Nodes$IntFixedNodeBuilder done
Event: 52.827 Loading class java/util/stream/ReferencePipeline$4$1
Event: 52.827 Loading class java/util/stream/ReferencePipeline$4$1 done
Event: 52.828 Loading class sun/nio/ch/ChannelOutputStream
Event: 52.828 Loading class sun/nio/ch/ChannelOutputStream done
Event: 54.126 Loading class sun/nio/cs/ISO_8859_1$Decoder
Event: 54.126 Loading class sun/nio/cs/ISO_8859_1$Decoder done

Classes unloaded (7 events):
Event: 27.809 Thread 0x000002717d244a80 Unloading class 0x000002711019b000 'java/lang/invoke/LambdaForm$MH+0x000002711019b000'
Event: 27.809 Thread 0x000002717d244a80 Unloading class 0x000002711019ac00 'java/lang/invoke/LambdaForm$MH+0x000002711019ac00'
Event: 27.809 Thread 0x000002717d244a80 Unloading class 0x000002711019a800 'java/lang/invoke/LambdaForm$MH+0x000002711019a800'
Event: 27.809 Thread 0x000002717d244a80 Unloading class 0x000002711019a400 'java/lang/invoke/LambdaForm$MH+0x000002711019a400'
Event: 27.809 Thread 0x000002717d244a80 Unloading class 0x000002711019a000 'java/lang/invoke/LambdaForm$BMH+0x000002711019a000'
Event: 27.809 Thread 0x000002717d244a80 Unloading class 0x0000027110199c00 'java/lang/invoke/LambdaForm$DMH+0x0000027110199c00'
Event: 27.809 Thread 0x000002717d244a80 Unloading class 0x0000027110198c00 'java/lang/invoke/LambdaForm$DMH+0x0000027110198c00'

Classes redefined (0 events):
No events

Internal exceptions (20 events):
Event: 52.923 Thread 0x000002717ef362e0 Implicit null exception at 0x0000027107dc3f55 to 0x0000027107dc4124
Event: 52.975 Thread 0x000002717ef362e0 Exception <a 'java/lang/NoSuchMethodError'{0x00000000ead89cb0}: 'void java.lang.invoke.DirectMethodHandle$Holder.invokeStatic(java.lang.Object, int, java.lang.Object)'> (0x00000000ead89cb0) 
thrown [s\src\hotspot\share\interpreter\linkResolver.cpp, line 773]
Event: 53.329 Thread 0x000002717f156690 Exception <a 'sun/nio/fs/WindowsException'{0x00000000eab5b2e0}> (0x00000000eab5b2e0) 
thrown [s\src\hotspot\share\prims\jni.cpp, line 520]
Event: 53.369 Thread 0x000002717f156690 Exception <a 'sun/nio/fs/WindowsException'{0x00000000eab51aa8}> (0x00000000eab51aa8) 
thrown [s\src\hotspot\share\prims\jni.cpp, line 520]
Event: 53.466 Thread 0x000002717ef362e0 Implicit null exception at 0x00000271081ef154 to 0x00000271081ef1a4
Event: 53.700 Thread 0x000002717f157a40 Exception <a 'sun/nio/fs/WindowsException'{0x00000000eace9cf8}> (0x00000000eace9cf8) 
thrown [s\src\hotspot\share\prims\jni.cpp, line 520]
Event: 53.700 Thread 0x000002717f157a40 Exception <a 'sun/nio/fs/WindowsException'{0x00000000eacea328}> (0x00000000eacea328) 
thrown [s\src\hotspot\share\prims\jni.cpp, line 520]
Event: 53.897 Thread 0x000002717f157a40 Exception <a 'java/lang/NoSuchMethodError'{0x00000000eababf50}: 'void java.lang.invoke.DirectMethodHandle$Holder.invokeVirtual(java.lang.Object, java.lang.Object, int)'> (0x00000000eababf50) 
thrown [s\src\hotspot\share\interpreter\linkResolver.cpp, line 773]
Event: 53.932 Thread 0x000002717f157a40 Exception <a 'java/lang/NoSuchMethodError'{0x00000000eac0c780}: 'void java.lang.invoke.DirectMethodHandle$Holder.invokeInterface(java.lang.Object, java.lang.Object)'> (0x00000000eac0c780) 
thrown [s\src\hotspot\share\interpreter\linkResolver.cpp, line 773]
Event: 53.947 Thread 0x000002715701ec90 Exception <a 'java/lang/NoSuchMethodError'{0x00000000eabb2c68}: 'void java.lang.invoke.DirectMethodHandle$Holder.invokeSpecial(java.lang.Object, java.lang.Object, java.lang.Object, java.lang.Object, java.lang.Object, java.lang.Object, java.lang.Object, java.lang.Object)'> (0x00000000eabb2c68) 
thrown [s\src\hotspot\share\interpreter\linkResolver.cpp, line 773]
Event: 54.152 Thread 0x000002717f156690 Exception <a 'sun/nio/fs/WindowsException'{0x00000000eab744f8}> (0x00000000eab744f8) 
thrown [s\src\hotspot\share\prims\jni.cpp, line 520]
Event: 54.259 Thread 0x000002717f156690 Exception <a 'sun/nio/fs/WindowsException'{0x00000000eab6fbd0}> (0x00000000eab6fbd0) 
thrown [s\src\hotspot\share\prims\jni.cpp, line 520]
Event: 54.331 Thread 0x000002717f156690 Exception <a 'sun/nio/fs/WindowsException'{0x00000000eabcb580}> (0x00000000eabcb580) 
thrown [s\src\hotspot\share\prims\jni.cpp, line 520]
Event: 54.386 Thread 0x000002717f156690 Exception <a 'sun/nio/fs/WindowsException'{0x00000000eac418e8}> (0x00000000eac418e8) 
thrown [s\src\hotspot\share\prims\jni.cpp, line 520]
Event: 54.425 Thread 0x000002717f156690 Exception <a 'sun/nio/fs/WindowsException'{0x00000000eab485b0}> (0x00000000eab485b0) 
thrown [s\src\hotspot\share\prims\jni.cpp, line 520]
Event: 54.568 Thread 0x000002717f156690 Exception <a 'sun/nio/fs/WindowsException'{0x00000000eacd5d90}> (0x00000000eacd5d90) 
thrown [s\src\hotspot\share\prims\jni.cpp, line 520]
Event: 54.834 Thread 0x000002717f156690 Exception <a 'sun/nio/fs/WindowsException'{0x00000000eab2d078}> (0x00000000eab2d078) 
thrown [s\src\hotspot\share\prims\jni.cpp, line 520]
Event: 54.909 Thread 0x000002717f156690 Exception <a 'sun/nio/fs/WindowsException'{0x00000000eacca2b0}> (0x00000000eacca2b0) 
thrown [s\src\hotspot\share\prims\jni.cpp, line 520]
Event: 56.337 Thread 0x000002717f156690 Exception <a 'sun/nio/fs/WindowsException'{0x00000000eac3e070}> (0x00000000eac3e070) 
thrown [s\src\hotspot\share\prims\jni.cpp, line 520]
Event: 56.453 Thread 0x000002717f156690 Exception <a 'sun/nio/fs/WindowsException'{0x00000000eadc3e98}> (0x00000000eadc3e98) 
thrown [s\src\hotspot\share\prims\jni.cpp, line 520]

ZGC Phase Switch (0 events):
No events

VM Operations (20 events):
Event: 56.495 Executing VM operation: ParallelGCFailedAllocation (Allocation Failure)
Event: 56.508 Executing VM operation: ParallelGCFailedAllocation (Allocation Failure) done
Event: 56.564 Executing VM operation: ParallelGCFailedAllocation (Allocation Failure)
Event: 56.569 Executing VM operation: ParallelGCFailedAllocation (Allocation Failure) done
Event: 56.592 Executing VM operation: ParallelGCFailedAllocation (Allocation Failure)
Event: 56.617 Executing VM operation: ParallelGCFailedAllocation (Allocation Failure) done
Event: 56.665 Executing VM operation: ParallelGCFailedAllocation (Allocation Failure)
Event: 56.668 Executing VM operation: ParallelGCFailedAllocation (Allocation Failure) done
Event: 56.697 Executing VM operation: HandshakeAllThreads (Deoptimize)
Event: 56.698 Executing VM operation: HandshakeAllThreads (Deoptimize) done
Event: 56.698 Executing VM operation: ParallelGCFailedAllocation (Allocation Failure)
Event: 56.700 Executing VM operation: ParallelGCFailedAllocation (Allocation Failure) done
Event: 56.730 Executing VM operation: ParallelGCFailedAllocation (Allocation Failure)
Event: 56.732 Executing VM operation: ParallelGCFailedAllocation (Allocation Failure) done
Event: 56.777 Executing VM operation: ParallelGCFailedAllocation (Allocation Failure)
Event: 56.780 Executing VM operation: ParallelGCFailedAllocation (Allocation Failure) done
Event: 56.862 Executing VM operation: ParallelGCFailedAllocation (Allocation Failure)
Event: 56.864 Executing VM operation: ParallelGCFailedAllocation (Allocation Failure) done
Event: 57.866 Executing VM operation: Cleanup
Event: 57.866 Executing VM operation: Cleanup done

Memory protections (0 events):
No events

Nmethod flushes (20 events):
Event: 48.705 Thread 0x000002717d244a80 flushing  nmethod 0x00000271009dc210
Event: 48.705 Thread 0x000002717d244a80 flushing  nmethod 0x00000271009dc610
Event: 48.705 Thread 0x000002717d244a80 flushing  nmethod 0x00000271009dca90
Event: 48.705 Thread 0x000002717d244a80 flushing  nmethod 0x00000271009dd090
Event: 48.705 Thread 0x000002717d244a80 flushing  nmethod 0x00000271009dd490
Event: 48.705 Thread 0x000002717d244a80 flushing  nmethod 0x00000271009dda90
Event: 48.705 Thread 0x000002717d244a80 flushing  nmethod 0x00000271009f0010
Event: 48.705 Thread 0x000002717d244a80 flushing  nmethod 0x0000027100a00e90
Event: 48.705 Thread 0x000002717d244a80 flushing  nmethod 0x0000027100a05390
Event: 48.705 Thread 0x000002717d244a80 flushing  nmethod 0x0000027100a1e210
Event: 48.705 Thread 0x000002717d244a80 flushing  nmethod 0x0000027100a1f010
Event: 48.705 Thread 0x000002717d244a80 flushing  nmethod 0x0000027100a1f810
Event: 48.705 Thread 0x000002717d244a80 flushing  nmethod 0x0000027100a20d10
Event: 48.705 Thread 0x000002717d244a80 flushing  nmethod 0x0000027100a22010
Event: 48.705 Thread 0x000002717d244a80 flushing  nmethod 0x0000027100a2af90
Event: 48.705 Thread 0x000002717d244a80 flushing  nmethod 0x0000027100a4bf90
Event: 48.705 Thread 0x000002717d244a80 flushing  nmethod 0x0000027100a4c590
Event: 48.705 Thread 0x000002717d244a80 flushing  nmethod 0x0000027100a4cc90
Event: 48.705 Thread 0x000002717d244a80 flushing  nmethod 0x0000027100a4df90
Event: 48.705 Thread 0x000002717d244a80 flushing  nmethod 0x0000027100a59b90

Events (20 events):
Event: 50.123 Thread 0x000002717f157a40 Thread added: 0x000002717ef348a0
Event: 50.123 Thread 0x000002717f157a40 Thread added: 0x000002717ef31420
Event: 51.648 Thread 0x000002717ed6de80 Thread added: 0x0000027157b73820
Event: 52.710 Thread 0x000002717f157a40 Thread added: 0x000002717ef362e0
Event: 52.775 Thread 0x000002717f157a40 Thread added: 0x000002717ef355c0
Event: 52.831 Thread 0x000002717f157a40 Thread added: 0x000002717ef37000
Event: 52.832 Thread 0x000002717f157a40 Thread added: 0x000002717ef35c50
Event: 52.832 Thread 0x000002717f157a40 Thread added: 0x000002717ef36970
Event: 52.832 Thread 0x000002717f157a40 Thread added: 0x000002717ef37690
Event: 52.832 Thread 0x000002717f157a40 Thread added: 0x000002715701d8e0
Event: 53.938 Thread 0x000002717f157a40 Thread added: 0x000002715701f320
Event: 53.938 Thread 0x000002717f157a40 Thread added: 0x000002715701ec90
Event: 53.938 Thread 0x000002717f157a40 Thread added: 0x000002715701df70
Event: 53.938 Thread 0x000002717f157a40 Thread added: 0x000002715701bea0
Event: 53.938 Thread 0x000002717f157a40 Thread added: 0x000002715701e600
Event: 56.869 Thread 0x000002715701df70 Thread exited: 0x000002715701df70
Event: 56.869 Thread 0x000002715701f320 Thread exited: 0x000002715701f320
Event: 56.869 Thread 0x000002715701e600 Thread exited: 0x000002715701e600
Event: 56.869 Thread 0x000002715701ec90 Thread exited: 0x000002715701ec90
Event: 56.869 Thread 0x000002715701bea0 Thread exited: 0x000002715701bea0


Dynamic libraries:
0x00007ff7944a0000 - 0x00007ff7944ae000 	c:\Users\dactu\.vscode\extensions\redhat.java-1.39.0-win32-x64\jre\21.0.5-win32-x86_64\bin\java.exe
0x00007ffec15e0000 - 0x00007ffec1843000 	C:\WINDOWS\SYSTEM32\ntdll.dll
0x00007ffec0270000 - 0x00007ffec0337000 	C:\WINDOWS\System32\KERNEL32.DLL
0x00007ffebe980000 - 0x00007ffebed47000 	C:\WINDOWS\System32\KERNELBASE.dll
0x00007ffeb8f10000 - 0x00007ffeb8fac000 	C:\WINDOWS\SYSTEM32\apphelp.dll
0x00007ffebed50000 - 0x00007ffebee9c000 	C:\WINDOWS\System32\ucrtbase.dll
0x00007ffe4d6a0000 - 0x00007ffe4d6be000 	c:\Users\dactu\.vscode\extensions\redhat.java-1.39.0-win32-x64\jre\21.0.5-win32-x86_64\bin\VCRUNTIME140.dll
0x00007ffe72b50000 - 0x00007ffe72b68000 	c:\Users\dactu\.vscode\extensions\redhat.java-1.39.0-win32-x64\jre\21.0.5-win32-x86_64\bin\jli.dll
0x00007ffebfca0000 - 0x00007ffebfe69000 	C:\WINDOWS\System32\USER32.dll
0x00007ffebeff0000 - 0x00007ffebf017000 	C:\WINDOWS\System32\win32u.dll
0x00007ffec09d0000 - 0x00007ffec09fa000 	C:\WINDOWS\System32\GDI32.dll
0x00007ffea3f40000 - 0x00007ffea41d0000 	C:\WINDOWS\WinSxS\amd64_microsoft.windows.common-controls_6595b64144ccf1df_6.0.26100.3037_none_3e09262ce333c378\COMCTL32.dll
0x00007ffebf230000 - 0x00007ffebf35b000 	C:\WINDOWS\System32\gdi32full.dll
0x00007ffec0c30000 - 0x00007ffec0cd9000 	C:\WINDOWS\System32\msvcrt.dll
0x00007ffebef40000 - 0x00007ffebefe3000 	C:\WINDOWS\System32\msvcp_win.dll
0x00007ffec0a00000 - 0x00007ffec0a2f000 	C:\WINDOWS\System32\IMM32.DLL
0x00007ffe94f80000 - 0x00007ffe9506b000 	C:\Program Files\Windhawk\Engine\1.5.1\64\windhawk.dll
0x00007ffebfae0000 - 0x00007ffebfb94000 	C:\WINDOWS\System32\ADVAPI32.dll
0x00007ffec0aa0000 - 0x00007ffec0b46000 	C:\WINDOWS\System32\sechost.dll
0x00007ffec07d0000 - 0x00007ffec08e6000 	C:\WINDOWS\System32\RPCRT4.dll
0x00007ffeb5b00000 - 0x00007ffeb5c1e000 	C:\WINDOWS\SYSTEM32\WINHTTP.dll
0x00007ffe94280000 - 0x00007ffe9429d000 	C:\ProgramData\Windhawk\Engine\Mods\64\modernize-folder-picker-dialog_1.0.0_118726.dll
0x00007ffebff00000 - 0x00007ffec0095000 	C:\WINDOWS\System32\ole32.dll
0x00007ffebf420000 - 0x00007ffebf79e000 	C:\WINDOWS\System32\combase.dll
0x00007ffec0d90000 - 0x00007ffec1494000 	C:\WINDOWS\System32\SHELL32.dll
0x00007ffe940a0000 - 0x00007ffe94232000 	C:\ProgramData\Windhawk\Engine\Mods\64\libc++.dll
0x00007ffe94240000 - 0x00007ffe9427a000 	C:\ProgramData\Windhawk\Engine\Mods\64\libunwind.dll
0x00007ffe61cc0000 - 0x00007ffe61ccc000 	c:\Users\dactu\.vscode\extensions\redhat.java-1.39.0-win32-x64\jre\21.0.5-win32-x86_64\bin\vcruntime140_1.dll
0x00007ffe4d610000 - 0x00007ffe4d69d000 	c:\Users\dactu\.vscode\extensions\redhat.java-1.39.0-win32-x64\jre\21.0.5-win32-x86_64\bin\msvcp140.dll
0x00007ffe4a6e0000 - 0x00007ffe4b46f000 	c:\Users\dactu\.vscode\extensions\redhat.java-1.39.0-win32-x64\jre\21.0.5-win32-x86_64\bin\server\jvm.dll
0x00007ffebfa60000 - 0x00007ffebfad4000 	C:\WINDOWS\System32\WS2_32.dll
0x00007ffebd640000 - 0x00007ffebd68e000 	C:\WINDOWS\SYSTEM32\POWRPROF.dll
0x00007ffeb2870000 - 0x00007ffeb28a6000 	C:\WINDOWS\SYSTEM32\WINMM.dll
0x00007ffeb5af0000 - 0x00007ffeb5afb000 	C:\WINDOWS\SYSTEM32\VERSION.dll
0x00007ffebd620000 - 0x00007ffebd634000 	C:\WINDOWS\SYSTEM32\UMPDC.dll
0x00007ffebd8c0000 - 0x00007ffebd8da000 	C:\WINDOWS\SYSTEM32\kernel.appcore.dll
0x00007ffe61b90000 - 0x00007ffe61b9a000 	c:\Users\dactu\.vscode\extensions\redhat.java-1.39.0-win32-x64\jre\21.0.5-win32-x86_64\bin\jimage.dll
0x00007ffebc1c0000 - 0x00007ffebc401000 	C:\WINDOWS\SYSTEM32\DBGHELP.DLL
0x00007ffec08f0000 - 0x00007ffec09c6000 	C:\WINDOWS\System32\OLEAUT32.dll
0x00007ffe8bb10000 - 0x00007ffe8bb49000 	C:\WINDOWS\SYSTEM32\dbgcore.DLL
0x00007ffebeea0000 - 0x00007ffebef39000 	C:\WINDOWS\System32\bcryptPrimitives.dll
0x00007ffe61b50000 - 0x00007ffe61b5f000 	c:\Users\dactu\.vscode\extensions\redhat.java-1.39.0-win32-x64\jre\21.0.5-win32-x86_64\bin\instrument.dll
0x00007ffe4d5f0000 - 0x00007ffe4d60f000 	c:\Users\dactu\.vscode\extensions\redhat.java-1.39.0-win32-x64\jre\21.0.5-win32-x86_64\bin\java.dll
0x00007ffebc690000 - 0x00007ffebcec7000 	C:\WINDOWS\SYSTEM32\windows.storage.dll
0x00007ffebf970000 - 0x00007ffebfa59000 	C:\WINDOWS\System32\SHCORE.dll
0x00007ffec0a40000 - 0x00007ffec0a9d000 	C:\WINDOWS\System32\shlwapi.dll
0x00007ffebe890000 - 0x00007ffebe8be000 	C:\WINDOWS\SYSTEM32\profapi.dll
0x00007ffe4d5d0000 - 0x00007ffe4d5e8000 	c:\Users\dactu\.vscode\extensions\redhat.java-1.39.0-win32-x64\jre\21.0.5-win32-x86_64\bin\zip.dll
0x00007ffe60630000 - 0x00007ffe60640000 	C:\Users\dactu\.vscode\extensions\redhat.java-1.39.0-win32-x64\jre\21.0.5-win32-x86_64\bin\net.dll
0x00007ffebddd0000 - 0x00007ffebde3a000 	C:\WINDOWS\system32\mswsock.dll
0x00007ffe4d5b0000 - 0x00007ffe4d5c6000 	C:\Users\dactu\.vscode\extensions\redhat.java-1.39.0-win32-x64\jre\21.0.5-win32-x86_64\bin\nio.dll
0x00007ffe5a9e0000 - 0x00007ffe5a9f0000 	c:\Users\dactu\.vscode\extensions\redhat.java-1.39.0-win32-x64\jre\21.0.5-win32-x86_64\bin\verify.dll
0x00007ffe4b5f0000 - 0x00007ffe4b635000 	C:\Users\dactu\AppData\Roaming\Code\User\globalStorage\redhat.java\1.39.0\config_win\org.eclipse.equinox.launcher\org.eclipse.equinox.launcher.win32.win32.x86_64_1.2.1100.v20240722-2106\eclipse_11904.dll
0x00007ffebe070000 - 0x00007ffebe08c000 	C:\WINDOWS\SYSTEM32\CRYPTSP.dll
0x00007ffebd820000 - 0x00007ffebd858000 	C:\WINDOWS\system32\rsaenh.dll
0x00007ffebde70000 - 0x00007ffebde9b000 	C:\WINDOWS\SYSTEM32\USERENV.dll
0x00007ffebe2b0000 - 0x00007ffebe2d6000 	C:\WINDOWS\SYSTEM32\bcrypt.dll
0x00007ffebe090000 - 0x00007ffebe09c000 	C:\WINDOWS\SYSTEM32\CRYPTBASE.dll
0x00007ffebd2a0000 - 0x00007ffebd2d2000 	C:\WINDOWS\SYSTEM32\IPHLPAPI.DLL
0x00007ffec1500000 - 0x00007ffec150a000 	C:\WINDOWS\System32\NSI.dll
0x00007ffe29e30000 - 0x00007ffe29e79000 	C:\Users\dactu\AppData\Local\Temp\jna-95340679\jna3568453596502927106.dll
0x00007ffec0b50000 - 0x00007ffec0b58000 	C:\WINDOWS\System32\PSAPI.DLL
0x00007ffeb6050000 - 0x00007ffeb606f000 	C:\WINDOWS\SYSTEM32\dhcpcsvc6.DLL
0x00007ffeb5ed0000 - 0x00007ffeb5ef5000 	C:\WINDOWS\SYSTEM32\dhcpcsvc.DLL

dbghelp: loaded successfully - version: 4.0.5 - missing functions: none
symbol engine: initialized successfully - sym options: 0x614 - pdb path: .;c:\Users\dactu\.vscode\extensions\redhat.java-1.39.0-win32-x64\jre\21.0.5-win32-x86_64\bin;C:\WINDOWS\SYSTEM32;C:\WINDOWS\WinSxS\amd64_microsoft.windows.common-controls_6595b64144ccf1df_6.0.26100.3037_none_3e09262ce333c378;C:\Program Files\Windhawk\Engine\1.5.1\64;C:\ProgramData\Windhawk\Engine\Mods\64;c:\Users\dactu\.vscode\extensions\redhat.java-1.39.0-win32-x64\jre\21.0.5-win32-x86_64\bin\server;C:\Users\dactu\AppData\Roaming\Code\User\globalStorage\redhat.java\1.39.0\config_win\org.eclipse.equinox.launcher\org.eclipse.equinox.launcher.win32.win32.x86_64_1.2.1100.v20240722-2106;C:\Users\dactu\AppData\Local\Temp\jna-95340679

VM Arguments:
jvm_args: --add-modules=ALL-SYSTEM --add-opens=java.base/java.util=ALL-UNNAMED --add-opens=java.base/java.lang=ALL-UNNAMED --add-opens=java.base/sun.nio.fs=ALL-UNNAMED -Declipse.application=org.eclipse.jdt.ls.core.id1 -Dosgi.bundles.defaultStartLevel=4 -Declipse.product=org.eclipse.jdt.ls.core.product -Djava.import.generatesMetadataFilesAtProjectRoot=false -DDetectVMInstallationsJob.disabled=true -Dfile.encoding=utf8 -XX:+UseParallelGC -XX:GCTimeRatio=4 -XX:AdaptiveSizePolicyWeight=90 -Dsun.zip.disableMemoryMapping=true -Xmx1G -Xms100m -Xlog:disable -javaagent:c:\Users\dactu\.vscode\extensions\redhat.java-1.39.0-win32-x64\lombok\lombok-1.18.34.jar -XX:+HeapDumpOnOutOfMemoryError -XX:HeapDumpPath=c:\Users\dactu\AppData\Roaming\Code\User\workspaceStorage\9217f2b1335fecc31439a6670a3411e0\redhat.java -Daether.dependencyCollector.impl=bf 
java_command: c:\Users\dactu\.vscode\extensions\redhat.java-1.39.0-win32-x64\server\plugins\org.eclipse.equinox.launcher_1.6.900.v20240613-2009.jar -configuration c:\Users\dactu\AppData\Roaming\Code\User\globalStorage\redhat.java\1.39.0\config_win -data c:\Users\dactu\AppData\Roaming\Code\User\workspaceStorage\9217f2b1335fecc31439a6670a3411e0\redhat.java\jdt_ws --pipe=\\.\pipe\lsp-c7660e431341858663ad2ffd507d91d0-sock
java_class_path (initial): c:\Users\dactu\.vscode\extensions\redhat.java-1.39.0-win32-x64\server\plugins\org.eclipse.equinox.launcher_1.6.900.v20240613-2009.jar
Launcher Type: SUN_STANDARD

[Global flags]
    uintx AdaptiveSizePolicyWeight                 = 90                                        {product} {command line}
     intx CICompilerCount                          = 4                                         {product} {ergonomic}
    uintx GCTimeRatio                              = 4                                         {product} {command line}
     bool HeapDumpOnOutOfMemoryError               = true                                   {manageable} {command line}
    ccstr HeapDumpPath                             = c:\Users\dactu\AppData\Roaming\Code\User\workspaceStorage\9217f2b1335fecc31439a6670a3411e0\redhat.java         {manageable} {command line}
   size_t InitialHeapSize                          = 104857600                                 {product} {command line}
   size_t MaxHeapSize                              = 1073741824                                {product} {command line}
   size_t MaxNewSize                               = 357564416                                 {product} {ergonomic}
   size_t MinHeapDeltaBytes                        = 524288                                    {product} {ergonomic}
   size_t MinHeapSize                              = 104857600                                 {product} {command line}
   size_t NewSize                                  = 34603008                                  {product} {ergonomic}
    uintx NonNMethodCodeHeapSize                   = 5839372                                {pd product} {ergonomic}
    uintx NonProfiledCodeHeapSize                  = 122909434                              {pd product} {ergonomic}
   size_t OldSize                                  = 70254592                                  {product} {ergonomic}
    uintx ProfiledCodeHeapSize                     = 122909434                              {pd product} {ergonomic}
    uintx ReservedCodeCacheSize                    = 251658240                              {pd product} {ergonomic}
     bool SegmentedCodeCache                       = true                                      {product} {ergonomic}
   size_t SoftMaxHeapSize                          = 1073741824                             {manageable} {ergonomic}
     bool UseCompressedOops                        = true                           {product lp64_product} {ergonomic}
     bool UseLargePagesIndividualAllocation        = false                                  {pd product} {ergonomic}
     bool UseParallelGC                            = true                                      {product} {command line}

Logging:
Log output configuration:
 #0: stdout all=off uptime,level,tags foldmultilines=false
 #1: stderr all=off uptime,level,tags foldmultilines=false

Environment Variables:
JAVA_HOME=C:\Program Files\Java\jdk-21\
PATH=C:\Program Files\Microsoft MPI\Bin\;C:\Program Files\Common Files\Oracle\Java\javapath;C:\Program Files (x86)\Common Files\Oracle\Java\java8path;C:\Program Files (x86)\Common Files\Oracle\Java\javapath;C:\Windows\system32;C:\Windows;C:\Windows\System32\Wbem;C:\Windows\System32\WindowsPowerShell\v1.0\;C:\Windows\System32\OpenSSH\;C:\Program Files\dotnet\;C:\Users\dactu\AppData\Local\Android\Sdk\platform-tools;C:\Users\dactu\.katalon\tools\android_sdk\platform-tools;C:\Users\dactu\.katalon\tools\android_sdk\tools;C:\Program Files\NVIDIA Corporation\NVIDIA App\NvDLISR;C:\Program Files (x86)\NVIDIA Corporation\PhysX\Common;C:\Program Files\apache-maven-3.9.6\bin;C:\Program Files\Microsoft SQL Server\150\Tools\Binn\;C:\Users\dactu\AppData\Roaming\nvm;C:\Program Files\nodejs;C:\Program Files (x86)\Microsoft SQL Server\160\Tools\Binn\;C:\Program Files\Microsoft SQL Server\160\Tools\Binn\;C:\Program Files\Microsoft SQL Server\Client SDK\ODBC\170\Tools\Binn\;C:\Program Files\Microsoft SQL Server\160\DTS\Binn\;C:\Program Files (x86)\Microsoft SQL Server\160\DTS\Binn\;C:\WINDOWS\system32;C:\WINDOWS;C:\WINDOWS\System32\Wbem;C:\WINDOWS\System32\WindowsPowerShell\v1.0\;C:\WINDOWS\System32\OpenSSH\;C:\Program Files\Git\cmd;C:\Program Files\Java\jdk-21\;C:\Users\dactu\AppData\Roaming\npm;C:\Program Files\Java\jdk-21\\bin;C:\Program Files\Google\Chrome\Application\;C:\Users\dactu\.cache\selenium\chromedriver\win64\133.0.6943.127;;C:\Program Files\Tesseract-OCR;;C:\Program Files\Git LFS;C:\Users\dactu\AppData\Local\Programs\Python\Python312\Scripts\;C:\Users\dactu\AppData\Local\Programs\Python\Python312\;C:\Users\dactu\AppData\Local\Programs\Python\Launcher\;C:\Users\dactu\AppData\Local\Microsoft\WindowsApps;C:\Users\dactu\AppData\Local\Programs\Microsoft VS Code\bin;C:\Users\dactu\.lmstudio\bin;C:\Users\dactu\.dotnet\tools
USERNAME=dactu
OS=Windows_NT
PROCESSOR_IDENTIFIER=Intel64 Family 6 Model 140 Stepping 1, GenuineIntel
TMP=C:\Users\dactu\AppData\Local\Temp
TEMP=C:\Users\dactu\AppData\Local\Temp




Periodic native trim disabled

---------------  S Y S T E M  ---------------

OS:
 Windows 11 , 64 bit Build 26100 (10.0.26100.3037)
OS uptime: 0 days 0:04 hours

CPU: total 8 (initial active 8) (4 cores per cpu, 2 threads per core) family 6 model 140 stepping 1 microcode 0x86, cx8, cmov, fxsr, ht, mmx, 3dnowpref, sse, sse2, sse3, ssse3, sse4.1, sse4.2, popcnt, lzcnt, tsc, tscinvbit, avx, avx2, aes, erms, clmul, bmi1, bmi2, adx, avx512f, avx512dq, avx512cd, avx512bw, avx512vl, sha, fma, vzeroupper, avx512_vpopcntdq, avx512_vpclmulqdq, avx512_vaes, avx512_vnni, clflush, clflushopt, clwb, avx512_vbmi2, avx512_vbmi, rdtscp, rdpid, fsrm, gfni, avx512_bitalg, f16c, pku, cet_ibt, cet_ss, avx512_ifma
Processor Information for all 8 processors :
  Max Mhz: 3110, Current Mhz: 3110, Mhz Limit: 3110

Memory: 4k page, system-wide physical 16073M (1794M free)
TotalPageFile size 16073M (AvailPageFile size 14M)
current process WorkingSet (physical memory assigned to process): 790M, peak: 804M
current process commit charge ("private bytes"): 688M, peak: 889M

vm_info: OpenJDK 64-Bit Server VM (21.0.5+11-LTS) for windows-amd64 JRE (21.0.5+11-LTS), built on 2024-10-15T00:00:00Z by "admin" with MS VC++ 17.7 (VS2022)

END.
