#
# There is insufficient memory for the Java Runtime Environment to continue.
# Native memory allocation (malloc) failed to allocate 1840496 bytes. Error detail: Chunk::new
# Possible reasons:
#   The system is out of physical RAM or swap space
#   This process is running with CompressedOops enabled, and the Java Heap may be blocking the growth of the native heap
# Possible solutions:
#   Reduce memory load on the system
#   Increase physical memory or swap space
#   Check if swap backing store is full
#   Decrease Java heap size (-Xmx/-Xms)
#   Decrease number of Java threads
#   Decrease Java thread stack sizes (-Xss)
#   Set larger code cache with -XX:ReservedCodeCacheSize=
#   JVM is running with Unscaled Compressed Oops mode in which the Java heap is
#     placed in the first 4GB address space. The Java Heap base address is the
#     maximum limit for the native heap growth. Please use -XX:HeapBaseMinAddress
#     to set the Java Heap base and to place the Java Heap above 4GB virtual address.
# This output file may be truncated or incomplete.
#
#  Out of Memory Error (arena.cpp:168), pid=22292, tid=15812
#
# JRE version: OpenJDK Runtime Environment Temurin-21.0.5+11 (21.0.5+11) (build 21.0.5+11-LTS)
# Java VM: OpenJDK 64-Bit Server VM Temurin-21.0.5+11 (21.0.5+11-LTS, mixed mode, sharing, tiered, compressed oops, compressed class ptrs, parallel gc, windows-amd64)
# No core dump will be written. Minidumps are not enabled by default on client versions of Windows
#

---------------  S U M M A R Y ------------

Command Line: --add-modules=ALL-SYSTEM --add-opens=java.base/java.util=ALL-UNNAMED --add-opens=java.base/java.lang=ALL-UNNAMED --add-opens=java.base/sun.nio.fs=ALL-UNNAMED -Declipse.application=org.eclipse.jdt.ls.core.id1 -Dosgi.bundles.defaultStartLevel=4 -Declipse.product=org.eclipse.jdt.ls.core.product -Djava.import.generatesMetadataFilesAtProjectRoot=false -DDetectVMInstallationsJob.disabled=true -Dfile.encoding=utf8 -XX:+UseParallelGC -XX:GCTimeRatio=4 -XX:AdaptiveSizePolicyWeight=90 -Dsun.zip.disableMemoryMapping=true -Xmx1G -Xms100m -Xlog:disable -javaagent:c:\Users\dactu\.vscode\extensions\redhat.java-1.39.0-win32-x64\lombok\lombok-1.18.34.jar -XX:+HeapDumpOnOutOfMemoryError -XX:HeapDumpPath=c:\Users\dactu\AppData\Roaming\Code\User\workspaceStorage\9217f2b1335fecc31439a6670a3411e0\redhat.java -Daether.dependencyCollector.impl=bf c:\Users\dactu\.vscode\extensions\redhat.java-1.39.0-win32-x64\server\plugins\org.eclipse.equinox.launcher_1.6.900.v20240613-2009.jar -configuration c:\Users\dactu\AppData\Roaming\Code\User\globalStorage\redhat.java\1.39.0\config_win -data c:\Users\dactu\AppData\Roaming\Code\User\workspaceStorage\9217f2b1335fecc31439a6670a3411e0\redhat.java\jdt_ws --pipe=\\.\pipe\lsp-9090212f2f19785ec4b9dd8d8e172510-sock

Host: 11th Gen Intel(R) Core(TM) i5-11300H @ 3.10GHz, 8 cores, 15G,  Windows 11 , 64 bit Build 26100 (10.0.26100.3037)
Time: Mon Feb 24 11:17:22 2025 SE Asia Standard Time elapsed time: 7.835917 seconds (0d 0h 0m 7s)

---------------  T H R E A D  ---------------

Current thread (0x0000022491464a00):  JavaThread "C2 CompilerThread1" daemon [_thread_in_native, id=15812, stack(0x0000009ea5f00000,0x0000009ea6000000) (1024K)]


Current CompileTask:
C2:7835 4925   !   4       org.eclipse.osgi.internal.loader.classpath.ClasspathManager::findLocalClass (210 bytes)

Stack: [0x0000009ea5f00000,0x0000009ea6000000]
Native frames: (J=compiled Java code, j=interpreted, Vv=VM code, C=native code)
V  [jvm.dll+0x6cd4e9]
V  [jvm.dll+0x8a7941]
V  [jvm.dll+0x8a9e6e]
V  [jvm.dll+0x8aa543]
V  [jvm.dll+0x27f6d6]
V  [jvm.dll+0xc500d]
V  [jvm.dll+0xc5543]
V  [jvm.dll+0x3b65d2]
V  [jvm.dll+0x382835]
V  [jvm.dll+0x381c9a]
V  [jvm.dll+0x2479d0]
V  [jvm.dll+0x246faf]
V  [jvm.dll+0x1c75ce]
V  [jvm.dll+0x25682a]
V  [jvm.dll+0x254dca]
V  [jvm.dll+0x3f00d6]
V  [jvm.dll+0x8514fb]
V  [jvm.dll+0x6cbbed]
C  [ucrtbase.dll+0x37b0]
C  [KERNEL32.DLL+0x2e8d7]
C  [ntdll.dll+0xbbf2c]


---------------  P R O C E S S  ---------------

Threads class SMR info:
_java_thread_list=0x000002249176fba0, length=43, elements={
0x0000022433ea8ce0, 0x0000022448bf0ff0, 0x0000022448bf2110, 0x000002248b761810,
0x000002248b763470, 0x000002248b765ed0, 0x000002248b766920, 0x000002248b76f3a0,
0x000002248b7812b0, 0x0000022433f18590, 0x00000224900900a0, 0x00000224903b8300,
0x00000224903b96b0, 0x00000224903b9d40, 0x00000224903bb0f0, 0x00000224903b8990,
0x00000224903ba3d0, 0x00000224903bb780, 0x00000224903b9020, 0x00000224903baa60,
0x00000224914036f0, 0x0000022491403060, 0x0000022491464a00, 0x0000022491403d80,
0x000002249109c8f0, 0x0000022491407890, 0x00000224914064e0, 0x0000022491407200,
0x0000022491405130, 0x00000224914057c0, 0x0000022491405e50, 0x0000022491407f20,
0x0000022491406b70, 0x0000022491404aa0, 0x00000224914085b0, 0x0000022491409960,
0x0000022491408c40, 0x000002249140a680, 0x00000224914092d0, 0x0000022491409ff0,
0x000002249251b440, 0x000002249251a090, 0x000002249251a720
}

Java Threads: ( => current thread )
  0x0000022433ea8ce0 JavaThread "main"                              [_thread_blocked, id=14544, stack(0x0000009ea3f00000,0x0000009ea4000000) (1024K)]
  0x0000022448bf0ff0 JavaThread "Reference Handler"          daemon [_thread_blocked, id=21180, stack(0x0000009ea4300000,0x0000009ea4400000) (1024K)]
  0x0000022448bf2110 JavaThread "Finalizer"                  daemon [_thread_blocked, id=15388, stack(0x0000009ea4400000,0x0000009ea4500000) (1024K)]
  0x000002248b761810 JavaThread "Signal Dispatcher"          daemon [_thread_blocked, id=24612, stack(0x0000009ea4500000,0x0000009ea4600000) (1024K)]
  0x000002248b763470 JavaThread "Attach Listener"            daemon [_thread_blocked, id=5736, stack(0x0000009ea4600000,0x0000009ea4700000) (1024K)]
  0x000002248b765ed0 JavaThread "Service Thread"             daemon [_thread_blocked, id=7684, stack(0x0000009ea4700000,0x0000009ea4800000) (1024K)]
  0x000002248b766920 JavaThread "Monitor Deflation Thread"   daemon [_thread_blocked, id=23196, stack(0x0000009ea4800000,0x0000009ea4900000) (1024K)]
  0x000002248b76f3a0 JavaThread "C2 CompilerThread0"         daemon [_thread_in_native, id=24000, stack(0x0000009ea4900000,0x0000009ea4a00000) (1024K)]
  0x000002248b7812b0 JavaThread "C1 CompilerThread0"         daemon [_thread_in_native, id=9668, stack(0x0000009ea4a00000,0x0000009ea4b00000) (1024K)]
  0x0000022433f18590 JavaThread "Common-Cleaner"             daemon [_thread_blocked, id=18300, stack(0x0000009ea4b00000,0x0000009ea4c00000) (1024K)]
  0x00000224900900a0 JavaThread "Notification Thread"        daemon [_thread_blocked, id=20476, stack(0x0000009ea4d00000,0x0000009ea4e00000) (1024K)]
  0x00000224903b8300 JavaThread "Active Thread: Equinox Container: 1c464dff-0935-4517-808b-314827010536"        [_thread_blocked, id=10768, stack(0x0000009ea5500000,0x0000009ea5600000) (1024K)]
  0x00000224903b96b0 JavaThread "Refresh Thread: Equinox Container: 1c464dff-0935-4517-808b-314827010536" daemon [_thread_blocked, id=1120, stack(0x0000009ea5600000,0x0000009ea5700000) (1024K)]
  0x00000224903b9d40 JavaThread "Framework Event Dispatcher: Equinox Container: 1c464dff-0935-4517-808b-314827010536" daemon [_thread_blocked, id=15512, stack(0x0000009ea5700000,0x0000009ea5800000) (1024K)]
  0x00000224903bb0f0 JavaThread "Start Level: Equinox Container: 1c464dff-0935-4517-808b-314827010536" daemon [_thread_blocked, id=5160, stack(0x0000009ea5800000,0x0000009ea5900000) (1024K)]
  0x00000224903b8990 JavaThread "Bundle File Closer"         daemon [_thread_blocked, id=14520, stack(0x0000009ea5a00000,0x0000009ea5b00000) (1024K)]
  0x00000224903ba3d0 JavaThread "SCR Component Actor"        daemon [_thread_blocked, id=4552, stack(0x0000009ea5b00000,0x0000009ea5c00000) (1024K)]
  0x00000224903bb780 JavaThread "SCR Component Registry"     daemon [_thread_blocked, id=19840, stack(0x0000009ea5c00000,0x0000009ea5d00000) (1024K)]
  0x00000224903b9020 JavaThread "Worker-JM"                         [_thread_blocked, id=18952, stack(0x0000009ea4e00000,0x0000009ea4f00000) (1024K)]
  0x00000224903baa60 JavaThread "JNA Cleaner"                daemon [_thread_blocked, id=20948, stack(0x0000009ea4c00000,0x0000009ea4d00000) (1024K)]
  0x00000224914036f0 JavaThread "Worker-0"                          [_thread_blocked, id=23756, stack(0x0000009ea5d00000,0x0000009ea5e00000) (1024K)]
  0x0000022491403060 JavaThread "Worker-1: Processing Java changes since last activation"        [_thread_blocked, id=18004, stack(0x0000009ea5e00000,0x0000009ea5f00000) (1024K)]
=>0x0000022491464a00 JavaThread "C2 CompilerThread1"         daemon [_thread_in_native, id=15812, stack(0x0000009ea5f00000,0x0000009ea6000000) (1024K)]
  0x0000022491403d80 JavaThread "Worker-2: Building"                [_thread_in_native, id=11732, stack(0x0000009ea6000000,0x0000009ea6100000) (1024K)]
  0x000002249109c8f0 JavaThread "C2 CompilerThread2"         daemon [_thread_in_native, id=10024, stack(0x0000009ea6100000,0x0000009ea6200000) (1024K)]
  0x0000022491407890 JavaThread "Java indexing"              daemon [_thread_in_vm, id=24288, stack(0x0000009ea6200000,0x0000009ea6300000) (1024K)]
  0x00000224914064e0 JavaThread "Worker-3: Initialize After Load"        [_thread_in_native, id=21784, stack(0x0000009ea6300000,0x0000009ea6400000) (1024K)]
  0x0000022491407200 JavaThread "Worker-4: Updating index names"        [_thread_in_Java, id=12628, stack(0x0000009ea6600000,0x0000009ea6700000) (1024K)]
  0x0000022491405130 JavaThread "Thread-2"                   daemon [_thread_in_native, id=6212, stack(0x0000009ea6700000,0x0000009ea6800000) (1024K)]
  0x00000224914057c0 JavaThread "Thread-3"                   daemon [_thread_in_native, id=10140, stack(0x0000009ea6800000,0x0000009ea6900000) (1024K)]
  0x0000022491405e50 JavaThread "Thread-4"                   daemon [_thread_in_native, id=19460, stack(0x0000009ea6900000,0x0000009ea6a00000) (1024K)]
  0x0000022491407f20 JavaThread "Thread-5"                   daemon [_thread_in_native, id=18436, stack(0x0000009ea6a00000,0x0000009ea6b00000) (1024K)]
  0x0000022491406b70 JavaThread "Thread-6"                   daemon [_thread_in_native, id=13792, stack(0x0000009ea6b00000,0x0000009ea6c00000) (1024K)]
  0x0000022491404aa0 JavaThread "Thread-7"                   daemon [_thread_in_native, id=16836, stack(0x0000009ea6c00000,0x0000009ea6d00000) (1024K)]
  0x00000224914085b0 JavaThread "Thread-8"                   daemon [_thread_in_native, id=20840, stack(0x0000009ea6d00000,0x0000009ea6e00000) (1024K)]
  0x0000022491409960 JavaThread "Thread-9"                   daemon [_thread_in_native, id=24292, stack(0x0000009ea6e00000,0x0000009ea6f00000) (1024K)]
  0x0000022491408c40 JavaThread "Thread-10"                  daemon [_thread_in_native, id=18360, stack(0x0000009ea6f00000,0x0000009ea7000000) (1024K)]
  0x000002249140a680 JavaThread "Worker-5: Repository registry initialization"        [_thread_in_vm, id=24680, stack(0x0000009ea7000000,0x0000009ea7100000) (1024K)]
  0x00000224914092d0 JavaThread "pool-2-thread-1"                   [_thread_blocked, id=17616, stack(0x0000009ea7100000,0x0000009ea7200000) (1024K)]
  0x0000022491409ff0 JavaThread "WorkspaceEventsHandler"            [_thread_blocked, id=6204, stack(0x0000009ea7200000,0x0000009ea7300000) (1024K)]
  0x000002249251b440 JavaThread "pool-1-thread-1"                   [_thread_blocked, id=19432, stack(0x0000009ea7300000,0x0000009ea7400000) (1024K)]
  0x000002249251a090 JavaThread "Worker-6: Java indexing... "        [_thread_blocked, id=20920, stack(0x0000009ea7400000,0x0000009ea7500000) (1024K)]
  0x000002249251a720 JavaThread "Worker-7"                          [_thread_blocked, id=16756, stack(0x0000009ea7500000,0x0000009ea7600000) (1024K)]
Total: 43

Other Threads:
  0x0000022448be4810 VMThread "VM Thread"                           [id=5512, stack(0x0000009ea4200000,0x0000009ea4300000) (1024K)]
  0x0000022433f16210 WatcherThread "VM Periodic Task Thread"        [id=2572, stack(0x0000009ea4100000,0x0000009ea4200000) (1024K)]
  0x0000022433ec7650 WorkerThread "GC Thread#0"                     [id=24216, stack(0x0000009ea4000000,0x0000009ea4100000) (1024K)]
  0x00000224905c4600 WorkerThread "GC Thread#1"                     [id=10180, stack(0x0000009ea4f00000,0x0000009ea5000000) (1024K)]
  0x00000224905c49a0 WorkerThread "GC Thread#2"                     [id=19292, stack(0x0000009ea5000000,0x0000009ea5100000) (1024K)]
  0x00000224905c4d40 WorkerThread "GC Thread#3"                     [id=5420, stack(0x0000009ea5100000,0x0000009ea5200000) (1024K)]
  0x00000224905c50e0 WorkerThread "GC Thread#4"                     [id=23076, stack(0x0000009ea5200000,0x0000009ea5300000) (1024K)]
  0x00000224905c5480 WorkerThread "GC Thread#5"                     [id=18508, stack(0x0000009ea5300000,0x0000009ea5400000) (1024K)]
  0x00000224905c5820 WorkerThread "GC Thread#6"                     [id=22124, stack(0x0000009ea5400000,0x0000009ea5500000) (1024K)]
  0x0000022490d55be0 WorkerThread "GC Thread#7"                     [id=7888, stack(0x0000009ea5900000,0x0000009ea5a00000) (1024K)]
Total: 10

Threads with active compile tasks:
C2 CompilerThread0  7865 5269       4       java.lang.invoke.MemberName::getMethodOrFieldType (72 bytes)
C2 CompilerThread1  7865 4925   !   4       org.eclipse.osgi.internal.loader.classpath.ClasspathManager::findLocalClass (210 bytes)
C2 CompilerThread2  7865 5022   !   4       org.eclipse.osgi.internal.loader.classpath.ClasspathManager::findClassImpl (308 bytes)
Total: 3

VM state: not at safepoint (normal execution)

VM Mutex/Monitor currently owned by a thread: None

Heap address: 0x00000000c0000000, size: 1024 MB, Compressed Oops mode: 32-bit

CDS archive(s) mapped at: [0x0000022449000000-0x0000022449ba0000-0x0000022449ba0000), size 12189696, SharedBaseAddress: 0x0000022449000000, ArchiveRelocationMode: 1.
Compressed class space mapped at: 0x000002244a000000-0x000002248a000000, reserved size: 1073741824
Narrow klass base: 0x0000022449000000, Narrow klass shift: 0, Narrow klass range: 0x100000000

GC Precious Log:
 CardTable entry size: 512
 CPUs: 8 total, 8 available
 Memory: 16073M
 Large Page Support: Disabled
 NUMA Support: Disabled
 Compressed Oops: Enabled (32-bit)
 Alignments: Space 512K, Generation 512K, Heap 2M
 Heap Min Capacity: 100M
 Heap Initial Capacity: 100M
 Heap Max Capacity: 1G
 Pre-touch: Disabled
 Parallel Workers: 8

Heap:
 PSYoungGen      total 26112K, used 17672K [0x00000000eab00000, 0x00000000ec780000, 0x0000000100000000)
  eden space 22016K, 80% used [0x00000000eab00000,0x00000000ebc422d8,0x00000000ec080000)
  from space 4096K, 0% used [0x00000000ec080000,0x00000000ec080000,0x00000000ec480000)
  to   space 2048K, 0% used [0x00000000ec580000,0x00000000ec580000,0x00000000ec780000)
 ParOldGen       total 68608K, used 19425K [0x00000000c0000000, 0x00000000c4300000, 0x00000000eab00000)
  object space 68608K, 28% used [0x00000000c0000000,0x00000000c12f8698,0x00000000c4300000)
 Metaspace       used 36938K, committed 38080K, reserved 1114112K
  class space    used 3740K, committed 4224K, reserved 1048576K

Card table byte_map: [0x0000022446490000,0x00000224466a0000] _byte_map_base: 0x0000022445e90000

Marking Bits: (ParMarkBitMap*) 0x00007ffbae192250
 Begin Bits: [0x0000022446800000, 0x0000022447800000)
 End Bits:   [0x0000022447800000, 0x0000022448800000)

Polling page: 0x0000022432600000

Metaspace:

Usage:
  Non-class:     32.42 MB used.
      Class:      3.65 MB used.
       Both:     36.07 MB used.

Virtual space:
  Non-class space:       64.00 MB reserved,      33.06 MB ( 52%) committed,  1 nodes.
      Class space:        1.00 GB reserved,       4.12 MB ( <1%) committed,  1 nodes.
             Both:        1.06 GB reserved,      37.19 MB (  3%) committed. 

Chunk freelists:
   Non-Class:  14.92 MB
       Class:  11.79 MB
        Both:  26.71 MB

MaxMetaspaceSize: unlimited
CompressedClassSpaceSize: 1.00 GB
Initial GC threshold: 21.00 MB
Current GC threshold: 58.38 MB
CDS: on
 - commit_granule_bytes: 65536.
 - commit_granule_words: 8192.
 - virtual_space_node_default_size: 8388608.
 - enlarge_chunks_in_place: 1.
 - use_allocation_guard: 0.


Internal statistics:

num_allocs_failed_limit: 6.
num_arena_births: 828.
num_arena_deaths: 14.
num_vsnodes_births: 2.
num_vsnodes_deaths: 0.
num_space_committed: 595.
num_space_uncommitted: 0.
num_chunks_returned_to_freelist: 20.
num_chunks_taken_from_freelist: 2475.
num_chunk_merges: 10.
num_chunk_splits: 1531.
num_chunks_enlarged: 864.
num_inconsistent_stats: 0.

CodeHeap 'non-profiled nmethods': size=120000Kb used=2185Kb max_used=2522Kb free=117814Kb
 bounds [0x000002243ed80000, 0x000002243f000000, 0x00000224462b0000]
CodeHeap 'profiled nmethods': size=120000Kb used=9626Kb max_used=10721Kb free=110373Kb
 bounds [0x00000224372b0000, 0x0000022437d30000, 0x000002243e7e0000]
CodeHeap 'non-nmethods': size=5760Kb used=1363Kb max_used=1412Kb free=4396Kb
 bounds [0x000002243e7e0000, 0x000002243ea50000, 0x000002243ed80000]
 total_blobs=5358 nmethods=4711 adapters=553
 compilation: enabled
              stopped_count=0, restarted_count=0
 full_count=0

Compilation events (20 events):
Event: 6.829 Thread 0x000002248b7812b0 nmethod 5270 0x00000224374a5410 code [0x00000224374a55c0, 0x00000224374a5800]
Event: 6.829 Thread 0x000002248b7812b0 5272       3       java.lang.invoke.DirectMethodHandle$Accessor::<init> (24 bytes)
Event: 6.829 Thread 0x000002248b7812b0 nmethod 5272 0x00000224373fde90 code [0x00000224373fe040, 0x00000224373fe208]
Event: 6.829 Thread 0x000002248b7812b0 5274       3       com.google.gson.stream.JsonReader::beginObject (40 bytes)
Event: 6.830 Thread 0x000002248b7812b0 nmethod 5274 0x0000022437470090 code [0x0000022437470260, 0x0000022437470540]
Event: 6.830 Thread 0x000002248b7812b0 5273       3       java.lang.invoke.BoundMethodHandle$Species_LL::copyWithExtendL (25 bytes)
Event: 6.830 Thread 0x000002248b7812b0 nmethod 5273 0x00000224375aed10 code [0x00000224375aeee0, 0x00000224375af358]
Event: 6.830 Thread 0x000002248b7812b0 5275       3       java.lang.invoke.DirectMethodHandle$Holder::invokeStatic (22 bytes)
Event: 6.830 Thread 0x000002248b7812b0 nmethod 5275 0x0000022437589990 code [0x0000022437589b60, 0x000002243758a0b0]
Event: 6.830 Thread 0x000002248b7812b0 5277       3       com.google.gson.stream.JsonReader::endObject (70 bytes)
Event: 6.830 Thread 0x000002248b7812b0 nmethod 5277 0x000002243759db90 code [0x000002243759dd60, 0x000002243759e1b8]
Event: 6.830 Thread 0x000002248b7812b0 5276       3       jdk.internal.reflect.ReflectionFactory::newConstructorAccessor (144 bytes)
Event: 6.831 Thread 0x000002248b7812b0 nmethod 5276 0x0000022437434210 code [0x0000022437434440, 0x0000022437434a90]
Event: 6.831 Thread 0x000002248b7812b0 5278       3       java.lang.invoke.LambdaForm$MH/0x000002244a1a0000::invokeExact_MT (24 bytes)
Event: 6.831 Thread 0x000002248b7812b0 nmethod 5278 0x00000224374a2790 code [0x00000224374a29a0, 0x00000224374a31e0]
Event: 6.831 Thread 0x000002248b7812b0 5279       3       java.lang.reflect.Field::acquireOverrideFieldAccessor (46 bytes)
Event: 6.831 Thread 0x000002248b7812b0 nmethod 5279 0x000002243777a490 code [0x000002243777a680, 0x000002243777aa90]
Event: 6.831 Thread 0x000002248b7812b0 5280       3       java.lang.reflect.Constructor::acquireConstructorAccessor (75 bytes)
Event: 6.832 Thread 0x000002248b7812b0 nmethod 5280 0x000002243748f010 code [0x000002243748f220, 0x000002243748f7e0]
Event: 6.834 Thread 0x000002248b7812b0 5284       3       jdk.internal.misc.Unsafe::putReferenceOpaque (9 bytes)

GC Heap History (20 events):
Event: 4.351 GC heap before
{Heap before GC invocations=6 (full 0):
 PSYoungGen      total 29184K, used 29177K [0x00000000eab00000, 0x00000000ecf80000, 0x0000000100000000)
  eden space 25088K, 100% used [0x00000000eab00000,0x00000000ec380000,0x00000000ec380000)
  from space 4096K, 99% used [0x00000000ec400000,0x00000000ec7fe750,0x00000000ec800000)
  to   space 6144K, 0% used [0x00000000ec980000,0x00000000ec980000,0x00000000ecf80000)
 ParOldGen       total 68608K, used 8391K [0x00000000c0000000, 0x00000000c4300000, 0x00000000eab00000)
  object space 68608K, 12% used [0x00000000c0000000,0x00000000c0831ee8,0x00000000c4300000)
 Metaspace       used 18901K, committed 19648K, reserved 1114112K
  class space    used 1889K, committed 2240K, reserved 1048576K
}
Event: 4.358 GC heap after
{Heap after GC invocations=6 (full 0):
 PSYoungGen      total 29184K, used 4125K [0x00000000eab00000, 0x00000000ece00000, 0x0000000100000000)
  eden space 24576K, 0% used [0x00000000eab00000,0x00000000eab00000,0x00000000ec300000)
  from space 4608K, 89% used [0x00000000ec980000,0x00000000ecd87490,0x00000000ece00000)
  to   space 5120K, 0% used [0x00000000ec400000,0x00000000ec400000,0x00000000ec900000)
 ParOldGen       total 68608K, used 8399K [0x00000000c0000000, 0x00000000c4300000, 0x00000000eab00000)
  object space 68608K, 12% used [0x00000000c0000000,0x00000000c0833ee8,0x00000000c4300000)
 Metaspace       used 18901K, committed 19648K, reserved 1114112K
  class space    used 1889K, committed 2240K, reserved 1048576K
}
Event: 4.534 GC heap before
{Heap before GC invocations=7 (full 0):
 PSYoungGen      total 29184K, used 18031K [0x00000000eab00000, 0x00000000ece00000, 0x0000000100000000)
  eden space 24576K, 56% used [0x00000000eab00000,0x00000000eb8947a0,0x00000000ec300000)
  from space 4608K, 89% used [0x00000000ec980000,0x00000000ecd87490,0x00000000ece00000)
  to   space 5120K, 0% used [0x00000000ec400000,0x00000000ec400000,0x00000000ec900000)
 ParOldGen       total 68608K, used 8399K [0x00000000c0000000, 0x00000000c4300000, 0x00000000eab00000)
  object space 68608K, 12% used [0x00000000c0000000,0x00000000c0833ee8,0x00000000c4300000)
 Metaspace       used 20637K, committed 21504K, reserved 1114112K
  class space    used 2104K, committed 2496K, reserved 1048576K
}
Event: 4.540 GC heap after
{Heap after GC invocations=7 (full 0):
 PSYoungGen      total 28672K, used 4044K [0x00000000eab00000, 0x00000000ecc00000, 0x0000000100000000)
  eden space 24576K, 0% used [0x00000000eab00000,0x00000000eab00000,0x00000000ec300000)
  from space 4096K, 98% used [0x00000000ec400000,0x00000000ec7f3238,0x00000000ec800000)
  to   space 4096K, 0% used [0x00000000ec800000,0x00000000ec800000,0x00000000ecc00000)
 ParOldGen       total 68608K, used 9549K [0x00000000c0000000, 0x00000000c4300000, 0x00000000eab00000)
  object space 68608K, 13% used [0x00000000c0000000,0x00000000c0953710,0x00000000c4300000)
 Metaspace       used 20637K, committed 21504K, reserved 1114112K
  class space    used 2104K, committed 2496K, reserved 1048576K
}
Event: 4.540 GC heap before
{Heap before GC invocations=8 (full 1):
 PSYoungGen      total 28672K, used 4044K [0x00000000eab00000, 0x00000000ecc00000, 0x0000000100000000)
  eden space 24576K, 0% used [0x00000000eab00000,0x00000000eab00000,0x00000000ec300000)
  from space 4096K, 98% used [0x00000000ec400000,0x00000000ec7f3238,0x00000000ec800000)
  to   space 4096K, 0% used [0x00000000ec800000,0x00000000ec800000,0x00000000ecc00000)
 ParOldGen       total 68608K, used 9549K [0x00000000c0000000, 0x00000000c4300000, 0x00000000eab00000)
  object space 68608K, 13% used [0x00000000c0000000,0x00000000c0953710,0x00000000c4300000)
 Metaspace       used 20637K, committed 21504K, reserved 1114112K
  class space    used 2104K, committed 2496K, reserved 1048576K
}
Event: 4.570 GC heap after
{Heap after GC invocations=8 (full 1):
 PSYoungGen      total 28672K, used 0K [0x00000000eab00000, 0x00000000ecc00000, 0x0000000100000000)
  eden space 24576K, 0% used [0x00000000eab00000,0x00000000eab00000,0x00000000ec300000)
  from space 4096K, 0% used [0x00000000ec400000,0x00000000ec400000,0x00000000ec800000)
  to   space 4096K, 0% used [0x00000000ec800000,0x00000000ec800000,0x00000000ecc00000)
 ParOldGen       total 68608K, used 13013K [0x00000000c0000000, 0x00000000c4300000, 0x00000000eab00000)
  object space 68608K, 18% used [0x00000000c0000000,0x00000000c0cb56d8,0x00000000c4300000)
 Metaspace       used 20624K, committed 21504K, reserved 1114112K
  class space    used 2101K, committed 2496K, reserved 1048576K
}
Event: 4.726 GC heap before
{Heap before GC invocations=9 (full 1):
 PSYoungGen      total 28672K, used 24576K [0x00000000eab00000, 0x00000000ecc00000, 0x0000000100000000)
  eden space 24576K, 100% used [0x00000000eab00000,0x00000000ec300000,0x00000000ec300000)
  from space 4096K, 0% used [0x00000000ec400000,0x00000000ec400000,0x00000000ec800000)
  to   space 4096K, 0% used [0x00000000ec800000,0x00000000ec800000,0x00000000ecc00000)
 ParOldGen       total 68608K, used 13013K [0x00000000c0000000, 0x00000000c4300000, 0x00000000eab00000)
  object space 68608K, 18% used [0x00000000c0000000,0x00000000c0cb56d8,0x00000000c4300000)
 Metaspace       used 22790K, committed 23744K, reserved 1114112K
  class space    used 2271K, committed 2688K, reserved 1048576K
}
Event: 4.727 GC heap after
{Heap after GC invocations=9 (full 1):
 PSYoungGen      total 25088K, used 755K [0x00000000eab00000, 0x00000000ec900000, 0x0000000100000000)
  eden space 24064K, 0% used [0x00000000eab00000,0x00000000eab00000,0x00000000ec280000)
  from space 1024K, 73% used [0x00000000ec800000,0x00000000ec8bceb0,0x00000000ec900000)
  to   space 2048K, 0% used [0x00000000ec500000,0x00000000ec500000,0x00000000ec700000)
 ParOldGen       total 68608K, used 13021K [0x00000000c0000000, 0x00000000c4300000, 0x00000000eab00000)
  object space 68608K, 18% used [0x00000000c0000000,0x00000000c0cb76d8,0x00000000c4300000)
 Metaspace       used 22790K, committed 23744K, reserved 1114112K
  class space    used 2271K, committed 2688K, reserved 1048576K
}
Event: 4.912 GC heap before
{Heap before GC invocations=10 (full 1):
 PSYoungGen      total 25088K, used 24733K [0x00000000eab00000, 0x00000000ec900000, 0x0000000100000000)
  eden space 24064K, 99% used [0x00000000eab00000,0x00000000ec26a810,0x00000000ec280000)
  from space 1024K, 73% used [0x00000000ec800000,0x00000000ec8bceb0,0x00000000ec900000)
  to   space 2048K, 0% used [0x00000000ec500000,0x00000000ec500000,0x00000000ec700000)
 ParOldGen       total 68608K, used 13021K [0x00000000c0000000, 0x00000000c4300000, 0x00000000eab00000)
  object space 68608K, 18% used [0x00000000c0000000,0x00000000c0cb76d8,0x00000000c4300000)
 Metaspace       used 26489K, committed 27392K, reserved 1114112K
  class space    used 2543K, committed 2944K, reserved 1048576K
}
Event: 4.913 GC heap after
{Heap after GC invocations=10 (full 1):
 PSYoungGen      total 25600K, used 944K [0x00000000eab00000, 0x00000000ec880000, 0x0000000100000000)
  eden space 23552K, 0% used [0x00000000eab00000,0x00000000eab00000,0x00000000ec200000)
  from space 2048K, 46% used [0x00000000ec500000,0x00000000ec5ec010,0x00000000ec700000)
  to   space 1536K, 0% used [0x00000000ec700000,0x00000000ec700000,0x00000000ec880000)
 ParOldGen       total 68608K, used 13029K [0x00000000c0000000, 0x00000000c4300000, 0x00000000eab00000)
  object space 68608K, 18% used [0x00000000c0000000,0x00000000c0cb96d8,0x00000000c4300000)
 Metaspace       used 26489K, committed 27392K, reserved 1114112K
  class space    used 2543K, committed 2944K, reserved 1048576K
}
Event: 5.186 GC heap before
{Heap before GC invocations=11 (full 1):
 PSYoungGen      total 25600K, used 24496K [0x00000000eab00000, 0x00000000ec880000, 0x0000000100000000)
  eden space 23552K, 100% used [0x00000000eab00000,0x00000000ec200000,0x00000000ec200000)
  from space 2048K, 46% used [0x00000000ec500000,0x00000000ec5ec010,0x00000000ec700000)
  to   space 1536K, 0% used [0x00000000ec700000,0x00000000ec700000,0x00000000ec880000)
 ParOldGen       total 68608K, used 13029K [0x00000000c0000000, 0x00000000c4300000, 0x00000000eab00000)
  object space 68608K, 18% used [0x00000000c0000000,0x00000000c0cb96d8,0x00000000c4300000)
 Metaspace       used 27958K, committed 28928K, reserved 1114112K
  class space    used 2649K, committed 3072K, reserved 1048576K
}
Event: 5.188 GC heap after
{Heap after GC invocations=11 (full 1):
 PSYoungGen      total 24576K, used 1134K [0x00000000eab00000, 0x00000000ec880000, 0x0000000100000000)
  eden space 23040K, 0% used [0x00000000eab00000,0x00000000eab00000,0x00000000ec180000)
  from space 1536K, 73% used [0x00000000ec700000,0x00000000ec81b890,0x00000000ec880000)
  to   space 1536K, 0% used [0x00000000ec580000,0x00000000ec580000,0x00000000ec700000)
 ParOldGen       total 68608K, used 15134K [0x00000000c0000000, 0x00000000c4300000, 0x00000000eab00000)
  object space 68608K, 22% used [0x00000000c0000000,0x00000000c0ec7bc8,0x00000000c4300000)
 Metaspace       used 27958K, committed 28928K, reserved 1114112K
  class space    used 2649K, committed 3072K, reserved 1048576K
}
Event: 5.409 GC heap before
{Heap before GC invocations=12 (full 1):
 PSYoungGen      total 24576K, used 24174K [0x00000000eab00000, 0x00000000ec880000, 0x0000000100000000)
  eden space 23040K, 100% used [0x00000000eab00000,0x00000000ec180000,0x00000000ec180000)
  from space 1536K, 73% used [0x00000000ec700000,0x00000000ec81b890,0x00000000ec880000)
  to   space 1536K, 0% used [0x00000000ec580000,0x00000000ec580000,0x00000000ec700000)
 ParOldGen       total 68608K, used 15134K [0x00000000c0000000, 0x00000000c4300000, 0x00000000eab00000)
  object space 68608K, 22% used [0x00000000c0000000,0x00000000c0ec7bc8,0x00000000c4300000)
 Metaspace       used 30972K, committed 32000K, reserved 1114112K
  class space    used 2981K, committed 3456K, reserved 1048576K
}
Event: 5.412 GC heap after
{Heap after GC invocations=12 (full 1):
 PSYoungGen      total 24064K, used 1532K [0x00000000eab00000, 0x00000000ec780000, 0x0000000100000000)
  eden space 22528K, 0% used [0x00000000eab00000,0x00000000eab00000,0x00000000ec100000)
  from space 1536K, 99% used [0x00000000ec580000,0x00000000ec6ff3b8,0x00000000ec700000)
  to   space 512K, 0% used [0x00000000ec700000,0x00000000ec700000,0x00000000ec780000)
 ParOldGen       total 68608K, used 16335K [0x00000000c0000000, 0x00000000c4300000, 0x00000000eab00000)
  object space 68608K, 23% used [0x00000000c0000000,0x00000000c0ff3f30,0x00000000c4300000)
 Metaspace       used 30972K, committed 32000K, reserved 1114112K
  class space    used 2981K, committed 3456K, reserved 1048576K
}
Event: 5.618 GC heap before
{Heap before GC invocations=13 (full 1):
 PSYoungGen      total 24064K, used 24060K [0x00000000eab00000, 0x00000000ec780000, 0x0000000100000000)
  eden space 22528K, 100% used [0x00000000eab00000,0x00000000ec100000,0x00000000ec100000)
  from space 1536K, 99% used [0x00000000ec580000,0x00000000ec6ff3b8,0x00000000ec700000)
  to   space 512K, 0% used [0x00000000ec700000,0x00000000ec700000,0x00000000ec780000)
 ParOldGen       total 68608K, used 16335K [0x00000000c0000000, 0x00000000c4300000, 0x00000000eab00000)
  object space 68608K, 23% used [0x00000000c0000000,0x00000000c0ff3f30,0x00000000c4300000)
 Metaspace       used 33840K, committed 35008K, reserved 1114112K
  class space    used 3331K, committed 3840K, reserved 1048576K
}
Event: 5.620 GC heap after
{Heap after GC invocations=13 (full 1):
 PSYoungGen      total 22528K, used 505K [0x00000000eab00000, 0x00000000ec880000, 0x0000000100000000)
  eden space 22016K, 0% used [0x00000000eab00000,0x00000000eab00000,0x00000000ec080000)
  from space 512K, 98% used [0x00000000ec700000,0x00000000ec77e5b8,0x00000000ec780000)
  to   space 4096K, 0% used [0x00000000ec080000,0x00000000ec080000,0x00000000ec480000)
 ParOldGen       total 68608K, used 19418K [0x00000000c0000000, 0x00000000c4300000, 0x00000000eab00000)
  object space 68608K, 28% used [0x00000000c0000000,0x00000000c12f6808,0x00000000c4300000)
 Metaspace       used 33840K, committed 35008K, reserved 1114112K
  class space    used 3331K, committed 3840K, reserved 1048576K
}
Event: 5.684 GC heap before
{Heap before GC invocations=14 (full 1):
 PSYoungGen      total 22528K, used 9785K [0x00000000eab00000, 0x00000000ec880000, 0x0000000100000000)
  eden space 22016K, 42% used [0x00000000eab00000,0x00000000eb4101a0,0x00000000ec080000)
  from space 512K, 98% used [0x00000000ec700000,0x00000000ec77e5b8,0x00000000ec780000)
  to   space 4096K, 0% used [0x00000000ec080000,0x00000000ec080000,0x00000000ec480000)
 ParOldGen       total 68608K, used 19418K [0x00000000c0000000, 0x00000000c4300000, 0x00000000eab00000)
  object space 68608K, 28% used [0x00000000c0000000,0x00000000c12f6808,0x00000000c4300000)
 Metaspace       used 34749K, committed 35840K, reserved 1114112K
  class space    used 3464K, committed 3968K, reserved 1048576K
}
Event: 5.685 GC heap after
{Heap after GC invocations=14 (full 1):
 PSYoungGen      total 26112K, used 640K [0x00000000eab00000, 0x00000000ec780000, 0x0000000100000000)
  eden space 22016K, 0% used [0x00000000eab00000,0x00000000eab00000,0x00000000ec080000)
  from space 4096K, 15% used [0x00000000ec080000,0x00000000ec120000,0x00000000ec480000)
  to   space 2048K, 0% used [0x00000000ec580000,0x00000000ec580000,0x00000000ec780000)
 ParOldGen       total 68608K, used 19933K [0x00000000c0000000, 0x00000000c4300000, 0x00000000eab00000)
  object space 68608K, 29% used [0x00000000c0000000,0x00000000c1377668,0x00000000c4300000)
 Metaspace       used 34749K, committed 35840K, reserved 1114112K
  class space    used 3464K, committed 3968K, reserved 1048576K
}
Event: 5.685 GC heap before
{Heap before GC invocations=15 (full 2):
 PSYoungGen      total 26112K, used 640K [0x00000000eab00000, 0x00000000ec780000, 0x0000000100000000)
  eden space 22016K, 0% used [0x00000000eab00000,0x00000000eab00000,0x00000000ec080000)
  from space 4096K, 15% used [0x00000000ec080000,0x00000000ec120000,0x00000000ec480000)
  to   space 2048K, 0% used [0x00000000ec580000,0x00000000ec580000,0x00000000ec780000)
 ParOldGen       total 68608K, used 19933K [0x00000000c0000000, 0x00000000c4300000, 0x00000000eab00000)
  object space 68608K, 29% used [0x00000000c0000000,0x00000000c1377668,0x00000000c4300000)
 Metaspace       used 34749K, committed 35840K, reserved 1114112K
  class space    used 3464K, committed 3968K, reserved 1048576K
}
Event: 5.716 GC heap after
{Heap after GC invocations=15 (full 2):
 PSYoungGen      total 26112K, used 0K [0x00000000eab00000, 0x00000000ec780000, 0x0000000100000000)
  eden space 22016K, 0% used [0x00000000eab00000,0x00000000eab00000,0x00000000ec080000)
  from space 4096K, 0% used [0x00000000ec080000,0x00000000ec080000,0x00000000ec480000)
  to   space 2048K, 0% used [0x00000000ec580000,0x00000000ec580000,0x00000000ec780000)
 ParOldGen       total 68608K, used 19425K [0x00000000c0000000, 0x00000000c4300000, 0x00000000eab00000)
  object space 68608K, 28% used [0x00000000c0000000,0x00000000c12f8698,0x00000000c4300000)
 Metaspace       used 34749K, committed 35840K, reserved 1114112K
  class space    used 3464K, committed 3968K, reserved 1048576K
}

Dll operation events (10 events):
Event: 0.048 Loaded shared library c:\Users\dactu\.vscode\extensions\redhat.java-1.39.0-win32-x64\jre\21.0.5-win32-x86_64\bin\java.dll
Event: 0.136 Loaded shared library c:\Users\dactu\.vscode\extensions\redhat.java-1.39.0-win32-x64\jre\21.0.5-win32-x86_64\bin\zip.dll
Event: 0.207 Loaded shared library C:\Users\dactu\.vscode\extensions\redhat.java-1.39.0-win32-x64\jre\21.0.5-win32-x86_64\bin\instrument.dll
Event: 0.212 Loaded shared library C:\Users\dactu\.vscode\extensions\redhat.java-1.39.0-win32-x64\jre\21.0.5-win32-x86_64\bin\net.dll
Event: 0.215 Loaded shared library C:\Users\dactu\.vscode\extensions\redhat.java-1.39.0-win32-x64\jre\21.0.5-win32-x86_64\bin\nio.dll
Event: 0.218 Loaded shared library C:\Users\dactu\.vscode\extensions\redhat.java-1.39.0-win32-x64\jre\21.0.5-win32-x86_64\bin\zip.dll
Event: 0.241 Loaded shared library C:\Users\dactu\.vscode\extensions\redhat.java-1.39.0-win32-x64\jre\21.0.5-win32-x86_64\bin\jimage.dll
Event: 0.321 Loaded shared library c:\Users\dactu\.vscode\extensions\redhat.java-1.39.0-win32-x64\jre\21.0.5-win32-x86_64\bin\verify.dll
Event: 1.350 Loaded shared library C:\Users\dactu\AppData\Roaming\Code\User\globalStorage\redhat.java\1.39.0\config_win\org.eclipse.equinox.launcher\org.eclipse.equinox.launcher.win32.win32.x86_64_1.2.1100.v20240722-2106\eclipse_11904.dll
Event: 3.973 Loaded shared library C:\Users\dactu\AppData\Local\Temp\jna-95340679\jna11881740735654623371.dll

Deoptimization events (20 events):
Event: 5.730 Thread 0x0000022433ea8ce0 DEOPT PACKING pc=0x000002243edbdd48 sp=0x0000009ea3ffe1b0
Event: 5.731 Thread 0x0000022433ea8ce0 DEOPT UNPACKING pc=0x000002243e836da2 sp=0x0000009ea3ffe130 mode 2
Event: 5.731 Thread 0x0000022433ea8ce0 Uncommon trap: trap_request=0xffffff3d fr.pc=0x000002243ee39388 relative=0x0000000000000068
Event: 5.731 Thread 0x0000022433ea8ce0 Uncommon trap: reason=unstable_fused_if action=reinterpret pc=0x000002243ee39388 method=java.lang.CharacterDataLatin1.equalsIgnoreCase(BB)Z @ 16 c2
Event: 5.731 Thread 0x0000022433ea8ce0 DEOPT PACKING pc=0x000002243ee39388 sp=0x0000009ea3ffe320
Event: 5.731 Thread 0x0000022433ea8ce0 DEOPT UNPACKING pc=0x000002243e836da2 sp=0x0000009ea3ffe2a0 mode 2
Event: 5.741 Thread 0x000002249251b440 Uncommon trap: trap_request=0xffffff45 fr.pc=0x000002243eff5084 relative=0x00000000000001c4
Event: 5.741 Thread 0x000002249251b440 Uncommon trap: reason=unstable_if action=reinterpret pc=0x000002243eff5084 method=com.google.gson.stream.JsonReader.doPeek()I @ 697 c2
Event: 5.741 Thread 0x000002249251b440 DEOPT PACKING pc=0x000002243eff5084 sp=0x0000009ea73fefa0
Event: 5.741 Thread 0x000002249251b440 DEOPT UNPACKING pc=0x000002243e836da2 sp=0x0000009ea73fef20 mode 2
Event: 5.750 Thread 0x000002249251b440 Uncommon trap: trap_request=0xffffff45 fr.pc=0x000002243eff28d8 relative=0x0000000000001398
Event: 5.750 Thread 0x000002249251b440 Uncommon trap: reason=unstable_if action=reinterpret pc=0x000002243eff28d8 method=com.google.gson.stream.JsonReader.nextQuotedValue(C)Ljava/lang/String; @ 120 c2
Event: 5.750 Thread 0x000002249251b440 DEOPT PACKING pc=0x000002243eff28d8 sp=0x0000009ea73fe930
Event: 5.750 Thread 0x000002249251b440 DEOPT UNPACKING pc=0x000002243e836da2 sp=0x0000009ea73fe928 mode 2
Event: 6.821 Thread 0x0000022491403d80 DEOPT PACKING pc=0x0000022437cbff9f sp=0x0000009ea60fdff0
Event: 6.821 Thread 0x0000022491403d80 DEOPT UNPACKING pc=0x000002243e8378e2 sp=0x0000009ea60fd4c8 mode 0
Event: 6.825 Thread 0x000002249251b440 Uncommon trap: trap_request=0xffffff45 fr.pc=0x000002243edf9a40 relative=0x00000000000000a0
Event: 6.825 Thread 0x000002249251b440 Uncommon trap: reason=unstable_if action=reinterpret pc=0x000002243edf9a40 method=com.google.gson.stream.JsonReader.peek()Lcom/google/gson/stream/JsonToken; @ 15 c2
Event: 6.825 Thread 0x000002249251b440 DEOPT PACKING pc=0x000002243edf9a40 sp=0x0000009ea73fe710
Event: 6.825 Thread 0x000002249251b440 DEOPT UNPACKING pc=0x000002243e836da2 sp=0x0000009ea73fe698 mode 2

Classes loaded (20 events):
Event: 5.790 Loading class sun/reflect/annotation/TypeAnnotation
Event: 5.791 Loading class sun/reflect/annotation/TypeAnnotation done
Event: 5.791 Loading class sun/reflect/annotation/TypeAnnotation$TypeAnnotationTarget
Event: 5.791 Loading class sun/reflect/annotation/TypeAnnotation$TypeAnnotationTarget done
Event: 5.791 Loading class sun/reflect/annotation/TypeAnnotation$LocationInfo
Event: 5.791 Loading class sun/reflect/annotation/TypeAnnotation$LocationInfo done
Event: 5.791 Loading class sun/reflect/annotation/TypeAnnotation$LocationInfo$Location
Event: 5.791 Loading class sun/reflect/annotation/TypeAnnotation$LocationInfo$Location done
Event: 5.791 Loading class sun/reflect/annotation/AnnotatedTypeFactory
Event: 5.791 Loading class sun/reflect/annotation/AnnotatedTypeFactory done
Event: 5.791 Loading class sun/reflect/annotation/AnnotatedTypeFactory$AnnotatedTypeBaseImpl
Event: 5.791 Loading class sun/reflect/annotation/AnnotatedTypeFactory$AnnotatedTypeBaseImpl done
Event: 5.791 Loading class java/util/stream/Streams$ConcatSpliterator$OfRef
Event: 5.791 Loading class java/util/stream/Streams$ConcatSpliterator
Event: 5.792 Loading class java/util/stream/Streams$ConcatSpliterator done
Event: 5.792 Loading class java/util/stream/Streams$ConcatSpliterator$OfRef done
Event: 5.792 Loading class java/util/stream/Streams$2
Event: 5.792 Loading class java/util/stream/Streams$2 done
Event: 6.830 Loading class java/io/UTFDataFormatException
Event: 6.830 Loading class java/io/UTFDataFormatException done

Classes unloaded (7 events):
Event: 4.545 Thread 0x0000022448be4810 Unloading class 0x000002244a19c800 'java/lang/invoke/LambdaForm$MH+0x000002244a19c800'
Event: 4.545 Thread 0x0000022448be4810 Unloading class 0x000002244a19c400 'java/lang/invoke/LambdaForm$MH+0x000002244a19c400'
Event: 4.545 Thread 0x0000022448be4810 Unloading class 0x000002244a19c000 'java/lang/invoke/LambdaForm$MH+0x000002244a19c000'
Event: 4.545 Thread 0x0000022448be4810 Unloading class 0x000002244a19bc00 'java/lang/invoke/LambdaForm$MH+0x000002244a19bc00'
Event: 4.545 Thread 0x0000022448be4810 Unloading class 0x000002244a19b800 'java/lang/invoke/LambdaForm$BMH+0x000002244a19b800'
Event: 4.545 Thread 0x0000022448be4810 Unloading class 0x000002244a19b400 'java/lang/invoke/LambdaForm$DMH+0x000002244a19b400'
Event: 4.545 Thread 0x0000022448be4810 Unloading class 0x000002244a19a400 'java/lang/invoke/LambdaForm$DMH+0x000002244a19a400'

Classes redefined (0 events):
No events

Internal exceptions (20 events):
Event: 5.371 Thread 0x0000022491403d80 Exception <a 'sun/nio/fs/WindowsException'{0x00000000ebdfbdb0}> (0x00000000ebdfbdb0) 
thrown [s\src\hotspot\share\prims\jni.cpp, line 520]
Event: 5.372 Thread 0x0000022491403d80 Exception <a 'sun/nio/fs/WindowsException'{0x00000000ebdfc690}> (0x00000000ebdfc690) 
thrown [s\src\hotspot\share\prims\jni.cpp, line 520]
Event: 5.395 Thread 0x00000224903bb0f0 Exception <a 'java/io/FileNotFoundException'{0x00000000ebf6d250}> (0x00000000ebf6d250) 
thrown [s\src\hotspot\share\prims\jni.cpp, line 520]
Event: 5.415 Thread 0x00000224903bb0f0 Exception <a 'java/lang/UnsatisfiedLinkError'{0x00000000eab23cc0}: The specified procedure could not be found.
> (0x00000000eab23cc0) 
thrown [s\src\hotspot\share\prims\jni.cpp, line 539]
Event: 5.418 Thread 0x00000224903bb0f0 Exception <a 'java/io/FileNotFoundException'{0x00000000eab3a820}> (0x00000000eab3a820) 
thrown [s\src\hotspot\share\prims\jni.cpp, line 520]
Event: 5.433 Thread 0x00000224903bb0f0 Exception <a 'java/lang/UnsatisfiedLinkError'{0x00000000eac17268}: The specified procedure could not be found.
> (0x00000000eac17268) 
thrown [s\src\hotspot\share\prims\jni.cpp, line 539]
Event: 5.487 Thread 0x0000022433ea8ce0 Exception <a 'java/lang/NoSuchMethodError'{0x00000000eafd4c50}: 'java.lang.Object java.lang.invoke.DirectMethodHandle$Holder.invokeStatic(java.lang.Object, long, java.lang.Object)'> (0x00000000eafd4c50) 
thrown [s\src\hotspot\share\interpreter\linkResolver.cpp, line 773]
Event: 5.487 Thread 0x0000022433ea8ce0 Exception <a 'java/lang/NoSuchMethodError'{0x00000000eafec8e8}: 'java.lang.Object java.lang.invoke.DirectMethodHandle$Holder.invokeStaticInit(java.lang.Object, long, java.lang.Object)'> (0x00000000eafec8e8) 
thrown [s\src\hotspot\share\interpreter\linkResolver.cpp, line 773]
Event: 5.488 Thread 0x0000022433ea8ce0 Exception <a 'java/lang/NoSuchMethodError'{0x00000000eb0041b8}: 'java.lang.Object java.lang.invoke.DirectMethodHandle$Holder.newInvokeSpecial(java.lang.Object, long)'> (0x00000000eb0041b8) 
thrown [s\src\hotspot\share\interpreter\linkResolver.cpp, line 773]
Event: 5.512 Thread 0x00000224914036f0 Exception <a 'java/lang/NoSuchMethodError'{0x00000000eb46b5d0}: 'void java.lang.invoke.DirectMethodHandle$Holder.invokeStatic(java.lang.Object, java.lang.Object, java.lang.Object, java.lang.Object)'> (0x00000000eb46b5d0) 
thrown [s\src\hotspot\share\interpreter\linkResolver.cpp, line 773]
Event: 5.512 Thread 0x00000224914036f0 Exception <a 'java/lang/NoSuchMethodError'{0x00000000eb46e8c8}: 'void java.lang.invoke.DirectMethodHandle$Holder.invokeStaticInit(java.lang.Object, java.lang.Object, java.lang.Object, java.lang.Object)'> (0x00000000eb46e8c8) 
thrown [s\src\hotspot\share\interpreter\linkResolver.cpp, line 773]
Event: 5.525 Thread 0x00000224914064e0 Exception <a 'sun/nio/fs/WindowsException'{0x00000000eb549130}> (0x00000000eb549130) 
thrown [s\src\hotspot\share\prims\jni.cpp, line 520]
Event: 5.525 Thread 0x00000224914064e0 Exception <a 'sun/nio/fs/WindowsException'{0x00000000eb549760}> (0x00000000eb549760) 
thrown [s\src\hotspot\share\prims\jni.cpp, line 520]
Event: 5.628 Thread 0x000002249140a680 Exception <a 'java/lang/NoSuchMethodError'{0x00000000eac12e48}: 'java.lang.Object java.lang.invoke.DirectMethodHandle$Holder.invokeSpecialIFC(java.lang.Object, java.lang.Object, java.lang.Object, java.lang.Object)'> (0x00000000eac12e48) 
thrown [s\src\hotspot\share\interpreter\linkResolver.cpp, line 773]
Event: 5.673 Thread 0x0000022433ea8ce0 Exception <a 'java/lang/NoSuchMethodError'{0x00000000eb268970}: 'void java.lang.invoke.DirectMethodHandle$Holder.invokeSpecial(java.lang.Object, java.lang.Object, java.lang.Object, java.lang.Object, java.lang.Object, java.lang.Object)'> (0x00000000eb268970) 
thrown [s\src\hotspot\share\interpreter\linkResolver.cpp, line 773]
Event: 5.674 Thread 0x0000022433ea8ce0 Exception <a 'java/lang/IncompatibleClassChangeError'{0x00000000eb283380}: Found class java.lang.Object, but interface was expected> (0x00000000eb283380) 
thrown [s\src\hotspot\share\interpreter\linkResolver.cpp, line 840]
Event: 5.675 Thread 0x0000022433ea8ce0 Exception <a 'java/lang/IncompatibleClassChangeError'{0x00000000eb2851d0}: Found class java.lang.Object, but interface was expected> (0x00000000eb2851d0) 
thrown [s\src\hotspot\share\interpreter\linkResolver.cpp, line 840]
Event: 5.727 Thread 0x00000224914064e0 Exception <a 'java/io/FileNotFoundException'{0x00000000eac0fab0}> (0x00000000eac0fab0) 
thrown [s\src\hotspot\share\prims\jni.cpp, line 520]
Event: 5.812 Thread 0x000002249140a680 Exception <a 'java/lang/NoSuchMethodError'{0x00000000eb543400}: 'int java.lang.invoke.DirectMethodHandle$Holder.invokeStatic(java.lang.Object, java.lang.Object, java.lang.Object, java.lang.Object, java.lang.Object)'> (0x00000000eb543400) 
thrown [s\src\hotspot\share\interpreter\linkResolver.cpp, line 773]
Event: 5.829 Thread 0x00000224914064e0 Exception <a 'sun/nio/fs/WindowsException'{0x00000000eb621170}> (0x00000000eb621170) 
thrown [s\src\hotspot\share\prims\jni.cpp, line 520]

ZGC Phase Switch (0 events):
No events

VM Operations (20 events):
Event: 5.188 Executing VM operation: ParallelGCFailedAllocation (Allocation Failure) done
Event: 5.212 Executing VM operation: HandshakeAllThreads (Deoptimize)
Event: 5.212 Executing VM operation: HandshakeAllThreads (Deoptimize) done
Event: 5.287 Executing VM operation: HandshakeAllThreads (Deoptimize)
Event: 5.287 Executing VM operation: HandshakeAllThreads (Deoptimize) done
Event: 5.314 Executing VM operation: HandshakeAllThreads (Deoptimize)
Event: 5.314 Executing VM operation: HandshakeAllThreads (Deoptimize) done
Event: 5.318 Executing VM operation: HandshakeAllThreads (Deoptimize)
Event: 5.318 Executing VM operation: HandshakeAllThreads (Deoptimize) done
Event: 5.409 Executing VM operation: ParallelGCFailedAllocation (Allocation Failure)
Event: 5.412 Executing VM operation: ParallelGCFailedAllocation (Allocation Failure) done
Event: 5.573 Executing VM operation: HandshakeAllThreads (Deoptimize)
Event: 5.573 Executing VM operation: HandshakeAllThreads (Deoptimize) done
Event: 5.599 Executing VM operation: HandshakeAllThreads (Deoptimize)
Event: 5.599 Executing VM operation: HandshakeAllThreads (Deoptimize) done
Event: 5.618 Executing VM operation: ParallelGCFailedAllocation (Allocation Failure)
Event: 5.620 Executing VM operation: ParallelGCFailedAllocation (Allocation Failure) done
Event: 5.684 Executing VM operation: CollectForMetadataAllocation (Metadata GC Threshold)
Event: 5.716 Executing VM operation: CollectForMetadataAllocation (Metadata GC Threshold) done
Event: 7.716 Executing VM operation: Cleanup

Memory protections (0 events):
No events

Nmethod flushes (20 events):
Event: 5.700 Thread 0x0000022448be4810 flushing  nmethod 0x0000022437975a10
Event: 5.700 Thread 0x0000022448be4810 flushing  nmethod 0x0000022437977b10
Event: 5.700 Thread 0x0000022448be4810 flushing  nmethod 0x0000022437979510
Event: 5.700 Thread 0x0000022448be4810 flushing  nmethod 0x000002243797a010
Event: 5.700 Thread 0x0000022448be4810 flushing  nmethod 0x000002243797af90
Event: 5.700 Thread 0x0000022448be4810 flushing  nmethod 0x0000022437985610
Event: 5.700 Thread 0x0000022448be4810 flushing  nmethod 0x00000224379a9190
Event: 5.700 Thread 0x0000022448be4810 flushing  nmethod 0x00000224379aa990
Event: 5.700 Thread 0x0000022448be4810 flushing  nmethod 0x00000224379b8190
Event: 5.700 Thread 0x0000022448be4810 flushing  nmethod 0x00000224379ca210
Event: 5.700 Thread 0x0000022448be4810 flushing  nmethod 0x00000224379ca710
Event: 5.700 Thread 0x0000022448be4810 flushing  nmethod 0x00000224379cab10
Event: 5.700 Thread 0x0000022448be4810 flushing  nmethod 0x0000022437a04790
Event: 5.700 Thread 0x0000022448be4810 flushing  nmethod 0x0000022437a64a10
Event: 5.700 Thread 0x0000022448be4810 flushing  nmethod 0x0000022437a64e90
Event: 5.700 Thread 0x0000022448be4810 flushing  nmethod 0x0000022437a66e10
Event: 5.700 Thread 0x0000022448be4810 flushing  nmethod 0x0000022437a67c10
Event: 5.700 Thread 0x0000022448be4810 flushing  nmethod 0x0000022437a69010
Event: 5.700 Thread 0x0000022448be4810 flushing  nmethod 0x0000022437a6a110
Event: 5.700 Thread 0x0000022448be4810 flushing  nmethod 0x0000022437a8b990

Events (20 events):
Event: 4.061 Thread 0x00000224903bb0f0 Thread added: 0x0000022491403060
Event: 4.173 Thread 0x000002248b7812b0 Thread added: 0x0000022491464a00
Event: 4.312 Thread 0x0000022491403060 Thread added: 0x0000022491403d80
Event: 4.636 Thread 0x000002248b7812b0 Thread added: 0x000002249109c8f0
Event: 5.186 Thread 0x00000224903bb0f0 Thread added: 0x0000022491407890
Event: 5.355 Thread 0x00000224914036f0 Thread added: 0x00000224914064e0
Event: 5.479 Thread 0x00000224914036f0 Thread added: 0x0000022491407200
Event: 5.496 Thread 0x0000022433ea8ce0 Thread added: 0x0000022491405130
Event: 5.496 Thread 0x0000022433ea8ce0 Thread added: 0x00000224914057c0
Event: 5.496 Thread 0x0000022433ea8ce0 Thread added: 0x0000022491405e50
Event: 5.496 Thread 0x0000022433ea8ce0 Thread added: 0x0000022491407f20
Event: 5.496 Thread 0x0000022433ea8ce0 Thread added: 0x0000022491406b70
Event: 5.497 Thread 0x0000022433ea8ce0 Thread added: 0x0000022491404aa0
Event: 5.497 Thread 0x0000022433ea8ce0 Thread added: 0x00000224914085b0
Event: 5.497 Thread 0x0000022433ea8ce0 Thread added: 0x0000022491409960
Event: 5.497 Thread 0x0000022433ea8ce0 Thread added: 0x0000022491408c40
Event: 5.500 Thread 0x0000022491407200 Thread added: 0x000002249140a680
Event: 5.518 Thread 0x0000022433ea8ce0 Thread added: 0x00000224914092d0
Event: 5.728 Thread 0x0000022433ea8ce0 Thread added: 0x0000022491409ff0
Event: 5.728 Thread 0x0000022433ea8ce0 Thread added: 0x000002249251b440


Dynamic libraries:
0x00007ff72f090000 - 0x00007ff72f09e000 	c:\Users\dactu\.vscode\extensions\redhat.java-1.39.0-win32-x64\jre\21.0.5-win32-x86_64\bin\java.exe
0x00007ffc24480000 - 0x00007ffc246e3000 	C:\WINDOWS\SYSTEM32\ntdll.dll
0x00007ffc23750000 - 0x00007ffc23817000 	C:\WINDOWS\System32\KERNEL32.DLL
0x00007ffc21a30000 - 0x00007ffc21df7000 	C:\WINDOWS\System32\KERNELBASE.dll
0x00007ffc1bc00000 - 0x00007ffc1bc9c000 	C:\WINDOWS\SYSTEM32\apphelp.dll
0x00007ffc218e0000 - 0x00007ffc21a2c000 	C:\WINDOWS\System32\ucrtbase.dll
0x00007ffc083e0000 - 0x00007ffc083fe000 	c:\Users\dactu\.vscode\extensions\redhat.java-1.39.0-win32-x64\jre\21.0.5-win32-x86_64\bin\VCRUNTIME140.dll
0x00007ffbfdbf0000 - 0x00007ffbfdc08000 	c:\Users\dactu\.vscode\extensions\redhat.java-1.39.0-win32-x64\jre\21.0.5-win32-x86_64\bin\jli.dll
0x00007ffc233b0000 - 0x00007ffc23579000 	C:\WINDOWS\System32\USER32.dll
0x00007ffc21e00000 - 0x00007ffc21e27000 	C:\WINDOWS\System32\win32u.dll
0x00007ffc23380000 - 0x00007ffc233aa000 	C:\WINDOWS\System32\GDI32.dll
0x00007ffc22060000 - 0x00007ffc2218b000 	C:\WINDOWS\System32\gdi32full.dll
0x00007ffc21e30000 - 0x00007ffc21ed3000 	C:\WINDOWS\System32\msvcp_win.dll
0x00007ffc08620000 - 0x00007ffc088b0000 	C:\WINDOWS\WinSxS\amd64_microsoft.windows.common-controls_6595b64144ccf1df_6.0.26100.3037_none_3e09262ce333c378\COMCTL32.dll
0x00007ffc23f00000 - 0x00007ffc23fa9000 	C:\WINDOWS\System32\msvcrt.dll
0x00007ffc23b80000 - 0x00007ffc23baf000 	C:\WINDOWS\System32\IMM32.DLL
0x00007ffbfece0000 - 0x00007ffbfedcb000 	C:\Program Files\Windhawk\Engine\1.5.1\64\windhawk.dll
0x00007ffc23580000 - 0x00007ffc23634000 	C:\WINDOWS\System32\ADVAPI32.dll
0x00007ffc23130000 - 0x00007ffc231d6000 	C:\WINDOWS\System32\sechost.dll
0x00007ffc222c0000 - 0x00007ffc223d6000 	C:\WINDOWS\System32\RPCRT4.dll
0x00007ffc18bf0000 - 0x00007ffc18d0e000 	C:\WINDOWS\SYSTEM32\WINHTTP.dll
0x00007ffc024c0000 - 0x00007ffc024dd000 	C:\ProgramData\Windhawk\Engine\Mods\64\modernize-folder-picker-dialog_1.0.0_118726.dll
0x00007ffc231e0000 - 0x00007ffc23375000 	C:\WINDOWS\System32\ole32.dll
0x00007ffc23fb0000 - 0x00007ffc2432e000 	C:\WINDOWS\System32\combase.dll
0x00007ffc22990000 - 0x00007ffc23094000 	C:\WINDOWS\System32\SHELL32.dll
0x00007ffbfeac0000 - 0x00007ffbfec52000 	C:\ProgramData\Windhawk\Engine\Mods\64\libc++.dll
0x00007ffc01040000 - 0x00007ffc0107a000 	C:\ProgramData\Windhawk\Engine\Mods\64\libunwind.dll
0x00007ffc1b890000 - 0x00007ffc1b89c000 	c:\Users\dactu\.vscode\extensions\redhat.java-1.39.0-win32-x64\jre\21.0.5-win32-x86_64\bin\vcruntime140_1.dll
0x00007ffbcbb70000 - 0x00007ffbcbbfd000 	c:\Users\dactu\.vscode\extensions\redhat.java-1.39.0-win32-x64\jre\21.0.5-win32-x86_64\bin\msvcp140.dll
0x00007ffbad4e0000 - 0x00007ffbae26f000 	c:\Users\dactu\.vscode\extensions\redhat.java-1.39.0-win32-x64\jre\21.0.5-win32-x86_64\bin\server\jvm.dll
0x00007ffc23e20000 - 0x00007ffc23e94000 	C:\WINDOWS\System32\WS2_32.dll
0x00007ffc204e0000 - 0x00007ffc2052e000 	C:\WINDOWS\SYSTEM32\POWRPROF.dll
0x00007ffc15140000 - 0x00007ffc15176000 	C:\WINDOWS\SYSTEM32\WINMM.dll
0x00007ffc189e0000 - 0x00007ffc189eb000 	C:\WINDOWS\SYSTEM32\VERSION.dll
0x00007ffc204c0000 - 0x00007ffc204d4000 	C:\WINDOWS\SYSTEM32\UMPDC.dll
0x00007ffc20760000 - 0x00007ffc2077a000 	C:\WINDOWS\SYSTEM32\kernel.appcore.dll
0x00007ffc03d70000 - 0x00007ffc03d7a000 	c:\Users\dactu\.vscode\extensions\redhat.java-1.39.0-win32-x64\jre\21.0.5-win32-x86_64\bin\jimage.dll
0x00007ffc1f080000 - 0x00007ffc1f2c1000 	C:\WINDOWS\SYSTEM32\DBGHELP.DLL
0x00007ffc23880000 - 0x00007ffc23956000 	C:\WINDOWS\System32\OLEAUT32.dll
0x00007ffbb73c0000 - 0x00007ffbb73f9000 	C:\WINDOWS\SYSTEM32\dbgcore.DLL
0x00007ffc22190000 - 0x00007ffc22229000 	C:\WINDOWS\System32\bcryptPrimitives.dll
0x00007ffc026b0000 - 0x00007ffc026bf000 	c:\Users\dactu\.vscode\extensions\redhat.java-1.39.0-win32-x64\jre\21.0.5-win32-x86_64\bin\instrument.dll
0x00007ffbf1ed0000 - 0x00007ffbf1eef000 	c:\Users\dactu\.vscode\extensions\redhat.java-1.39.0-win32-x64\jre\21.0.5-win32-x86_64\bin\java.dll
0x00007ffc1f530000 - 0x00007ffc1fd67000 	C:\WINDOWS\SYSTEM32\windows.storage.dll
0x00007ffc24340000 - 0x00007ffc24429000 	C:\WINDOWS\System32\SHCORE.dll
0x00007ffc236f0000 - 0x00007ffc2374d000 	C:\WINDOWS\System32\shlwapi.dll
0x00007ffc21730000 - 0x00007ffc2175e000 	C:\WINDOWS\SYSTEM32\profapi.dll
0x00007ffbf1eb0000 - 0x00007ffbf1ec8000 	c:\Users\dactu\.vscode\extensions\redhat.java-1.39.0-win32-x64\jre\21.0.5-win32-x86_64\bin\zip.dll
0x00007ffc01a70000 - 0x00007ffc01a80000 	C:\Users\dactu\.vscode\extensions\redhat.java-1.39.0-win32-x64\jre\21.0.5-win32-x86_64\bin\net.dll
0x00007ffc20c70000 - 0x00007ffc20cda000 	C:\WINDOWS\system32\mswsock.dll
0x00007ffbf1e90000 - 0x00007ffbf1ea6000 	C:\Users\dactu\.vscode\extensions\redhat.java-1.39.0-win32-x64\jre\21.0.5-win32-x86_64\bin\nio.dll
0x00007ffbfdda0000 - 0x00007ffbfddb0000 	c:\Users\dactu\.vscode\extensions\redhat.java-1.39.0-win32-x64\jre\21.0.5-win32-x86_64\bin\verify.dll
0x00007ffc078c0000 - 0x00007ffc07905000 	C:\Users\dactu\AppData\Roaming\Code\User\globalStorage\redhat.java\1.39.0\config_win\org.eclipse.equinox.launcher\org.eclipse.equinox.launcher.win32.win32.x86_64_1.2.1100.v20240722-2106\eclipse_11904.dll
0x00007ffc20f10000 - 0x00007ffc20f2c000 	C:\WINDOWS\SYSTEM32\CRYPTSP.dll
0x00007ffc206c0000 - 0x00007ffc206f8000 	C:\WINDOWS\system32\rsaenh.dll
0x00007ffc20d10000 - 0x00007ffc20d3b000 	C:\WINDOWS\SYSTEM32\USERENV.dll
0x00007ffc21150000 - 0x00007ffc21176000 	C:\WINDOWS\SYSTEM32\bcrypt.dll
0x00007ffc20f30000 - 0x00007ffc20f3c000 	C:\WINDOWS\SYSTEM32\CRYPTBASE.dll
0x00007ffc20140000 - 0x00007ffc20172000 	C:\WINDOWS\SYSTEM32\IPHLPAPI.DLL
0x00007ffc22970000 - 0x00007ffc2297a000 	C:\WINDOWS\System32\NSI.dll
0x00007ffc07870000 - 0x00007ffc078b9000 	C:\Users\dactu\AppData\Local\Temp\jna-95340679\jna11881740735654623371.dll
0x00007ffc23ef0000 - 0x00007ffc23ef8000 	C:\WINDOWS\System32\PSAPI.DLL
0x00007ffc19330000 - 0x00007ffc1934f000 	C:\WINDOWS\SYSTEM32\dhcpcsvc6.DLL
0x00007ffc19290000 - 0x00007ffc192b5000 	C:\WINDOWS\SYSTEM32\dhcpcsvc.DLL

dbghelp: loaded successfully - version: 4.0.5 - missing functions: none
symbol engine: initialized successfully - sym options: 0x614 - pdb path: .;c:\Users\dactu\.vscode\extensions\redhat.java-1.39.0-win32-x64\jre\21.0.5-win32-x86_64\bin;C:\WINDOWS\SYSTEM32;C:\WINDOWS\WinSxS\amd64_microsoft.windows.common-controls_6595b64144ccf1df_6.0.26100.3037_none_3e09262ce333c378;C:\Program Files\Windhawk\Engine\1.5.1\64;C:\ProgramData\Windhawk\Engine\Mods\64;c:\Users\dactu\.vscode\extensions\redhat.java-1.39.0-win32-x64\jre\21.0.5-win32-x86_64\bin\server;C:\Users\dactu\AppData\Roaming\Code\User\globalStorage\redhat.java\1.39.0\config_win\org.eclipse.equinox.launcher\org.eclipse.equinox.launcher.win32.win32.x86_64_1.2.1100.v20240722-2106;C:\Users\dactu\AppData\Local\Temp\jna-95340679

VM Arguments:
jvm_args: --add-modules=ALL-SYSTEM --add-opens=java.base/java.util=ALL-UNNAMED --add-opens=java.base/java.lang=ALL-UNNAMED --add-opens=java.base/sun.nio.fs=ALL-UNNAMED -Declipse.application=org.eclipse.jdt.ls.core.id1 -Dosgi.bundles.defaultStartLevel=4 -Declipse.product=org.eclipse.jdt.ls.core.product -Djava.import.generatesMetadataFilesAtProjectRoot=false -DDetectVMInstallationsJob.disabled=true -Dfile.encoding=utf8 -XX:+UseParallelGC -XX:GCTimeRatio=4 -XX:AdaptiveSizePolicyWeight=90 -Dsun.zip.disableMemoryMapping=true -Xmx1G -Xms100m -Xlog:disable -javaagent:c:\Users\dactu\.vscode\extensions\redhat.java-1.39.0-win32-x64\lombok\lombok-1.18.34.jar -XX:+HeapDumpOnOutOfMemoryError -XX:HeapDumpPath=c:\Users\dactu\AppData\Roaming\Code\User\workspaceStorage\9217f2b1335fecc31439a6670a3411e0\redhat.java -Daether.dependencyCollector.impl=bf 
java_command: c:\Users\dactu\.vscode\extensions\redhat.java-1.39.0-win32-x64\server\plugins\org.eclipse.equinox.launcher_1.6.900.v20240613-2009.jar -configuration c:\Users\dactu\AppData\Roaming\Code\User\globalStorage\redhat.java\1.39.0\config_win -data c:\Users\dactu\AppData\Roaming\Code\User\workspaceStorage\9217f2b1335fecc31439a6670a3411e0\redhat.java\jdt_ws --pipe=\\.\pipe\lsp-9090212f2f19785ec4b9dd8d8e172510-sock
java_class_path (initial): c:\Users\dactu\.vscode\extensions\redhat.java-1.39.0-win32-x64\server\plugins\org.eclipse.equinox.launcher_1.6.900.v20240613-2009.jar
Launcher Type: SUN_STANDARD

[Global flags]
    uintx AdaptiveSizePolicyWeight                 = 90                                        {product} {command line}
     intx CICompilerCount                          = 4                                         {product} {ergonomic}
    uintx GCTimeRatio                              = 4                                         {product} {command line}
     bool HeapDumpOnOutOfMemoryError               = true                                   {manageable} {command line}
    ccstr HeapDumpPath                             = c:\Users\dactu\AppData\Roaming\Code\User\workspaceStorage\9217f2b1335fecc31439a6670a3411e0\redhat.java         {manageable} {command line}
   size_t InitialHeapSize                          = 104857600                                 {product} {command line}
   size_t MaxHeapSize                              = 1073741824                                {product} {command line}
   size_t MaxNewSize                               = 357564416                                 {product} {ergonomic}
   size_t MinHeapDeltaBytes                        = 524288                                    {product} {ergonomic}
   size_t MinHeapSize                              = 104857600                                 {product} {command line}
   size_t NewSize                                  = 34603008                                  {product} {ergonomic}
    uintx NonNMethodCodeHeapSize                   = 5839372                                {pd product} {ergonomic}
    uintx NonProfiledCodeHeapSize                  = 122909434                              {pd product} {ergonomic}
   size_t OldSize                                  = 70254592                                  {product} {ergonomic}
    uintx ProfiledCodeHeapSize                     = 122909434                              {pd product} {ergonomic}
    uintx ReservedCodeCacheSize                    = 251658240                              {pd product} {ergonomic}
     bool SegmentedCodeCache                       = true                                      {product} {ergonomic}
   size_t SoftMaxHeapSize                          = 1073741824                             {manageable} {ergonomic}
     bool UseCompressedOops                        = true                           {product lp64_product} {ergonomic}
     bool UseLargePagesIndividualAllocation        = false                                  {pd product} {ergonomic}
     bool UseParallelGC                            = true                                      {product} {command line}

Logging:
Log output configuration:
 #0: stdout all=off uptime,level,tags foldmultilines=false
 #1: stderr all=off uptime,level,tags foldmultilines=false

Environment Variables:
JAVA_HOME=C:\Program Files\Java\jdk-21\
PATH=C:\Program Files\Microsoft MPI\Bin\;C:\Program Files\Common Files\Oracle\Java\javapath;C:\Program Files (x86)\Common Files\Oracle\Java\java8path;C:\Program Files (x86)\Common Files\Oracle\Java\javapath;C:\Windows\system32;C:\Windows;C:\Windows\System32\Wbem;C:\Windows\System32\WindowsPowerShell\v1.0\;C:\Windows\System32\OpenSSH\;C:\Program Files\dotnet\;C:\Users\dactu\AppData\Local\Android\Sdk\platform-tools;C:\Users\dactu\.katalon\tools\android_sdk\platform-tools;C:\Users\dactu\.katalon\tools\android_sdk\tools;C:\Program Files\NVIDIA Corporation\NVIDIA App\NvDLISR;C:\Program Files (x86)\NVIDIA Corporation\PhysX\Common;C:\Program Files\apache-maven-3.9.6\bin;C:\Program Files\Microsoft SQL Server\150\Tools\Binn\;C:\Users\dactu\AppData\Roaming\nvm;C:\Program Files\nodejs;C:\Program Files (x86)\Microsoft SQL Server\160\Tools\Binn\;C:\Program Files\Microsoft SQL Server\160\Tools\Binn\;C:\Program Files\Microsoft SQL Server\Client SDK\ODBC\170\Tools\Binn\;C:\Program Files\Microsoft SQL Server\160\DTS\Binn\;C:\Program Files (x86)\Microsoft SQL Server\160\DTS\Binn\;C:\WINDOWS\system32;C:\WINDOWS;C:\WINDOWS\System32\Wbem;C:\WINDOWS\System32\WindowsPowerShell\v1.0\;C:\WINDOWS\System32\OpenSSH\;C:\Program Files\Git\cmd;C:\Program Files\Java\jdk-21\;C:\Users\dactu\AppData\Roaming\npm;C:\Program Files\Java\jdk-21\\bin;C:\Program Files\Google\Chrome\Application\;C:\Users\dactu\.cache\selenium\chromedriver\win64\133.0.6943.127;;C:\Program Files\Tesseract-OCR;;C:\Program Files\Git LFS;C:\Users\dactu\AppData\Local\Programs\Python\Python312\Scripts\;C:\Users\dactu\AppData\Local\Programs\Python\Python312\;C:\Users\dactu\AppData\Local\Programs\Python\Launcher\;C:\Users\dactu\AppData\Local\Microsoft\WindowsApps;C:\Users\dactu\AppData\Local\Programs\Microsoft VS Code\bin;C:\Users\dactu\.lmstudio\bin;C:\Users\dactu\.dotnet\tools
USERNAME=dactu
OS=Windows_NT
PROCESSOR_IDENTIFIER=Intel64 Family 6 Model 140 Stepping 1, GenuineIntel
TMP=C:\Users\dactu\AppData\Local\Temp
TEMP=C:\Users\dactu\AppData\Local\Temp




Periodic native trim disabled

---------------  S Y S T E M  ---------------

OS:
 Windows 11 , 64 bit Build 26100 (10.0.26100.3037)
OS uptime: 0 days 0:43 hours

CPU: total 8 (initial active 8) (4 cores per cpu, 2 threads per core) family 6 model 140 stepping 1 microcode 0x86, cx8, cmov, fxsr, ht, mmx, 3dnowpref, sse, sse2, sse3, ssse3, sse4.1, sse4.2, popcnt, lzcnt, tsc, tscinvbit, avx, avx2, aes, erms, clmul, bmi1, bmi2, adx, avx512f, avx512dq, avx512cd, avx512bw, avx512vl, sha, fma, vzeroupper, avx512_vpopcntdq, avx512_vpclmulqdq, avx512_vaes, avx512_vnni, clflush, clflushopt, clwb, avx512_vbmi2, avx512_vbmi, rdtscp, rdpid, fsrm, gfni, avx512_bitalg, f16c, pku, cet_ibt, cet_ss, avx512_ifma
Processor Information for all 8 processors :
  Max Mhz: 3110, Current Mhz: 3110, Mhz Limit: 3110

Memory: 4k page, system-wide physical 16073M (1714M free)
TotalPageFile size 16073M (AvailPageFile size 10M)
current process WorkingSet (physical memory assigned to process): 212M, peak: 214M
current process commit charge ("private bytes"): 298M, peak: 300M

vm_info: OpenJDK 64-Bit Server VM (21.0.5+11-LTS) for windows-amd64 JRE (21.0.5+11-LTS), built on 2024-10-15T00:00:00Z by "admin" with MS VC++ 17.7 (VS2022)

END.
